<?xml version="1.0" encoding="utf-8"?>
<coverage line-rate="0.6611" branch-rate="0.2419" version="1.9" timestamp="1712583609" lines-covered="1891" lines-valid="2860" branches-covered="15" branches-valid="62">
  <sources>
    <source>D:\CODING\Softuni\All Courses\WEB\CookTheWeek\</source>
    <source>C:\</source>
  </sources>
  <packages>
    <package name="CookTheWeek.Common" line-rate="0" branch-rate="1" complexity="2">
      <classes>
        <class name="CookTheWeek.Common.EntityValidationConstants/Recipe" filename="CookTheWeek.Common\EntityValidationConstants.cs" line-rate="0" branch-rate="1" complexity="1">
          <methods>
            <method name=".cctor" signature="()" line-rate="0" branch-rate="1" complexity="1">
              <lines>
                <line number="24" hits="0" branch="False" />
                <line number="25" hits="0" branch="False" />
                <line number="26" hits="0" branch="False" />
                <line number="27" hits="0" branch="False" />
                <line number="28" hits="0" branch="False" />
                <line number="29" hits="0" branch="False" />
                <line number="30" hits="0" branch="False" />
                <line number="31" hits="0" branch="False" />
                <line number="32" hits="0" branch="False" />
              </lines>
            </method>
          </methods>
          <lines>
            <line number="24" hits="0" branch="False" />
            <line number="25" hits="0" branch="False" />
            <line number="26" hits="0" branch="False" />
            <line number="27" hits="0" branch="False" />
            <line number="28" hits="0" branch="False" />
            <line number="29" hits="0" branch="False" />
            <line number="30" hits="0" branch="False" />
            <line number="31" hits="0" branch="False" />
            <line number="32" hits="0" branch="False" />
          </lines>
        </class>
        <class name="CookTheWeek.Common.GeneralApplicationConstants" filename="CookTheWeek.Common\GeneralApplicationConstants.cs" line-rate="0" branch-rate="1" complexity="1">
          <methods>
            <method name=".cctor" signature="()" line-rate="0" branch-rate="1" complexity="1">
              <lines>
                <line number="11" hits="0" branch="False" />
                <line number="12" hits="0" branch="False" />
                <line number="13" hits="0" branch="False" />
              </lines>
            </method>
          </methods>
          <lines>
            <line number="11" hits="0" branch="False" />
            <line number="12" hits="0" branch="False" />
            <line number="13" hits="0" branch="False" />
          </lines>
        </class>
      </classes>
    </package>
    <package name="CookTheWeek.Data" line-rate="0.9823999999999999" branch-rate="0.5" complexity="32">
      <classes>
        <class name="CookTheWeek.Data.CookTheWeekDbContext" filename="CookTheWeek.Data\CookTheWeekDbContext.cs" line-rate="1" branch-rate="0.5" complexity="13">
          <methods>
            <method name="get_IngredientCategories" signature="()" line-rate="1" branch-rate="1" complexity="1">
              <lines>
                <line number="18" hits="2" branch="False" />
              </lines>
            </method>
            <method name="get_Ingredients" signature="()" line-rate="1" branch-rate="1" complexity="1">
              <lines>
                <line number="20" hits="2" branch="False" />
              </lines>
            </method>
            <method name="get_RecipeCategories" signature="()" line-rate="1" branch-rate="1" complexity="1">
              <lines>
                <line number="22" hits="2" branch="False" />
              </lines>
            </method>
            <method name="get_Recipes" signature="()" line-rate="1" branch-rate="1" complexity="1">
              <lines>
                <line number="24" hits="2" branch="False" />
              </lines>
            </method>
            <method name="get_Measures" signature="()" line-rate="1" branch-rate="1" complexity="1">
              <lines>
                <line number="26" hits="2" branch="False" />
              </lines>
            </method>
            <method name="get_RecipesIngredients" signature="()" line-rate="1" branch-rate="1" complexity="1">
              <lines>
                <line number="28" hits="2" branch="False" />
              </lines>
            </method>
            <method name="get_Specifications" signature="()" line-rate="1" branch-rate="1" complexity="1">
              <lines>
                <line number="30" hits="2" branch="False" />
              </lines>
            </method>
            <method name="get_FavoriteRecipes" signature="()" line-rate="1" branch-rate="1" complexity="1">
              <lines>
                <line number="32" hits="2" branch="False" />
              </lines>
            </method>
            <method name="get_Meals" signature="()" line-rate="1" branch-rate="1" complexity="1">
              <lines>
                <line number="34" hits="2" branch="False" />
              </lines>
            </method>
            <method name="get_MealPlans" signature="()" line-rate="1" branch-rate="1" complexity="1">
              <lines>
                <line number="36" hits="2" branch="False" />
              </lines>
            </method>
            <method name="OnModelCreating" signature="(Microsoft.EntityFrameworkCore.ModelBuilder)" line-rate="1" branch-rate="0.5" complexity="2">
              <lines>
                <line number="39" hits="2" branch="False" />
                <line number="40" hits="2" branch="True" condition-coverage="50% (1/2)">
                  <conditions>
                    <condition number="17" type="jump" coverage="50%" />
                  </conditions>
                </line>
                <line number="41" hits="2" branch="False" />
                <line number="43" hits="2" branch="False" />
                <line number="45" hits="2" branch="False" />
                <line number="46" hits="2" branch="False" />
              </lines>
            </method>
            <method name=".ctor" signature="(Microsoft.EntityFrameworkCore.DbContextOptions`1&lt;CookTheWeek.Data.CookTheWeekDbContext&gt;)" line-rate="1" branch-rate="1" complexity="1">
              <lines>
                <line number="14" hits="1" branch="False" />
                <line number="15" hits="1" branch="False" />
                <line number="16" hits="1" branch="False" />
              </lines>
            </method>
          </methods>
          <lines>
            <line number="18" hits="2" branch="False" />
            <line number="20" hits="2" branch="False" />
            <line number="22" hits="2" branch="False" />
            <line number="24" hits="2" branch="False" />
            <line number="26" hits="2" branch="False" />
            <line number="28" hits="2" branch="False" />
            <line number="30" hits="2" branch="False" />
            <line number="32" hits="2" branch="False" />
            <line number="34" hits="2" branch="False" />
            <line number="36" hits="2" branch="False" />
            <line number="39" hits="2" branch="False" />
            <line number="40" hits="2" branch="True" condition-coverage="50% (1/2)">
              <conditions>
                <condition number="17" type="jump" coverage="50%" />
              </conditions>
            </line>
            <line number="41" hits="2" branch="False" />
            <line number="43" hits="2" branch="False" />
            <line number="45" hits="2" branch="False" />
            <line number="46" hits="2" branch="False" />
            <line number="14" hits="1" branch="False" />
            <line number="15" hits="1" branch="False" />
            <line number="16" hits="1" branch="False" />
          </lines>
        </class>
        <class name="CookTheWeek.Data.Configuration.ApplicationUserConfiguration" filename="CookTheWeek.Data\Configuration\ApplicationUserConfiguration.cs" line-rate="0.060599999999999994" branch-rate="1" complexity="2">
          <methods>
            <method name="Configure" signature="(Microsoft.EntityFrameworkCore.Metadata.Builders.EntityTypeBuilder`1&lt;CookTheWeek.Data.Models.ApplicationUser&gt;)" line-rate="1" branch-rate="1" complexity="1">
              <lines>
                <line number="14" hits="2" branch="False" />
                <line number="19" hits="2" branch="False" />
              </lines>
            </method>
            <method name="SeedUsers" signature="()" line-rate="0" branch-rate="1" complexity="1">
              <lines>
                <line number="22" hits="0" branch="False" />
                <line number="23" hits="0" branch="False" />
                <line number="25" hits="0" branch="False" />
                <line number="27" hits="0" branch="False" />
                <line number="28" hits="0" branch="False" />
                <line number="29" hits="0" branch="False" />
                <line number="30" hits="0" branch="False" />
                <line number="31" hits="0" branch="False" />
                <line number="32" hits="0" branch="False" />
                <line number="33" hits="0" branch="False" />
                <line number="34" hits="0" branch="False" />
                <line number="35" hits="0" branch="False" />
                <line number="36" hits="0" branch="False" />
                <line number="37" hits="0" branch="False" />
                <line number="39" hits="0" branch="False" />
                <line number="40" hits="0" branch="False" />
                <line number="42" hits="0" branch="False" />
                <line number="43" hits="0" branch="False" />
                <line number="44" hits="0" branch="False" />
                <line number="45" hits="0" branch="False" />
                <line number="46" hits="0" branch="False" />
                <line number="47" hits="0" branch="False" />
                <line number="48" hits="0" branch="False" />
                <line number="49" hits="0" branch="False" />
                <line number="50" hits="0" branch="False" />
                <line number="51" hits="0" branch="False" />
                <line number="52" hits="0" branch="False" />
                <line number="54" hits="0" branch="False" />
                <line number="55" hits="0" branch="False" />
                <line number="57" hits="0" branch="False" />
                <line number="58" hits="0" branch="False" />
              </lines>
            </method>
          </methods>
          <lines>
            <line number="14" hits="2" branch="False" />
            <line number="19" hits="2" branch="False" />
            <line number="22" hits="0" branch="False" />
            <line number="23" hits="0" branch="False" />
            <line number="25" hits="0" branch="False" />
            <line number="27" hits="0" branch="False" />
            <line number="28" hits="0" branch="False" />
            <line number="29" hits="0" branch="False" />
            <line number="30" hits="0" branch="False" />
            <line number="31" hits="0" branch="False" />
            <line number="32" hits="0" branch="False" />
            <line number="33" hits="0" branch="False" />
            <line number="34" hits="0" branch="False" />
            <line number="35" hits="0" branch="False" />
            <line number="36" hits="0" branch="False" />
            <line number="37" hits="0" branch="False" />
            <line number="39" hits="0" branch="False" />
            <line number="40" hits="0" branch="False" />
            <line number="42" hits="0" branch="False" />
            <line number="43" hits="0" branch="False" />
            <line number="44" hits="0" branch="False" />
            <line number="45" hits="0" branch="False" />
            <line number="46" hits="0" branch="False" />
            <line number="47" hits="0" branch="False" />
            <line number="48" hits="0" branch="False" />
            <line number="49" hits="0" branch="False" />
            <line number="50" hits="0" branch="False" />
            <line number="51" hits="0" branch="False" />
            <line number="52" hits="0" branch="False" />
            <line number="54" hits="0" branch="False" />
            <line number="55" hits="0" branch="False" />
            <line number="57" hits="0" branch="False" />
            <line number="58" hits="0" branch="False" />
          </lines>
        </class>
        <class name="CookTheWeek.Data.Configuration.FavouriteRecipeEntityConfiguration" filename="CookTheWeek.Data\Configuration\FavouriteRecipeEntityConfiguration.cs" line-rate="1" branch-rate="1" complexity="1">
          <methods>
            <method name="Configure" signature="(Microsoft.EntityFrameworkCore.Metadata.Builders.EntityTypeBuilder`1&lt;CookTheWeek.Data.Models.FavouriteRecipe&gt;)" line-rate="1" branch-rate="1" complexity="1">
              <lines>
                <line number="11" hits="2" branch="False" />
                <line number="12" hits="2" branch="False" />
                <line number="13" hits="2" branch="False" />
                <line number="15" hits="2" branch="False" />
                <line number="16" hits="2" branch="False" />
                <line number="17" hits="2" branch="False" />
                <line number="18" hits="2" branch="False" />
                <line number="19" hits="2" branch="False" />
                <line number="21" hits="2" branch="False" />
                <line number="22" hits="2" branch="False" />
                <line number="23" hits="2" branch="False" />
                <line number="24" hits="2" branch="False" />
                <line number="25" hits="2" branch="False" />
                <line number="27" hits="2" branch="False" />
              </lines>
            </method>
          </methods>
          <lines>
            <line number="11" hits="2" branch="False" />
            <line number="12" hits="2" branch="False" />
            <line number="13" hits="2" branch="False" />
            <line number="15" hits="2" branch="False" />
            <line number="16" hits="2" branch="False" />
            <line number="17" hits="2" branch="False" />
            <line number="18" hits="2" branch="False" />
            <line number="19" hits="2" branch="False" />
            <line number="21" hits="2" branch="False" />
            <line number="22" hits="2" branch="False" />
            <line number="23" hits="2" branch="False" />
            <line number="24" hits="2" branch="False" />
            <line number="25" hits="2" branch="False" />
            <line number="27" hits="2" branch="False" />
          </lines>
        </class>
        <class name="CookTheWeek.Data.Configuration.IngredientCategoryEntityConfiguration" filename="CookTheWeek.Data\Configuration\IngredientCategoryEntityConfiguration.cs" line-rate="1" branch-rate="1" complexity="2">
          <methods>
            <method name="Configure" signature="(Microsoft.EntityFrameworkCore.Metadata.Builders.EntityTypeBuilder`1&lt;CookTheWeek.Data.Models.IngredientCategory&gt;)" line-rate="1" branch-rate="1" complexity="1">
              <lines>
                <line number="9" hits="2" branch="False" />
                <line number="11" hits="2" branch="False" />
                <line number="12" hits="2" branch="False" />
                <line number="13" hits="2" branch="False" />
                <line number="14" hits="2" branch="False" />
                <line number="15" hits="2" branch="False" />
                <line number="17" hits="2" branch="False" />
                <line number="18" hits="2" branch="False" />
                <line number="19" hits="2" branch="False" />
              </lines>
            </method>
            <method name="GenerateIngredientCategories" signature="()" line-rate="1" branch-rate="1" complexity="1">
              <lines>
                <line number="22" hits="2" branch="False" />
                <line number="23" hits="2" branch="False" />
                <line number="24" hits="2" branch="False" />
                <line number="25" hits="2" branch="False" />
                <line number="26" hits="2" branch="False" />
                <line number="27" hits="2" branch="False" />
                <line number="28" hits="2" branch="False" />
                <line number="29" hits="2" branch="False" />
                <line number="30" hits="2" branch="False" />
                <line number="31" hits="2" branch="False" />
                <line number="32" hits="2" branch="False" />
                <line number="33" hits="2" branch="False" />
                <line number="34" hits="2" branch="False" />
                <line number="35" hits="2" branch="False" />
                <line number="36" hits="2" branch="False" />
                <line number="37" hits="2" branch="False" />
                <line number="38" hits="2" branch="False" />
                <line number="39" hits="2" branch="False" />
                <line number="40" hits="2" branch="False" />
                <line number="41" hits="2" branch="False" />
                <line number="42" hits="2" branch="False" />
                <line number="43" hits="2" branch="False" />
                <line number="44" hits="2" branch="False" />
                <line number="45" hits="2" branch="False" />
                <line number="46" hits="2" branch="False" />
                <line number="47" hits="2" branch="False" />
                <line number="48" hits="2" branch="False" />
                <line number="49" hits="2" branch="False" />
                <line number="50" hits="2" branch="False" />
                <line number="51" hits="2" branch="False" />
                <line number="52" hits="2" branch="False" />
                <line number="53" hits="2" branch="False" />
                <line number="54" hits="2" branch="False" />
                <line number="55" hits="2" branch="False" />
                <line number="56" hits="2" branch="False" />
                <line number="57" hits="2" branch="False" />
                <line number="58" hits="2" branch="False" />
                <line number="59" hits="2" branch="False" />
                <line number="60" hits="2" branch="False" />
                <line number="61" hits="2" branch="False" />
                <line number="62" hits="2" branch="False" />
                <line number="63" hits="2" branch="False" />
                <line number="64" hits="2" branch="False" />
                <line number="65" hits="2" branch="False" />
                <line number="66" hits="2" branch="False" />
                <line number="67" hits="2" branch="False" />
                <line number="68" hits="2" branch="False" />
                <line number="69" hits="2" branch="False" />
                <line number="70" hits="2" branch="False" />
                <line number="71" hits="2" branch="False" />
                <line number="72" hits="2" branch="False" />
                <line number="73" hits="2" branch="False" />
                <line number="74" hits="2" branch="False" />
                <line number="75" hits="2" branch="False" />
                <line number="76" hits="2" branch="False" />
                <line number="77" hits="2" branch="False" />
                <line number="78" hits="2" branch="False" />
                <line number="79" hits="2" branch="False" />
                <line number="80" hits="2" branch="False" />
                <line number="81" hits="2" branch="False" />
                <line number="82" hits="2" branch="False" />
                <line number="83" hits="2" branch="False" />
                <line number="84" hits="2" branch="False" />
                <line number="85" hits="2" branch="False" />
                <line number="86" hits="2" branch="False" />
                <line number="87" hits="2" branch="False" />
                <line number="88" hits="2" branch="False" />
                <line number="89" hits="2" branch="False" />
                <line number="90" hits="2" branch="False" />
                <line number="91" hits="2" branch="False" />
                <line number="92" hits="2" branch="False" />
              </lines>
            </method>
          </methods>
          <lines>
            <line number="9" hits="2" branch="False" />
            <line number="11" hits="2" branch="False" />
            <line number="12" hits="2" branch="False" />
            <line number="13" hits="2" branch="False" />
            <line number="14" hits="2" branch="False" />
            <line number="15" hits="2" branch="False" />
            <line number="17" hits="2" branch="False" />
            <line number="18" hits="2" branch="False" />
            <line number="19" hits="2" branch="False" />
            <line number="22" hits="2" branch="False" />
            <line number="23" hits="2" branch="False" />
            <line number="24" hits="2" branch="False" />
            <line number="25" hits="2" branch="False" />
            <line number="26" hits="2" branch="False" />
            <line number="27" hits="2" branch="False" />
            <line number="28" hits="2" branch="False" />
            <line number="29" hits="2" branch="False" />
            <line number="30" hits="2" branch="False" />
            <line number="31" hits="2" branch="False" />
            <line number="32" hits="2" branch="False" />
            <line number="33" hits="2" branch="False" />
            <line number="34" hits="2" branch="False" />
            <line number="35" hits="2" branch="False" />
            <line number="36" hits="2" branch="False" />
            <line number="37" hits="2" branch="False" />
            <line number="38" hits="2" branch="False" />
            <line number="39" hits="2" branch="False" />
            <line number="40" hits="2" branch="False" />
            <line number="41" hits="2" branch="False" />
            <line number="42" hits="2" branch="False" />
            <line number="43" hits="2" branch="False" />
            <line number="44" hits="2" branch="False" />
            <line number="45" hits="2" branch="False" />
            <line number="46" hits="2" branch="False" />
            <line number="47" hits="2" branch="False" />
            <line number="48" hits="2" branch="False" />
            <line number="49" hits="2" branch="False" />
            <line number="50" hits="2" branch="False" />
            <line number="51" hits="2" branch="False" />
            <line number="52" hits="2" branch="False" />
            <line number="53" hits="2" branch="False" />
            <line number="54" hits="2" branch="False" />
            <line number="55" hits="2" branch="False" />
            <line number="56" hits="2" branch="False" />
            <line number="57" hits="2" branch="False" />
            <line number="58" hits="2" branch="False" />
            <line number="59" hits="2" branch="False" />
            <line number="60" hits="2" branch="False" />
            <line number="61" hits="2" branch="False" />
            <line number="62" hits="2" branch="False" />
            <line number="63" hits="2" branch="False" />
            <line number="64" hits="2" branch="False" />
            <line number="65" hits="2" branch="False" />
            <line number="66" hits="2" branch="False" />
            <line number="67" hits="2" branch="False" />
            <line number="68" hits="2" branch="False" />
            <line number="69" hits="2" branch="False" />
            <line number="70" hits="2" branch="False" />
            <line number="71" hits="2" branch="False" />
            <line number="72" hits="2" branch="False" />
            <line number="73" hits="2" branch="False" />
            <line number="74" hits="2" branch="False" />
            <line number="75" hits="2" branch="False" />
            <line number="76" hits="2" branch="False" />
            <line number="77" hits="2" branch="False" />
            <line number="78" hits="2" branch="False" />
            <line number="79" hits="2" branch="False" />
            <line number="80" hits="2" branch="False" />
            <line number="81" hits="2" branch="False" />
            <line number="82" hits="2" branch="False" />
            <line number="83" hits="2" branch="False" />
            <line number="84" hits="2" branch="False" />
            <line number="85" hits="2" branch="False" />
            <line number="86" hits="2" branch="False" />
            <line number="87" hits="2" branch="False" />
            <line number="88" hits="2" branch="False" />
            <line number="89" hits="2" branch="False" />
            <line number="90" hits="2" branch="False" />
            <line number="91" hits="2" branch="False" />
            <line number="92" hits="2" branch="False" />
          </lines>
        </class>
        <class name="CookTheWeek.Data.Configuration.IngredientEntityConfiguration" filename="CookTheWeek.Data\Configuration\IngredientEntityConfiguration.cs" line-rate="1" branch-rate="1" complexity="2">
          <methods>
            <method name="Configure" signature="(Microsoft.EntityFrameworkCore.Metadata.Builders.EntityTypeBuilder`1&lt;CookTheWeek.Data.Models.Ingredient&gt;)" line-rate="1" branch-rate="1" complexity="1">
              <lines>
                <line number="9" hits="2" branch="False" />
                <line number="10" hits="2" branch="False" />
                <line number="11" hits="2" branch="False" />
                <line number="12" hits="2" branch="False" />
              </lines>
            </method>
            <method name="GenerateMainIngredients" signature="()" line-rate="1" branch-rate="1" complexity="1">
              <lines>
                <line number="15" hits="2" branch="False" />
                <line number="16" hits="2" branch="False" />
                <line number="17" hits="2" branch="False" />
                <line number="18" hits="2" branch="False" />
                <line number="19" hits="2" branch="False" />
                <line number="20" hits="2" branch="False" />
                <line number="21" hits="2" branch="False" />
                <line number="22" hits="2" branch="False" />
                <line number="23" hits="2" branch="False" />
                <line number="24" hits="2" branch="False" />
                <line number="25" hits="2" branch="False" />
                <line number="26" hits="2" branch="False" />
                <line number="27" hits="2" branch="False" />
                <line number="28" hits="2" branch="False" />
                <line number="29" hits="2" branch="False" />
                <line number="30" hits="2" branch="False" />
                <line number="31" hits="2" branch="False" />
                <line number="32" hits="2" branch="False" />
                <line number="33" hits="2" branch="False" />
                <line number="34" hits="2" branch="False" />
                <line number="35" hits="2" branch="False" />
                <line number="36" hits="2" branch="False" />
                <line number="37" hits="2" branch="False" />
                <line number="38" hits="2" branch="False" />
                <line number="39" hits="2" branch="False" />
                <line number="40" hits="2" branch="False" />
                <line number="41" hits="2" branch="False" />
                <line number="42" hits="2" branch="False" />
                <line number="43" hits="2" branch="False" />
                <line number="44" hits="2" branch="False" />
                <line number="45" hits="2" branch="False" />
                <line number="46" hits="2" branch="False" />
                <line number="47" hits="2" branch="False" />
                <line number="48" hits="2" branch="False" />
                <line number="49" hits="2" branch="False" />
                <line number="50" hits="2" branch="False" />
                <line number="51" hits="2" branch="False" />
                <line number="52" hits="2" branch="False" />
                <line number="53" hits="2" branch="False" />
                <line number="54" hits="2" branch="False" />
                <line number="55" hits="2" branch="False" />
                <line number="56" hits="2" branch="False" />
                <line number="57" hits="2" branch="False" />
                <line number="58" hits="2" branch="False" />
                <line number="59" hits="2" branch="False" />
                <line number="60" hits="2" branch="False" />
                <line number="61" hits="2" branch="False" />
                <line number="62" hits="2" branch="False" />
                <line number="63" hits="2" branch="False" />
                <line number="64" hits="2" branch="False" />
                <line number="65" hits="2" branch="False" />
                <line number="66" hits="2" branch="False" />
                <line number="67" hits="2" branch="False" />
                <line number="68" hits="2" branch="False" />
                <line number="69" hits="2" branch="False" />
                <line number="70" hits="2" branch="False" />
                <line number="71" hits="2" branch="False" />
                <line number="72" hits="2" branch="False" />
                <line number="73" hits="2" branch="False" />
                <line number="74" hits="2" branch="False" />
                <line number="75" hits="2" branch="False" />
                <line number="76" hits="2" branch="False" />
                <line number="77" hits="2" branch="False" />
                <line number="78" hits="2" branch="False" />
                <line number="79" hits="2" branch="False" />
                <line number="80" hits="2" branch="False" />
                <line number="81" hits="2" branch="False" />
                <line number="82" hits="2" branch="False" />
                <line number="83" hits="2" branch="False" />
                <line number="84" hits="2" branch="False" />
                <line number="85" hits="2" branch="False" />
                <line number="86" hits="2" branch="False" />
                <line number="87" hits="2" branch="False" />
                <line number="88" hits="2" branch="False" />
                <line number="89" hits="2" branch="False" />
                <line number="90" hits="2" branch="False" />
                <line number="91" hits="2" branch="False" />
                <line number="92" hits="2" branch="False" />
                <line number="93" hits="2" branch="False" />
                <line number="94" hits="2" branch="False" />
                <line number="95" hits="2" branch="False" />
                <line number="96" hits="2" branch="False" />
                <line number="97" hits="2" branch="False" />
                <line number="98" hits="2" branch="False" />
                <line number="99" hits="2" branch="False" />
                <line number="100" hits="2" branch="False" />
                <line number="101" hits="2" branch="False" />
                <line number="102" hits="2" branch="False" />
                <line number="103" hits="2" branch="False" />
                <line number="104" hits="2" branch="False" />
                <line number="105" hits="2" branch="False" />
                <line number="106" hits="2" branch="False" />
                <line number="107" hits="2" branch="False" />
                <line number="108" hits="2" branch="False" />
                <line number="109" hits="2" branch="False" />
                <line number="110" hits="2" branch="False" />
                <line number="111" hits="2" branch="False" />
                <line number="112" hits="2" branch="False" />
                <line number="113" hits="2" branch="False" />
                <line number="114" hits="2" branch="False" />
                <line number="115" hits="2" branch="False" />
                <line number="116" hits="2" branch="False" />
                <line number="117" hits="2" branch="False" />
                <line number="118" hits="2" branch="False" />
                <line number="119" hits="2" branch="False" />
                <line number="120" hits="2" branch="False" />
                <line number="121" hits="2" branch="False" />
                <line number="122" hits="2" branch="False" />
                <line number="123" hits="2" branch="False" />
                <line number="124" hits="2" branch="False" />
                <line number="125" hits="2" branch="False" />
                <line number="126" hits="2" branch="False" />
                <line number="127" hits="2" branch="False" />
                <line number="128" hits="2" branch="False" />
                <line number="129" hits="2" branch="False" />
                <line number="130" hits="2" branch="False" />
                <line number="131" hits="2" branch="False" />
                <line number="132" hits="2" branch="False" />
                <line number="133" hits="2" branch="False" />
                <line number="134" hits="2" branch="False" />
                <line number="135" hits="2" branch="False" />
                <line number="136" hits="2" branch="False" />
                <line number="137" hits="2" branch="False" />
                <line number="138" hits="2" branch="False" />
                <line number="139" hits="2" branch="False" />
                <line number="140" hits="2" branch="False" />
                <line number="141" hits="2" branch="False" />
                <line number="142" hits="2" branch="False" />
                <line number="143" hits="2" branch="False" />
                <line number="144" hits="2" branch="False" />
                <line number="145" hits="2" branch="False" />
                <line number="146" hits="2" branch="False" />
                <line number="147" hits="2" branch="False" />
                <line number="148" hits="2" branch="False" />
                <line number="149" hits="2" branch="False" />
                <line number="150" hits="2" branch="False" />
                <line number="151" hits="2" branch="False" />
                <line number="152" hits="2" branch="False" />
                <line number="153" hits="2" branch="False" />
                <line number="154" hits="2" branch="False" />
                <line number="155" hits="2" branch="False" />
                <line number="156" hits="2" branch="False" />
                <line number="157" hits="2" branch="False" />
                <line number="158" hits="2" branch="False" />
                <line number="159" hits="2" branch="False" />
                <line number="160" hits="2" branch="False" />
                <line number="161" hits="2" branch="False" />
                <line number="162" hits="2" branch="False" />
                <line number="163" hits="2" branch="False" />
                <line number="164" hits="2" branch="False" />
                <line number="165" hits="2" branch="False" />
                <line number="166" hits="2" branch="False" />
                <line number="167" hits="2" branch="False" />
                <line number="168" hits="2" branch="False" />
                <line number="169" hits="2" branch="False" />
                <line number="170" hits="2" branch="False" />
                <line number="171" hits="2" branch="False" />
                <line number="172" hits="2" branch="False" />
                <line number="173" hits="2" branch="False" />
                <line number="174" hits="2" branch="False" />
                <line number="175" hits="2" branch="False" />
                <line number="176" hits="2" branch="False" />
                <line number="177" hits="2" branch="False" />
                <line number="178" hits="2" branch="False" />
                <line number="179" hits="2" branch="False" />
                <line number="180" hits="2" branch="False" />
                <line number="181" hits="2" branch="False" />
                <line number="182" hits="2" branch="False" />
                <line number="183" hits="2" branch="False" />
                <line number="184" hits="2" branch="False" />
                <line number="185" hits="2" branch="False" />
                <line number="186" hits="2" branch="False" />
                <line number="187" hits="2" branch="False" />
                <line number="188" hits="2" branch="False" />
                <line number="189" hits="2" branch="False" />
                <line number="190" hits="2" branch="False" />
                <line number="191" hits="2" branch="False" />
                <line number="192" hits="2" branch="False" />
                <line number="193" hits="2" branch="False" />
                <line number="194" hits="2" branch="False" />
                <line number="195" hits="2" branch="False" />
                <line number="196" hits="2" branch="False" />
                <line number="197" hits="2" branch="False" />
                <line number="198" hits="2" branch="False" />
                <line number="199" hits="2" branch="False" />
                <line number="200" hits="2" branch="False" />
                <line number="201" hits="2" branch="False" />
                <line number="202" hits="2" branch="False" />
                <line number="203" hits="2" branch="False" />
                <line number="204" hits="2" branch="False" />
                <line number="205" hits="2" branch="False" />
                <line number="206" hits="2" branch="False" />
                <line number="207" hits="2" branch="False" />
                <line number="208" hits="2" branch="False" />
                <line number="209" hits="2" branch="False" />
                <line number="210" hits="2" branch="False" />
                <line number="211" hits="2" branch="False" />
                <line number="212" hits="2" branch="False" />
                <line number="213" hits="2" branch="False" />
                <line number="214" hits="2" branch="False" />
                <line number="215" hits="2" branch="False" />
                <line number="216" hits="2" branch="False" />
                <line number="217" hits="2" branch="False" />
                <line number="218" hits="2" branch="False" />
                <line number="219" hits="2" branch="False" />
                <line number="220" hits="2" branch="False" />
                <line number="221" hits="2" branch="False" />
                <line number="222" hits="2" branch="False" />
                <line number="223" hits="2" branch="False" />
                <line number="224" hits="2" branch="False" />
                <line number="225" hits="2" branch="False" />
                <line number="226" hits="2" branch="False" />
                <line number="227" hits="2" branch="False" />
                <line number="228" hits="2" branch="False" />
                <line number="229" hits="2" branch="False" />
                <line number="230" hits="2" branch="False" />
                <line number="231" hits="2" branch="False" />
                <line number="232" hits="2" branch="False" />
                <line number="233" hits="2" branch="False" />
                <line number="234" hits="2" branch="False" />
                <line number="235" hits="2" branch="False" />
                <line number="236" hits="2" branch="False" />
                <line number="237" hits="2" branch="False" />
                <line number="238" hits="2" branch="False" />
                <line number="239" hits="2" branch="False" />
                <line number="240" hits="2" branch="False" />
                <line number="241" hits="2" branch="False" />
                <line number="242" hits="2" branch="False" />
                <line number="243" hits="2" branch="False" />
                <line number="244" hits="2" branch="False" />
                <line number="245" hits="2" branch="False" />
                <line number="246" hits="2" branch="False" />
                <line number="247" hits="2" branch="False" />
                <line number="248" hits="2" branch="False" />
                <line number="249" hits="2" branch="False" />
                <line number="250" hits="2" branch="False" />
                <line number="251" hits="2" branch="False" />
                <line number="252" hits="2" branch="False" />
                <line number="253" hits="2" branch="False" />
                <line number="254" hits="2" branch="False" />
                <line number="255" hits="2" branch="False" />
                <line number="256" hits="2" branch="False" />
                <line number="257" hits="2" branch="False" />
                <line number="258" hits="2" branch="False" />
                <line number="259" hits="2" branch="False" />
                <line number="260" hits="2" branch="False" />
                <line number="261" hits="2" branch="False" />
                <line number="262" hits="2" branch="False" />
                <line number="263" hits="2" branch="False" />
                <line number="264" hits="2" branch="False" />
                <line number="265" hits="2" branch="False" />
                <line number="266" hits="2" branch="False" />
                <line number="267" hits="2" branch="False" />
                <line number="268" hits="2" branch="False" />
                <line number="269" hits="2" branch="False" />
                <line number="270" hits="2" branch="False" />
                <line number="271" hits="2" branch="False" />
                <line number="272" hits="2" branch="False" />
                <line number="273" hits="2" branch="False" />
                <line number="274" hits="2" branch="False" />
                <line number="275" hits="2" branch="False" />
                <line number="276" hits="2" branch="False" />
                <line number="277" hits="2" branch="False" />
                <line number="278" hits="2" branch="False" />
                <line number="279" hits="2" branch="False" />
                <line number="280" hits="2" branch="False" />
                <line number="281" hits="2" branch="False" />
                <line number="282" hits="2" branch="False" />
                <line number="283" hits="2" branch="False" />
                <line number="284" hits="2" branch="False" />
                <line number="285" hits="2" branch="False" />
                <line number="286" hits="2" branch="False" />
                <line number="287" hits="2" branch="False" />
                <line number="288" hits="2" branch="False" />
                <line number="289" hits="2" branch="False" />
                <line number="290" hits="2" branch="False" />
                <line number="291" hits="2" branch="False" />
                <line number="292" hits="2" branch="False" />
                <line number="293" hits="2" branch="False" />
                <line number="294" hits="2" branch="False" />
                <line number="295" hits="2" branch="False" />
                <line number="296" hits="2" branch="False" />
                <line number="297" hits="2" branch="False" />
                <line number="298" hits="2" branch="False" />
                <line number="299" hits="2" branch="False" />
                <line number="300" hits="2" branch="False" />
                <line number="301" hits="2" branch="False" />
                <line number="302" hits="2" branch="False" />
                <line number="303" hits="2" branch="False" />
                <line number="304" hits="2" branch="False" />
                <line number="305" hits="2" branch="False" />
                <line number="306" hits="2" branch="False" />
                <line number="307" hits="2" branch="False" />
                <line number="308" hits="2" branch="False" />
                <line number="309" hits="2" branch="False" />
                <line number="310" hits="2" branch="False" />
                <line number="311" hits="2" branch="False" />
                <line number="312" hits="2" branch="False" />
                <line number="313" hits="2" branch="False" />
                <line number="314" hits="2" branch="False" />
                <line number="315" hits="2" branch="False" />
                <line number="316" hits="2" branch="False" />
                <line number="317" hits="2" branch="False" />
                <line number="318" hits="2" branch="False" />
                <line number="319" hits="2" branch="False" />
                <line number="320" hits="2" branch="False" />
                <line number="321" hits="2" branch="False" />
                <line number="322" hits="2" branch="False" />
                <line number="323" hits="2" branch="False" />
                <line number="324" hits="2" branch="False" />
                <line number="325" hits="2" branch="False" />
                <line number="326" hits="2" branch="False" />
                <line number="327" hits="2" branch="False" />
                <line number="328" hits="2" branch="False" />
                <line number="329" hits="2" branch="False" />
                <line number="330" hits="2" branch="False" />
                <line number="331" hits="2" branch="False" />
                <line number="332" hits="2" branch="False" />
                <line number="333" hits="2" branch="False" />
                <line number="334" hits="2" branch="False" />
                <line number="335" hits="2" branch="False" />
                <line number="336" hits="2" branch="False" />
                <line number="337" hits="2" branch="False" />
                <line number="338" hits="2" branch="False" />
                <line number="339" hits="2" branch="False" />
                <line number="340" hits="2" branch="False" />
                <line number="341" hits="2" branch="False" />
                <line number="342" hits="2" branch="False" />
                <line number="343" hits="2" branch="False" />
                <line number="344" hits="2" branch="False" />
                <line number="345" hits="2" branch="False" />
                <line number="346" hits="2" branch="False" />
                <line number="347" hits="2" branch="False" />
                <line number="348" hits="2" branch="False" />
                <line number="349" hits="2" branch="False" />
                <line number="350" hits="2" branch="False" />
                <line number="351" hits="2" branch="False" />
                <line number="352" hits="2" branch="False" />
                <line number="353" hits="2" branch="False" />
                <line number="354" hits="2" branch="False" />
                <line number="355" hits="2" branch="False" />
                <line number="356" hits="2" branch="False" />
                <line number="357" hits="2" branch="False" />
                <line number="358" hits="2" branch="False" />
                <line number="359" hits="2" branch="False" />
                <line number="360" hits="2" branch="False" />
                <line number="361" hits="2" branch="False" />
                <line number="362" hits="2" branch="False" />
                <line number="363" hits="2" branch="False" />
                <line number="364" hits="2" branch="False" />
                <line number="365" hits="2" branch="False" />
                <line number="366" hits="2" branch="False" />
                <line number="367" hits="2" branch="False" />
                <line number="368" hits="2" branch="False" />
                <line number="369" hits="2" branch="False" />
                <line number="370" hits="2" branch="False" />
                <line number="371" hits="2" branch="False" />
                <line number="372" hits="2" branch="False" />
                <line number="373" hits="2" branch="False" />
                <line number="374" hits="2" branch="False" />
                <line number="375" hits="2" branch="False" />
                <line number="376" hits="2" branch="False" />
                <line number="377" hits="2" branch="False" />
                <line number="378" hits="2" branch="False" />
                <line number="379" hits="2" branch="False" />
                <line number="380" hits="2" branch="False" />
                <line number="381" hits="2" branch="False" />
                <line number="382" hits="2" branch="False" />
                <line number="383" hits="2" branch="False" />
                <line number="384" hits="2" branch="False" />
                <line number="385" hits="2" branch="False" />
                <line number="386" hits="2" branch="False" />
                <line number="387" hits="2" branch="False" />
                <line number="388" hits="2" branch="False" />
                <line number="389" hits="2" branch="False" />
                <line number="390" hits="2" branch="False" />
                <line number="391" hits="2" branch="False" />
                <line number="392" hits="2" branch="False" />
                <line number="393" hits="2" branch="False" />
                <line number="394" hits="2" branch="False" />
                <line number="395" hits="2" branch="False" />
                <line number="396" hits="2" branch="False" />
                <line number="397" hits="2" branch="False" />
                <line number="398" hits="2" branch="False" />
                <line number="399" hits="2" branch="False" />
                <line number="400" hits="2" branch="False" />
                <line number="401" hits="2" branch="False" />
                <line number="402" hits="2" branch="False" />
                <line number="403" hits="2" branch="False" />
                <line number="404" hits="2" branch="False" />
                <line number="405" hits="2" branch="False" />
                <line number="406" hits="2" branch="False" />
                <line number="407" hits="2" branch="False" />
                <line number="408" hits="2" branch="False" />
                <line number="409" hits="2" branch="False" />
                <line number="410" hits="2" branch="False" />
                <line number="411" hits="2" branch="False" />
                <line number="412" hits="2" branch="False" />
                <line number="413" hits="2" branch="False" />
                <line number="414" hits="2" branch="False" />
                <line number="415" hits="2" branch="False" />
                <line number="416" hits="2" branch="False" />
                <line number="417" hits="2" branch="False" />
                <line number="418" hits="2" branch="False" />
                <line number="419" hits="2" branch="False" />
                <line number="420" hits="2" branch="False" />
                <line number="421" hits="2" branch="False" />
                <line number="422" hits="2" branch="False" />
                <line number="423" hits="2" branch="False" />
                <line number="424" hits="2" branch="False" />
                <line number="425" hits="2" branch="False" />
                <line number="426" hits="2" branch="False" />
                <line number="427" hits="2" branch="False" />
                <line number="428" hits="2" branch="False" />
                <line number="429" hits="2" branch="False" />
                <line number="430" hits="2" branch="False" />
                <line number="431" hits="2" branch="False" />
                <line number="432" hits="2" branch="False" />
                <line number="433" hits="2" branch="False" />
                <line number="434" hits="2" branch="False" />
                <line number="435" hits="2" branch="False" />
                <line number="436" hits="2" branch="False" />
                <line number="437" hits="2" branch="False" />
                <line number="438" hits="2" branch="False" />
                <line number="439" hits="2" branch="False" />
                <line number="440" hits="2" branch="False" />
                <line number="441" hits="2" branch="False" />
                <line number="442" hits="2" branch="False" />
                <line number="443" hits="2" branch="False" />
                <line number="444" hits="2" branch="False" />
                <line number="445" hits="2" branch="False" />
                <line number="446" hits="2" branch="False" />
                <line number="447" hits="2" branch="False" />
                <line number="448" hits="2" branch="False" />
                <line number="449" hits="2" branch="False" />
                <line number="450" hits="2" branch="False" />
                <line number="451" hits="2" branch="False" />
                <line number="452" hits="2" branch="False" />
                <line number="453" hits="2" branch="False" />
                <line number="454" hits="2" branch="False" />
                <line number="455" hits="2" branch="False" />
                <line number="456" hits="2" branch="False" />
                <line number="457" hits="2" branch="False" />
                <line number="458" hits="2" branch="False" />
                <line number="459" hits="2" branch="False" />
                <line number="460" hits="2" branch="False" />
                <line number="461" hits="2" branch="False" />
                <line number="462" hits="2" branch="False" />
                <line number="463" hits="2" branch="False" />
                <line number="464" hits="2" branch="False" />
                <line number="465" hits="2" branch="False" />
                <line number="466" hits="2" branch="False" />
                <line number="467" hits="2" branch="False" />
                <line number="468" hits="2" branch="False" />
                <line number="469" hits="2" branch="False" />
                <line number="470" hits="2" branch="False" />
                <line number="471" hits="2" branch="False" />
                <line number="472" hits="2" branch="False" />
                <line number="473" hits="2" branch="False" />
                <line number="474" hits="2" branch="False" />
                <line number="475" hits="2" branch="False" />
                <line number="476" hits="2" branch="False" />
                <line number="477" hits="2" branch="False" />
                <line number="478" hits="2" branch="False" />
                <line number="479" hits="2" branch="False" />
                <line number="480" hits="2" branch="False" />
                <line number="481" hits="2" branch="False" />
                <line number="482" hits="2" branch="False" />
                <line number="483" hits="2" branch="False" />
                <line number="484" hits="2" branch="False" />
                <line number="485" hits="2" branch="False" />
                <line number="486" hits="2" branch="False" />
                <line number="487" hits="2" branch="False" />
                <line number="488" hits="2" branch="False" />
                <line number="489" hits="2" branch="False" />
                <line number="490" hits="2" branch="False" />
                <line number="491" hits="2" branch="False" />
                <line number="492" hits="2" branch="False" />
                <line number="493" hits="2" branch="False" />
                <line number="494" hits="2" branch="False" />
                <line number="495" hits="2" branch="False" />
                <line number="496" hits="2" branch="False" />
                <line number="497" hits="2" branch="False" />
                <line number="498" hits="2" branch="False" />
                <line number="499" hits="2" branch="False" />
                <line number="500" hits="2" branch="False" />
                <line number="501" hits="2" branch="False" />
                <line number="502" hits="2" branch="False" />
                <line number="503" hits="2" branch="False" />
                <line number="504" hits="2" branch="False" />
                <line number="505" hits="2" branch="False" />
                <line number="506" hits="2" branch="False" />
                <line number="507" hits="2" branch="False" />
                <line number="508" hits="2" branch="False" />
                <line number="509" hits="2" branch="False" />
                <line number="510" hits="2" branch="False" />
                <line number="511" hits="2" branch="False" />
                <line number="512" hits="2" branch="False" />
                <line number="513" hits="2" branch="False" />
                <line number="514" hits="2" branch="False" />
                <line number="515" hits="2" branch="False" />
                <line number="516" hits="2" branch="False" />
                <line number="517" hits="2" branch="False" />
                <line number="518" hits="2" branch="False" />
                <line number="519" hits="2" branch="False" />
                <line number="520" hits="2" branch="False" />
                <line number="521" hits="2" branch="False" />
                <line number="522" hits="2" branch="False" />
                <line number="523" hits="2" branch="False" />
                <line number="524" hits="2" branch="False" />
                <line number="525" hits="2" branch="False" />
                <line number="526" hits="2" branch="False" />
                <line number="527" hits="2" branch="False" />
                <line number="528" hits="2" branch="False" />
                <line number="529" hits="2" branch="False" />
                <line number="530" hits="2" branch="False" />
                <line number="531" hits="2" branch="False" />
                <line number="532" hits="2" branch="False" />
                <line number="533" hits="2" branch="False" />
                <line number="534" hits="2" branch="False" />
                <line number="535" hits="2" branch="False" />
                <line number="536" hits="2" branch="False" />
                <line number="537" hits="2" branch="False" />
                <line number="538" hits="2" branch="False" />
                <line number="539" hits="2" branch="False" />
                <line number="540" hits="2" branch="False" />
                <line number="541" hits="2" branch="False" />
                <line number="542" hits="2" branch="False" />
                <line number="543" hits="2" branch="False" />
                <line number="544" hits="2" branch="False" />
                <line number="545" hits="2" branch="False" />
                <line number="546" hits="2" branch="False" />
                <line number="547" hits="2" branch="False" />
                <line number="548" hits="2" branch="False" />
                <line number="549" hits="2" branch="False" />
                <line number="550" hits="2" branch="False" />
                <line number="551" hits="2" branch="False" />
                <line number="552" hits="2" branch="False" />
                <line number="553" hits="2" branch="False" />
                <line number="554" hits="2" branch="False" />
                <line number="555" hits="2" branch="False" />
                <line number="556" hits="2" branch="False" />
                <line number="557" hits="2" branch="False" />
                <line number="558" hits="2" branch="False" />
                <line number="559" hits="2" branch="False" />
                <line number="560" hits="2" branch="False" />
                <line number="561" hits="2" branch="False" />
                <line number="562" hits="2" branch="False" />
                <line number="563" hits="2" branch="False" />
                <line number="564" hits="2" branch="False" />
                <line number="565" hits="2" branch="False" />
                <line number="566" hits="2" branch="False" />
                <line number="567" hits="2" branch="False" />
                <line number="568" hits="2" branch="False" />
                <line number="569" hits="2" branch="False" />
                <line number="570" hits="2" branch="False" />
                <line number="571" hits="2" branch="False" />
                <line number="572" hits="2" branch="False" />
                <line number="573" hits="2" branch="False" />
                <line number="574" hits="2" branch="False" />
                <line number="575" hits="2" branch="False" />
                <line number="576" hits="2" branch="False" />
                <line number="577" hits="2" branch="False" />
                <line number="578" hits="2" branch="False" />
                <line number="579" hits="2" branch="False" />
                <line number="580" hits="2" branch="False" />
                <line number="581" hits="2" branch="False" />
                <line number="582" hits="2" branch="False" />
                <line number="583" hits="2" branch="False" />
                <line number="584" hits="2" branch="False" />
                <line number="585" hits="2" branch="False" />
                <line number="586" hits="2" branch="False" />
                <line number="587" hits="2" branch="False" />
                <line number="588" hits="2" branch="False" />
                <line number="589" hits="2" branch="False" />
                <line number="590" hits="2" branch="False" />
                <line number="591" hits="2" branch="False" />
                <line number="592" hits="2" branch="False" />
                <line number="593" hits="2" branch="False" />
                <line number="594" hits="2" branch="False" />
                <line number="595" hits="2" branch="False" />
                <line number="596" hits="2" branch="False" />
                <line number="597" hits="2" branch="False" />
                <line number="598" hits="2" branch="False" />
                <line number="599" hits="2" branch="False" />
                <line number="600" hits="2" branch="False" />
                <line number="601" hits="2" branch="False" />
                <line number="602" hits="2" branch="False" />
                <line number="603" hits="2" branch="False" />
                <line number="604" hits="2" branch="False" />
                <line number="605" hits="2" branch="False" />
                <line number="606" hits="2" branch="False" />
                <line number="607" hits="2" branch="False" />
                <line number="608" hits="2" branch="False" />
                <line number="609" hits="2" branch="False" />
                <line number="610" hits="2" branch="False" />
                <line number="611" hits="2" branch="False" />
                <line number="612" hits="2" branch="False" />
                <line number="613" hits="2" branch="False" />
                <line number="614" hits="2" branch="False" />
                <line number="615" hits="2" branch="False" />
                <line number="616" hits="2" branch="False" />
                <line number="617" hits="2" branch="False" />
                <line number="618" hits="2" branch="False" />
                <line number="619" hits="2" branch="False" />
                <line number="620" hits="2" branch="False" />
                <line number="621" hits="2" branch="False" />
                <line number="622" hits="2" branch="False" />
                <line number="623" hits="2" branch="False" />
                <line number="624" hits="2" branch="False" />
                <line number="625" hits="2" branch="False" />
                <line number="626" hits="2" branch="False" />
                <line number="627" hits="2" branch="False" />
                <line number="628" hits="2" branch="False" />
                <line number="629" hits="2" branch="False" />
                <line number="630" hits="2" branch="False" />
                <line number="631" hits="2" branch="False" />
                <line number="632" hits="2" branch="False" />
                <line number="633" hits="2" branch="False" />
                <line number="634" hits="2" branch="False" />
                <line number="635" hits="2" branch="False" />
                <line number="636" hits="2" branch="False" />
                <line number="637" hits="2" branch="False" />
                <line number="638" hits="2" branch="False" />
                <line number="639" hits="2" branch="False" />
                <line number="640" hits="2" branch="False" />
                <line number="641" hits="2" branch="False" />
                <line number="642" hits="2" branch="False" />
                <line number="643" hits="2" branch="False" />
                <line number="644" hits="2" branch="False" />
                <line number="645" hits="2" branch="False" />
                <line number="646" hits="2" branch="False" />
                <line number="647" hits="2" branch="False" />
                <line number="648" hits="2" branch="False" />
                <line number="649" hits="2" branch="False" />
                <line number="650" hits="2" branch="False" />
                <line number="651" hits="2" branch="False" />
                <line number="652" hits="2" branch="False" />
                <line number="653" hits="2" branch="False" />
                <line number="654" hits="2" branch="False" />
                <line number="655" hits="2" branch="False" />
                <line number="656" hits="2" branch="False" />
                <line number="657" hits="2" branch="False" />
                <line number="658" hits="2" branch="False" />
                <line number="659" hits="2" branch="False" />
                <line number="660" hits="2" branch="False" />
                <line number="661" hits="2" branch="False" />
                <line number="662" hits="2" branch="False" />
                <line number="663" hits="2" branch="False" />
                <line number="664" hits="2" branch="False" />
                <line number="665" hits="2" branch="False" />
                <line number="666" hits="2" branch="False" />
                <line number="667" hits="2" branch="False" />
                <line number="668" hits="2" branch="False" />
                <line number="669" hits="2" branch="False" />
                <line number="670" hits="2" branch="False" />
                <line number="671" hits="2" branch="False" />
                <line number="672" hits="2" branch="False" />
                <line number="673" hits="2" branch="False" />
                <line number="674" hits="2" branch="False" />
                <line number="675" hits="2" branch="False" />
                <line number="676" hits="2" branch="False" />
                <line number="677" hits="2" branch="False" />
                <line number="678" hits="2" branch="False" />
                <line number="679" hits="2" branch="False" />
                <line number="680" hits="2" branch="False" />
                <line number="681" hits="2" branch="False" />
                <line number="682" hits="2" branch="False" />
                <line number="683" hits="2" branch="False" />
                <line number="684" hits="2" branch="False" />
                <line number="685" hits="2" branch="False" />
                <line number="686" hits="2" branch="False" />
                <line number="687" hits="2" branch="False" />
                <line number="688" hits="2" branch="False" />
                <line number="689" hits="2" branch="False" />
                <line number="690" hits="2" branch="False" />
                <line number="691" hits="2" branch="False" />
                <line number="692" hits="2" branch="False" />
                <line number="693" hits="2" branch="False" />
                <line number="694" hits="2" branch="False" />
                <line number="695" hits="2" branch="False" />
                <line number="696" hits="2" branch="False" />
                <line number="697" hits="2" branch="False" />
                <line number="698" hits="2" branch="False" />
                <line number="699" hits="2" branch="False" />
                <line number="700" hits="2" branch="False" />
                <line number="701" hits="2" branch="False" />
                <line number="702" hits="2" branch="False" />
                <line number="703" hits="2" branch="False" />
                <line number="704" hits="2" branch="False" />
                <line number="705" hits="2" branch="False" />
                <line number="706" hits="2" branch="False" />
                <line number="707" hits="2" branch="False" />
                <line number="708" hits="2" branch="False" />
                <line number="709" hits="2" branch="False" />
                <line number="710" hits="2" branch="False" />
                <line number="711" hits="2" branch="False" />
                <line number="712" hits="2" branch="False" />
                <line number="713" hits="2" branch="False" />
                <line number="714" hits="2" branch="False" />
                <line number="715" hits="2" branch="False" />
                <line number="716" hits="2" branch="False" />
                <line number="717" hits="2" branch="False" />
                <line number="718" hits="2" branch="False" />
                <line number="719" hits="2" branch="False" />
                <line number="720" hits="2" branch="False" />
                <line number="721" hits="2" branch="False" />
                <line number="722" hits="2" branch="False" />
                <line number="723" hits="2" branch="False" />
                <line number="724" hits="2" branch="False" />
                <line number="725" hits="2" branch="False" />
                <line number="726" hits="2" branch="False" />
                <line number="727" hits="2" branch="False" />
                <line number="728" hits="2" branch="False" />
                <line number="729" hits="2" branch="False" />
                <line number="730" hits="2" branch="False" />
                <line number="731" hits="2" branch="False" />
                <line number="732" hits="2" branch="False" />
                <line number="733" hits="2" branch="False" />
                <line number="734" hits="2" branch="False" />
                <line number="735" hits="2" branch="False" />
                <line number="736" hits="2" branch="False" />
                <line number="737" hits="2" branch="False" />
                <line number="738" hits="2" branch="False" />
                <line number="739" hits="2" branch="False" />
                <line number="740" hits="2" branch="False" />
                <line number="741" hits="2" branch="False" />
                <line number="742" hits="2" branch="False" />
                <line number="743" hits="2" branch="False" />
                <line number="744" hits="2" branch="False" />
                <line number="745" hits="2" branch="False" />
                <line number="746" hits="2" branch="False" />
                <line number="747" hits="2" branch="False" />
                <line number="748" hits="2" branch="False" />
                <line number="749" hits="2" branch="False" />
                <line number="750" hits="2" branch="False" />
                <line number="751" hits="2" branch="False" />
                <line number="752" hits="2" branch="False" />
                <line number="753" hits="2" branch="False" />
                <line number="754" hits="2" branch="False" />
                <line number="755" hits="2" branch="False" />
                <line number="756" hits="2" branch="False" />
                <line number="757" hits="2" branch="False" />
                <line number="758" hits="2" branch="False" />
                <line number="759" hits="2" branch="False" />
                <line number="760" hits="2" branch="False" />
                <line number="761" hits="2" branch="False" />
                <line number="762" hits="2" branch="False" />
                <line number="763" hits="2" branch="False" />
                <line number="764" hits="2" branch="False" />
                <line number="765" hits="2" branch="False" />
                <line number="766" hits="2" branch="False" />
                <line number="767" hits="2" branch="False" />
                <line number="768" hits="2" branch="False" />
                <line number="769" hits="2" branch="False" />
                <line number="770" hits="2" branch="False" />
                <line number="771" hits="2" branch="False" />
                <line number="772" hits="2" branch="False" />
                <line number="773" hits="2" branch="False" />
                <line number="774" hits="2" branch="False" />
                <line number="775" hits="2" branch="False" />
                <line number="776" hits="2" branch="False" />
                <line number="777" hits="2" branch="False" />
                <line number="778" hits="2" branch="False" />
                <line number="779" hits="2" branch="False" />
                <line number="780" hits="2" branch="False" />
                <line number="781" hits="2" branch="False" />
                <line number="782" hits="2" branch="False" />
                <line number="783" hits="2" branch="False" />
                <line number="784" hits="2" branch="False" />
                <line number="785" hits="2" branch="False" />
                <line number="786" hits="2" branch="False" />
                <line number="787" hits="2" branch="False" />
                <line number="788" hits="2" branch="False" />
                <line number="789" hits="2" branch="False" />
                <line number="790" hits="2" branch="False" />
                <line number="791" hits="2" branch="False" />
                <line number="792" hits="2" branch="False" />
                <line number="793" hits="2" branch="False" />
                <line number="794" hits="2" branch="False" />
                <line number="795" hits="2" branch="False" />
                <line number="796" hits="2" branch="False" />
                <line number="797" hits="2" branch="False" />
                <line number="798" hits="2" branch="False" />
                <line number="799" hits="2" branch="False" />
                <line number="800" hits="2" branch="False" />
                <line number="801" hits="2" branch="False" />
                <line number="802" hits="2" branch="False" />
                <line number="803" hits="2" branch="False" />
                <line number="804" hits="2" branch="False" />
                <line number="805" hits="2" branch="False" />
                <line number="806" hits="2" branch="False" />
                <line number="807" hits="2" branch="False" />
                <line number="808" hits="2" branch="False" />
                <line number="809" hits="2" branch="False" />
                <line number="810" hits="2" branch="False" />
                <line number="811" hits="2" branch="False" />
                <line number="812" hits="2" branch="False" />
                <line number="813" hits="2" branch="False" />
                <line number="814" hits="2" branch="False" />
                <line number="815" hits="2" branch="False" />
                <line number="816" hits="2" branch="False" />
                <line number="817" hits="2" branch="False" />
                <line number="818" hits="2" branch="False" />
                <line number="819" hits="2" branch="False" />
                <line number="820" hits="2" branch="False" />
                <line number="821" hits="2" branch="False" />
                <line number="822" hits="2" branch="False" />
                <line number="823" hits="2" branch="False" />
                <line number="824" hits="2" branch="False" />
                <line number="825" hits="2" branch="False" />
                <line number="826" hits="2" branch="False" />
                <line number="827" hits="2" branch="False" />
                <line number="828" hits="2" branch="False" />
                <line number="829" hits="2" branch="False" />
                <line number="830" hits="2" branch="False" />
                <line number="831" hits="2" branch="False" />
                <line number="832" hits="2" branch="False" />
                <line number="833" hits="2" branch="False" />
                <line number="834" hits="2" branch="False" />
                <line number="835" hits="2" branch="False" />
                <line number="836" hits="2" branch="False" />
                <line number="837" hits="2" branch="False" />
                <line number="838" hits="2" branch="False" />
                <line number="839" hits="2" branch="False" />
                <line number="840" hits="2" branch="False" />
                <line number="841" hits="2" branch="False" />
                <line number="842" hits="2" branch="False" />
                <line number="843" hits="2" branch="False" />
                <line number="844" hits="2" branch="False" />
                <line number="845" hits="2" branch="False" />
                <line number="846" hits="2" branch="False" />
                <line number="847" hits="2" branch="False" />
                <line number="848" hits="2" branch="False" />
                <line number="849" hits="2" branch="False" />
                <line number="850" hits="2" branch="False" />
                <line number="851" hits="2" branch="False" />
                <line number="852" hits="2" branch="False" />
                <line number="853" hits="2" branch="False" />
                <line number="854" hits="2" branch="False" />
                <line number="855" hits="2" branch="False" />
                <line number="856" hits="2" branch="False" />
                <line number="857" hits="2" branch="False" />
                <line number="858" hits="2" branch="False" />
                <line number="859" hits="2" branch="False" />
                <line number="860" hits="2" branch="False" />
                <line number="861" hits="2" branch="False" />
                <line number="862" hits="2" branch="False" />
                <line number="863" hits="2" branch="False" />
                <line number="864" hits="2" branch="False" />
                <line number="865" hits="2" branch="False" />
                <line number="866" hits="2" branch="False" />
                <line number="867" hits="2" branch="False" />
                <line number="868" hits="2" branch="False" />
                <line number="869" hits="2" branch="False" />
                <line number="870" hits="2" branch="False" />
                <line number="871" hits="2" branch="False" />
                <line number="872" hits="2" branch="False" />
                <line number="873" hits="2" branch="False" />
                <line number="874" hits="2" branch="False" />
                <line number="875" hits="2" branch="False" />
                <line number="876" hits="2" branch="False" />
                <line number="877" hits="2" branch="False" />
                <line number="878" hits="2" branch="False" />
                <line number="879" hits="2" branch="False" />
                <line number="880" hits="2" branch="False" />
                <line number="881" hits="2" branch="False" />
                <line number="882" hits="2" branch="False" />
                <line number="883" hits="2" branch="False" />
                <line number="884" hits="2" branch="False" />
                <line number="885" hits="2" branch="False" />
                <line number="886" hits="2" branch="False" />
                <line number="887" hits="2" branch="False" />
[...]
                <line number="8" hits="0" branch="False" />
                <line number="9" hits="0" branch="False" />
              </lines>
            </method>
          </methods>
          <lines>
            <line number="11" hits="0" branch="False" />
            <line number="13" hits="0" branch="False" />
            <line number="5" hits="0" branch="False" />
            <line number="6" hits="0" branch="False" />
            <line number="7" hits="0" branch="False" />
            <line number="8" hits="0" branch="False" />
            <line number="9" hits="0" branch="False" />
          </lines>
        </class>
        <class name="CookTheWeek.Web.ViewModels.RecipeIngredient.RecipeIngredientDetailsViewModel" filename="CookTheWeek.Web.ViewModels\RecipeIngredient\RecipeIngredientDetailsViewModel.cs" line-rate="0" branch-rate="1" complexity="4">
          <methods>
            <method name="get_Name" signature="()" line-rate="0" branch-rate="1" complexity="1">
              <lines>
                <line number="5" hits="0" branch="False" />
              </lines>
            </method>
            <method name="get_Qty" signature="()" line-rate="0" branch-rate="1" complexity="1">
              <lines>
                <line number="6" hits="0" branch="False" />
              </lines>
            </method>
            <method name="get_Measure" signature="()" line-rate="0" branch-rate="1" complexity="1">
              <lines>
                <line number="7" hits="0" branch="False" />
              </lines>
            </method>
            <method name="get_Specification" signature="()" line-rate="0" branch-rate="1" complexity="1">
              <lines>
                <line number="8" hits="0" branch="False" />
              </lines>
            </method>
          </methods>
          <lines>
            <line number="5" hits="0" branch="False" />
            <line number="6" hits="0" branch="False" />
            <line number="7" hits="0" branch="False" />
            <line number="8" hits="0" branch="False" />
          </lines>
        </class>
        <class name="CookTheWeek.Web.ViewModels.RecipeIngredient.RecipeIngredientFormViewModel" filename="CookTheWeek.Web.ViewModels\RecipeIngredient\RecipeIngredientFormViewModel.cs" line-rate="0" branch-rate="1" complexity="7">
          <methods>
            <method name="get_Name" signature="()" line-rate="0" branch-rate="1" complexity="1">
              <lines>
                <line number="15" hits="0" branch="False" />
              </lines>
            </method>
            <method name="get_Qty" signature="()" line-rate="0" branch-rate="1" complexity="1">
              <lines>
                <line number="20" hits="0" branch="False" />
              </lines>
            </method>
            <method name="get_MeasureId" signature="()" line-rate="0" branch-rate="1" complexity="1">
              <lines>
                <line number="25" hits="0" branch="False" />
              </lines>
            </method>
            <method name="get_SpecificationId" signature="()" line-rate="0" branch-rate="1" complexity="1">
              <lines>
                <line number="28" hits="0" branch="False" />
              </lines>
            </method>
            <method name="get_Measures" signature="()" line-rate="0" branch-rate="1" complexity="1">
              <lines>
                <line number="29" hits="0" branch="False" />
              </lines>
            </method>
            <method name="get_Specifications" signature="()" line-rate="0" branch-rate="1" complexity="1">
              <lines>
                <line number="31" hits="0" branch="False" />
              </lines>
            </method>
            <method name=".ctor" signature="()" line-rate="0" branch-rate="1" complexity="1">
              <lines>
                <line number="7" hits="0" branch="False" />
                <line number="8" hits="0" branch="False" />
                <line number="9" hits="0" branch="False" />
                <line number="10" hits="0" branch="False" />
                <line number="11" hits="0" branch="False" />
              </lines>
            </method>
          </methods>
          <lines>
            <line number="15" hits="0" branch="False" />
            <line number="20" hits="0" branch="False" />
            <line number="25" hits="0" branch="False" />
            <line number="28" hits="0" branch="False" />
            <line number="29" hits="0" branch="False" />
            <line number="31" hits="0" branch="False" />
            <line number="7" hits="0" branch="False" />
            <line number="8" hits="0" branch="False" />
            <line number="9" hits="0" branch="False" />
            <line number="10" hits="0" branch="False" />
            <line number="11" hits="0" branch="False" />
          </lines>
        </class>
        <class name="CookTheWeek.Web.ViewModels.RecipeIngredient.RecipeIngredientSelectMeasureViewModel" filename="CookTheWeek.Web.ViewModels\RecipeIngredient\RecipeIngredientSelectMeasureViewModel.cs" line-rate="0" branch-rate="1" complexity="2">
          <methods>
            <method name="get_Id" signature="()" line-rate="0" branch-rate="1" complexity="1">
              <lines>
                <line number="6" hits="0" branch="False" />
              </lines>
            </method>
            <method name="get_Name" signature="()" line-rate="0" branch-rate="1" complexity="1">
              <lines>
                <line number="7" hits="0" branch="False" />
              </lines>
            </method>
          </methods>
          <lines>
            <line number="6" hits="0" branch="False" />
            <line number="7" hits="0" branch="False" />
          </lines>
        </class>
        <class name="CookTheWeek.Web.ViewModels.RecipeIngredient.RecipeIngredientSelectSpecificationViewModel" filename="CookTheWeek.Web.ViewModels\RecipeIngredient\RecipeIngredientSelectSpecificationViewModel.cs" line-rate="0" branch-rate="1" complexity="2">
          <methods>
            <method name="get_Id" signature="()" line-rate="0" branch-rate="1" complexity="1">
              <lines>
                <line number="6" hits="0" branch="False" />
              </lines>
            </method>
            <method name="get_Description" signature="()" line-rate="0" branch-rate="1" complexity="1">
              <lines>
                <line number="8" hits="0" branch="False" />
              </lines>
            </method>
          </methods>
          <lines>
            <line number="6" hits="0" branch="False" />
            <line number="8" hits="0" branch="False" />
          </lines>
        </class>
        <class name="CookTheWeek.Web.ViewModels.Ingredient.AllIngredientsQueryModel" filename="CookTheWeek.Web.ViewModels\Ingredient\AllIngredientsQueryModel.cs" line-rate="0" branch-rate="1" complexity="10">
          <methods>
            <method name="get_Category" signature="()" line-rate="0" branch-rate="1" complexity="1">
              <lines>
                <line number="19" hits="0" branch="False" />
              </lines>
            </method>
            <method name="get_SearchString" signature="()" line-rate="0" branch-rate="1" complexity="1">
              <lines>
                <line number="22" hits="0" branch="False" />
              </lines>
            </method>
            <method name="get_IngredientSorting" signature="()" line-rate="0" branch-rate="1" complexity="1">
              <lines>
                <line number="25" hits="0" branch="False" />
              </lines>
            </method>
            <method name="get_CurrentPage" signature="()" line-rate="0" branch-rate="1" complexity="1">
              <lines>
                <line number="26" hits="0" branch="False" />
              </lines>
            </method>
            <method name="get_IngredientsPerPage" signature="()" line-rate="0" branch-rate="1" complexity="1">
              <lines>
                <line number="28" hits="0" branch="False" />
              </lines>
            </method>
            <method name="get_TotalIngredients" signature="()" line-rate="0" branch-rate="1" complexity="1">
              <lines>
                <line number="30" hits="0" branch="False" />
              </lines>
            </method>
            <method name="get_Categories" signature="()" line-rate="0" branch-rate="1" complexity="1">
              <lines>
                <line number="32" hits="0" branch="False" />
              </lines>
            </method>
            <method name="get_IngredientSortings" signature="()" line-rate="0" branch-rate="1" complexity="1">
              <lines>
                <line number="34" hits="0" branch="False" />
              </lines>
            </method>
            <method name="get_Ingredients" signature="()" line-rate="0" branch-rate="1" complexity="1">
              <lines>
                <line number="36" hits="0" branch="False" />
              </lines>
            </method>
            <method name=".ctor" signature="()" line-rate="0" branch-rate="1" complexity="1">
              <lines>
                <line number="10" hits="0" branch="False" />
                <line number="11" hits="0" branch="False" />
                <line number="12" hits="0" branch="False" />
                <line number="13" hits="0" branch="False" />
                <line number="15" hits="0" branch="False" />
                <line number="16" hits="0" branch="False" />
                <line number="17" hits="0" branch="False" />
              </lines>
            </method>
          </methods>
          <lines>
            <line number="19" hits="0" branch="False" />
            <line number="22" hits="0" branch="False" />
            <line number="25" hits="0" branch="False" />
            <line number="26" hits="0" branch="False" />
            <line number="28" hits="0" branch="False" />
            <line number="30" hits="0" branch="False" />
            <line number="32" hits="0" branch="False" />
            <line number="34" hits="0" branch="False" />
            <line number="36" hits="0" branch="False" />
            <line number="10" hits="0" branch="False" />
            <line number="11" hits="0" branch="False" />
            <line number="12" hits="0" branch="False" />
            <line number="13" hits="0" branch="False" />
            <line number="15" hits="0" branch="False" />
            <line number="16" hits="0" branch="False" />
            <line number="17" hits="0" branch="False" />
          </lines>
        </class>
        <class name="CookTheWeek.Web.ViewModels.Ingredient.IngredientAllViewModel" filename="CookTheWeek.Web.ViewModels\Ingredient\IngredientAllViewModel.cs" line-rate="0" branch-rate="1" complexity="3">
          <methods>
            <method name="get_Id" signature="()" line-rate="0" branch-rate="1" complexity="1">
              <lines>
                <line number="5" hits="0" branch="False" />
              </lines>
            </method>
            <method name="get_Name" signature="()" line-rate="0" branch-rate="1" complexity="1">
              <lines>
                <line number="6" hits="0" branch="False" />
              </lines>
            </method>
            <method name="get_Category" signature="()" line-rate="0" branch-rate="1" complexity="1">
              <lines>
                <line number="7" hits="0" branch="False" />
              </lines>
            </method>
          </methods>
          <lines>
            <line number="5" hits="0" branch="False" />
            <line number="6" hits="0" branch="False" />
            <line number="7" hits="0" branch="False" />
          </lines>
        </class>
        <class name="CookTheWeek.Web.ViewModels.Ingredient.IngredientEditViewModel" filename="CookTheWeek.Web.ViewModels\Ingredient\IngredientEditViewModel.cs" line-rate="0" branch-rate="1" complexity="4">
          <methods>
            <method name="get_Id" signature="()" line-rate="0" branch-rate="1" complexity="1">
              <lines>
                <line number="12" hits="0" branch="False" />
              </lines>
            </method>
            <method name="get_Name" signature="()" line-rate="0" branch-rate="1" complexity="1">
              <lines>
                <line number="15" hits="0" branch="False" />
              </lines>
            </method>
            <method name="get_CategoryId" signature="()" line-rate="0" branch-rate="1" complexity="1">
              <lines>
                <line number="19" hits="0" branch="False" />
              </lines>
            </method>
            <method name="get_Categories" signature="()" line-rate="0" branch-rate="1" complexity="1">
              <lines>
                <line number="21" hits="0" branch="False" />
              </lines>
            </method>
          </methods>
          <lines>
            <line number="12" hits="0" branch="False" />
            <line number="15" hits="0" branch="False" />
            <line number="19" hits="0" branch="False" />
            <line number="21" hits="0" branch="False" />
          </lines>
        </class>
        <class name="CookTheWeek.Web.ViewModels.Ingredient.IngredientFormViewModel" filename="CookTheWeek.Web.ViewModels\Ingredient\IngredientFormViewModel.cs" line-rate="0" branch-rate="1" complexity="3">
          <methods>
            <method name="get_Name" signature="()" line-rate="0" branch-rate="1" complexity="1">
              <lines>
                <line number="12" hits="0" branch="False" />
              </lines>
            </method>
            <method name="get_IngredientCategoryId" signature="()" line-rate="0" branch-rate="1" complexity="1">
              <lines>
                <line number="16" hits="0" branch="False" />
              </lines>
            </method>
            <method name="get_IngredientCategories" signature="()" line-rate="0" branch-rate="1" complexity="1">
              <lines>
                <line number="18" hits="0" branch="False" />
              </lines>
            </method>
          </methods>
          <lines>
            <line number="12" hits="0" branch="False" />
            <line number="16" hits="0" branch="False" />
            <line number="18" hits="0" branch="False" />
          </lines>
        </class>
        <class name="CookTheWeek.Web.ViewModels.Home.ErrorViewModel" filename="CookTheWeek.Web.ViewModels\Home\ErrorViewModel.cs" line-rate="0" branch-rate="1" complexity="2">
          <methods>
            <method name="get_RequestId" signature="()" line-rate="0" branch-rate="1" complexity="1">
              <lines>
                <line number="5" hits="0" branch="False" />
              </lines>
            </method>
            <method name="get_ShowRequestId" signature="()" line-rate="0" branch-rate="1" complexity="1">
              <lines>
                <line number="7" hits="0" branch="False" />
              </lines>
            </method>
          </methods>
          <lines>
            <line number="5" hits="0" branch="False" />
            <line number="7" hits="0" branch="False" />
          </lines>
        </class>
        <class name="CookTheWeek.Web.ViewModels.Category.IngredientCategoryAddFormModel" filename="CookTheWeek.Web.ViewModels\Category\IngredientCategoryAddFormModel.cs" line-rate="0" branch-rate="1" complexity="1">
          <methods>
            <method name="get_Name" signature="()" line-rate="0" branch-rate="1" complexity="1">
              <lines>
                <line number="11" hits="0" branch="False" />
              </lines>
            </method>
          </methods>
          <lines>
            <line number="11" hits="0" branch="False" />
          </lines>
        </class>
        <class name="CookTheWeek.Web.ViewModels.Category.IngredientCategoryEditFormModel" filename="CookTheWeek.Web.ViewModels\Category\IngredientCategoryEditFormModel.cs" line-rate="0" branch-rate="1" complexity="2">
          <methods>
            <method name="get_Id" signature="()" line-rate="0" branch-rate="1" complexity="1">
              <lines>
                <line number="9" hits="0" branch="False" />
              </lines>
            </method>
            <method name="get_Name" signature="()" line-rate="0" branch-rate="1" complexity="1">
              <lines>
                <line number="14" hits="0" branch="False" />
              </lines>
            </method>
          </methods>
          <lines>
            <line number="9" hits="0" branch="False" />
            <line number="14" hits="0" branch="False" />
          </lines>
        </class>
        <class name="CookTheWeek.Web.ViewModels.Category.IngredientCategorySelectViewModel" filename="CookTheWeek.Web.ViewModels\Category\IngredientCategorySelectViewModel.cs" line-rate="0" branch-rate="1" complexity="2">
          <methods>
            <method name="get_Id" signature="()" line-rate="0" branch-rate="1" complexity="1">
              <lines>
                <line number="8" hits="0" branch="False" />
              </lines>
            </method>
            <method name="get_Name" signature="()" line-rate="0" branch-rate="1" complexity="1">
              <lines>
                <line number="11" hits="0" branch="False" />
              </lines>
            </method>
          </methods>
          <lines>
            <line number="8" hits="0" branch="False" />
            <line number="11" hits="0" branch="False" />
          </lines>
        </class>
        <class name="CookTheWeek.Web.ViewModels.Category.RecipeCategoryAddFormModel" filename="CookTheWeek.Web.ViewModels\Category\RecipeCategoryAddFormModel.cs" line-rate="0" branch-rate="1" complexity="1">
          <methods>
            <method name="get_Name" signature="()" line-rate="0" branch-rate="1" complexity="1">
              <lines>
                <line number="11" hits="0" branch="False" />
              </lines>
            </method>
          </methods>
          <lines>
            <line number="11" hits="0" branch="False" />
          </lines>
        </class>
        <class name="CookTheWeek.Web.ViewModels.Category.RecipeCategoryEditFormModel" filename="CookTheWeek.Web.ViewModels\Category\RecipeCategoryEditFormModel.cs" line-rate="0" branch-rate="1" complexity="2">
          <methods>
            <method name="get_Id" signature="()" line-rate="0" branch-rate="1" complexity="1">
              <lines>
                <line number="10" hits="0" branch="False" />
              </lines>
            </method>
            <method name="get_Name" signature="()" line-rate="0" branch-rate="1" complexity="1">
              <lines>
                <line number="15" hits="0" branch="False" />
              </lines>
            </method>
          </methods>
          <lines>
            <line number="10" hits="0" branch="False" />
            <line number="15" hits="0" branch="False" />
          </lines>
        </class>
        <class name="CookTheWeek.Web.ViewModels.Category.RecipeCategorySelectViewModel" filename="CookTheWeek.Web.ViewModels\Category\RecipeCategorySelectViewModel.cs" line-rate="0" branch-rate="1" complexity="2">
          <methods>
            <method name="get_Id" signature="()" line-rate="0" branch-rate="1" complexity="1">
              <lines>
                <line number="8" hits="0" branch="False" />
              </lines>
            </method>
            <method name="get_Name" signature="()" line-rate="0" branch-rate="1" complexity="1">
              <lines>
                <line number="11" hits="0" branch="False" />
              </lines>
            </method>
          </methods>
          <lines>
            <line number="8" hits="0" branch="False" />
            <line number="11" hits="0" branch="False" />
          </lines>
        </class>
      </classes>
    </package>
  </packages>
</coverage>