TpTrace Verbose: 0 : 24612, 1, 2024/04/10, 17:40:13.516, 5950765491578, vstest.console.dll, Version: 17.9.0-release-24072-02 Current process architecture: X64
TpTrace Verbose: 0 : 24612, 1, 2024/04/10, 17:40:13.520, 5950765532599, vstest.console.dll, Runtime location: C:\Program Files\dotnet\shared\Microsoft.NETCore.App\8.0.4
TpTrace Verbose: 0 : 24612, 1, 2024/04/10, 17:40:13.523, 5950765562061, vstest.console.dll, ArtifactProcessingPostProcessModeProcessorExecutor.Initialize: ArtifactProcessingMode.Collect
TpTrace Verbose: 0 : 24612, 1, 2024/04/10, 17:40:13.523, 5950765563667, vstest.console.dll, TestSessionCorrelationIdProcessorModeProcessorExecutor.Initialize: TestSessionCorrelationId '22012_511143ac-c86b-4ee4-8a84-f305b9f36c19'
TpTrace Information: 0 : 24612, 1, 2024/04/10, 17:40:13.533, 5950765664172, vstest.console.dll, FilePatternParser: The given file D:\CODING\Softuni\All Courses\WEB\CookTheWeek\CookTheWeek.Services.Tests\bin\Debug\net8.0\fine-code-coverage\build-output\CookTheWeek.Services.Tests.dll is a full path.
TpTrace Verbose: 0 : 24612, 1, 2024/04/10, 17:40:13.540, 5950765732106, vstest.console.dll, TestPluginCache.DiscoverTestExtensions: finding test extensions in assemblies ends with: RuntimeProvider.dll TPluginInfo: Microsoft.VisualStudio.TestPlatform.Common.ExtensionFramework.Utilities.TestRuntimePluginInformation TExtension: Microsoft.VisualStudio.TestPlatform.ObjectModel.Host.ITestRuntimeProvider
TpTrace Verbose: 0 : 24612, 1, 2024/04/10, 17:40:13.541, 5950765736739, vstest.console.dll, TestPluginCache.GetExtensionPaths: Filtered extension paths: 
TpTrace Verbose: 0 : 24612, 1, 2024/04/10, 17:40:13.541, 5950765738044, vstest.console.dll, TestPluginCache.GetExtensionPaths: Added default extension paths: C:\Program Files\dotnet\sdk\8.0.204\Extensions\Microsoft.Diagnostics.NETCore.Client.dll
C:\Program Files\dotnet\sdk\8.0.204\Extensions\Microsoft.TestPlatform.Extensions.BlameDataCollector.dll
C:\Program Files\dotnet\sdk\8.0.204\Extensions\Microsoft.TestPlatform.Extensions.EventLogCollector.dll
C:\Program Files\dotnet\sdk\8.0.204\Extensions\Microsoft.TestPlatform.TestHostRuntimeProvider.dll
C:\Program Files\dotnet\sdk\8.0.204\Extensions\Microsoft.VisualStudio.TestPlatform.Extensions.Html.TestLogger.dll
C:\Program Files\dotnet\sdk\8.0.204\Extensions\Microsoft.VisualStudio.TestPlatform.Extensions.Trx.TestLogger.dll
TpTrace Verbose: 0 : 24612, 1, 2024/04/10, 17:40:13.541, 5950765738674, vstest.console.dll, TestPluginCache.GetExtensionPaths: Added unfilterableExtensionPaths: 
TpTrace Information: 0 : 24612, 1, 2024/04/10, 17:40:13.542, 5950765746902, vstest.console.dll, AssemblyResolver.ctor: Creating AssemblyResolver with searchDirectories C:\Program Files\dotnet\sdk\8.0.204\Extensions,C:\Program Files\dotnet\sdk\8.0.204
TpTrace Verbose: 0 : 24612, 1, 2024/04/10, 17:40:13.543, 5950765763893, vstest.console.dll, TestPluginCache.DiscoverTestExtensions: Discovering the extensions using extension path.
TpTrace Verbose: 0 : 24612, 1, 2024/04/10, 17:40:13.544, 5950765765578, vstest.console.dll, TestPluginCache.GetExtensionPaths: Filtered extension paths: 
TpTrace Verbose: 0 : 24612, 1, 2024/04/10, 17:40:13.544, 5950765766389, vstest.console.dll, TestPluginCache.GetExtensionPaths: Added default extension paths: C:\Program Files\dotnet\sdk\8.0.204\Extensions\Microsoft.Diagnostics.NETCore.Client.dll
C:\Program Files\dotnet\sdk\8.0.204\Extensions\Microsoft.TestPlatform.Extensions.BlameDataCollector.dll
C:\Program Files\dotnet\sdk\8.0.204\Extensions\Microsoft.TestPlatform.Extensions.EventLogCollector.dll
C:\Program Files\dotnet\sdk\8.0.204\Extensions\Microsoft.TestPlatform.TestHostRuntimeProvider.dll
C:\Program Files\dotnet\sdk\8.0.204\Extensions\Microsoft.VisualStudio.TestPlatform.Extensions.Html.TestLogger.dll
C:\Program Files\dotnet\sdk\8.0.204\Extensions\Microsoft.VisualStudio.TestPlatform.Extensions.Trx.TestLogger.dll
TpTrace Verbose: 0 : 24612, 1, 2024/04/10, 17:40:13.544, 5950765766953, vstest.console.dll, TestPluginCache.GetExtensionPaths: Added unfilterableExtensionPaths: 
TpTrace Verbose: 0 : 24612, 1, 2024/04/10, 17:40:13.544, 5950765767892, vstest.console.dll, TestPluginCache.DiscoverTestExtensions: Discovering the extensions using allExtensionPaths: C:\Program Files\dotnet\sdk\8.0.204\Extensions\Microsoft.Diagnostics.NETCore.Client.dll
C:\Program Files\dotnet\sdk\8.0.204\Extensions\Microsoft.TestPlatform.Extensions.BlameDataCollector.dll
C:\Program Files\dotnet\sdk\8.0.204\Extensions\Microsoft.TestPlatform.Extensions.EventLogCollector.dll
C:\Program Files\dotnet\sdk\8.0.204\Extensions\Microsoft.TestPlatform.TestHostRuntimeProvider.dll
C:\Program Files\dotnet\sdk\8.0.204\Extensions\Microsoft.VisualStudio.TestPlatform.Extensions.Html.TestLogger.dll
C:\Program Files\dotnet\sdk\8.0.204\Extensions\Microsoft.VisualStudio.TestPlatform.Extensions.Trx.TestLogger.dll
TpTrace Information: 0 : 24612, 1, 2024/04/10, 17:40:13.544, 5950765769827, vstest.console.dll, AssemblyResolver.AddSearchDirectories: Adding more searchDirectories C:\Program Files\dotnet\sdk\8.0.204\Extensions,C:\Program Files\dotnet\sdk\8.0.204
TpTrace Information: 0 : 24612, 1, 2024/04/10, 17:40:13.544, 5950765770735, vstest.console.dll, AssemblyResolver.AddSearchDirectories: Adding more searchDirectories C:\Program Files\dotnet\sdk\8.0.204\Extensions,C:\Program Files\dotnet\sdk\8.0.204
TpTrace Information: 0 : 24612, 1, 2024/04/10, 17:40:13.544, 5950765771270, vstest.console.dll, AssemblyResolver.AddSearchDirectories: Adding more searchDirectories C:\Program Files\dotnet\sdk\8.0.204\Extensions,C:\Program Files\dotnet\sdk\8.0.204
TpTrace Information: 0 : 24612, 1, 2024/04/10, 17:40:13.544, 5950765771754, vstest.console.dll, AssemblyResolver.AddSearchDirectories: Adding more searchDirectories C:\Program Files\dotnet\sdk\8.0.204\Extensions,C:\Program Files\dotnet\sdk\8.0.204
TpTrace Information: 0 : 24612, 1, 2024/04/10, 17:40:13.544, 5950765772287, vstest.console.dll, AssemblyResolver.AddSearchDirectories: Adding more searchDirectories C:\Program Files\dotnet\sdk\8.0.204\Extensions,C:\Program Files\dotnet\sdk\8.0.204
TpTrace Information: 0 : 24612, 1, 2024/04/10, 17:40:13.544, 5950765772766, vstest.console.dll, AssemblyResolver.AddSearchDirectories: Adding more searchDirectories C:\Program Files\dotnet\sdk\8.0.204\Extensions,C:\Program Files\dotnet\sdk\8.0.204
TpTrace Information: 0 : 24612, 1, 2024/04/10, 17:40:13.545, 5950765779560, vstest.console.dll, AssemblyResolver.OnResolve: Microsoft.Diagnostics.NETCore.Client: Resolving assembly.
TpTrace Information: 0 : 24612, 1, 2024/04/10, 17:40:13.545, 5950765780598, vstest.console.dll, AssemblyResolver.OnResolve: Microsoft.Diagnostics.NETCore.Client: Searching in: 'C:\Program Files\dotnet\sdk\8.0.204\Extensions'.
TpTrace Information: 0 : 24612, 1, 2024/04/10, 17:40:13.555, 5950765882362, vstest.console.dll, AssemblyResolver.OnResolve: Microsoft.Diagnostics.NETCore.Client: Loading assembly 'C:\Program Files\dotnet\sdk\8.0.204\Extensions\Microsoft.Diagnostics.NETCore.Client.dll'.
TpTrace Information: 0 : 24612, 1, 2024/04/10, 17:40:13.556, 5950765890683, vstest.console.dll, AssemblyResolver.OnResolve: Resolved assembly: Microsoft.Diagnostics.NETCore.Client, from path: C:\Program Files\dotnet\sdk\8.0.204\Extensions\Microsoft.Diagnostics.NETCore.Client.dll
TpTrace Verbose: 0 : 24612, 1, 2024/04/10, 17:40:13.563, 5950765956438, vstest.console.dll, MetadataReaderExtensionsHelper: Discovering extensions inside assembly 'Microsoft.Diagnostics.NETCore.Client, Version=0.2.9.2401, Culture=neutral, PublicKeyToken=31bf3856ad364e35' file path 'C:\Program Files\dotnet\sdk\8.0.204\Extensions\Microsoft.Diagnostics.NETCore.Client.dll'
TpTrace Information: 0 : 24612, 1, 2024/04/10, 17:40:13.568, 5950766006332, vstest.console.dll, AssemblyResolver.OnResolve: Microsoft.Bcl.AsyncInterfaces: Resolving assembly.
TpTrace Information: 0 : 24612, 1, 2024/04/10, 17:40:13.568, 5950766007446, vstest.console.dll, AssemblyResolver.OnResolve: Microsoft.Bcl.AsyncInterfaces: Searching in: 'C:\Program Files\dotnet\sdk\8.0.204\Extensions'.
TpTrace Information: 0 : 24612, 1, 2024/04/10, 17:40:13.568, 5950766008931, vstest.console.dll, AssemblyResolver.OnResolve: Microsoft.Bcl.AsyncInterfaces: Assembly path does not exist: 'C:\Program Files\dotnet\sdk\8.0.204\Extensions\Microsoft.Bcl.AsyncInterfaces.dll', returning.
TpTrace Information: 0 : 24612, 1, 2024/04/10, 17:40:13.568, 5950766010954, vstest.console.dll, AssemblyResolver.OnResolve: Microsoft.Bcl.AsyncInterfaces: Assembly path does not exist: 'C:\Program Files\dotnet\sdk\8.0.204\Extensions\Microsoft.Bcl.AsyncInterfaces.exe', returning.
TpTrace Information: 0 : 24612, 1, 2024/04/10, 17:40:13.568, 5950766011513, vstest.console.dll, AssemblyResolver.OnResolve: Microsoft.Bcl.AsyncInterfaces: Searching in: 'C:\Program Files\dotnet\sdk\8.0.204'.
TpTrace Information: 0 : 24612, 1, 2024/04/10, 17:40:13.568, 5950766012726, vstest.console.dll, AssemblyResolver.OnResolve: Microsoft.Bcl.AsyncInterfaces: Assembly path does not exist: 'C:\Program Files\dotnet\sdk\8.0.204\Microsoft.Bcl.AsyncInterfaces.dll', returning.
TpTrace Information: 0 : 24612, 1, 2024/04/10, 17:40:13.568, 5950766013904, vstest.console.dll, AssemblyResolver.OnResolve: Microsoft.Bcl.AsyncInterfaces: Assembly path does not exist: 'C:\Program Files\dotnet\sdk\8.0.204\Microsoft.Bcl.AsyncInterfaces.exe', returning.
TpTrace Information: 0 : 24612, 1, 2024/04/10, 17:40:13.569, 5950766014500, vstest.console.dll, AssemblyResolver.OnResolve: Microsoft.Bcl.AsyncInterfaces: Failed to load assembly.
TpTrace Verbose: 0 : 24612, 1, 2024/04/10, 17:40:13.569, 5950766015158, vstest.console.dll, CurrentDomainAssemblyResolve: Resolving assembly 'Microsoft.Bcl.AsyncInterfaces'.
TpTrace Information: 0 : 24612, 1, 2024/04/10, 17:40:13.569, 5950766016184, vstest.console.dll, AssemblyResolver.OnResolve: Microsoft.Bcl.AsyncInterfaces: Resolving assembly.
TpTrace Information: 0 : 24612, 1, 2024/04/10, 17:40:13.569, 5950766017101, vstest.console.dll, AssemblyResolver.OnResolve: Microsoft.Bcl.AsyncInterfaces: Resolved from cache.
TpTrace Verbose: 0 : 24612, 1, 2024/04/10, 17:40:13.569, 5950766017589, vstest.console.dll, CurrentDomainAssemblyResolve: Resolving assembly 'Microsoft.Bcl.AsyncInterfaces'.
TpTrace Verbose: 0 : 24612, 1, 2024/04/10, 17:40:13.569, 5950766018125, vstest.console.dll, CurrentDomainAssemblyResolve: Failed to resolve assembly 'Microsoft.Bcl.AsyncInterfaces'.
TpTrace Verbose: 0 : 24612, 1, 2024/04/10, 17:40:13.570, 5950766028387, vstest.console.dll, CurrentDomainAssemblyResolve: Failed to resolve assembly 'Microsoft.Bcl.AsyncInterfaces'.
TpTrace Warning: 0 : 24612, 1, 2024/04/10, 17:40:13.582, 5950766152513, vstest.console.dll, TestPluginDiscoverer: Failed to get types from assembly 'Microsoft.Diagnostics.NETCore.Client, Version=0.2.9.2401, Culture=neutral, PublicKeyToken=31bf3856ad364e35'. Error: System.Reflection.ReflectionTypeLoadException: Unable to load one or more of the requested types.
Could not load file or assembly 'Microsoft.Bcl.AsyncInterfaces, Version=6.0.0.0, Culture=neutral, PublicKeyToken=cc7b13ffcd2ddd51'. The system cannot find the file specified.
   at System.Reflection.RuntimeModule.GetTypes(RuntimeModule module)
   at System.Reflection.RuntimeModule.GetTypes()
   at Microsoft.VisualStudio.TestPlatform.Common.ExtensionFramework.TestPluginDiscoverer.GetTestExtensionsFromAssembly[TPluginInfo,TExtension](Assembly assembly, Dictionary`2 pluginInfos, String filePath) in /_/src/Microsoft.TestPlatform.Common/ExtensionFramework/TestPluginDiscoverer.cs:line 158
System.IO.FileNotFoundException: Could not load file or assembly 'Microsoft.Bcl.AsyncInterfaces, Version=6.0.0.0, Culture=neutral, PublicKeyToken=cc7b13ffcd2ddd51'. The system cannot find the file specified.
File name: 'Microsoft.Bcl.AsyncInterfaces, Version=6.0.0.0, Culture=neutral, PublicKeyToken=cc7b13ffcd2ddd51'
 ---> System.IO.FileNotFoundException: Could not load file or assembly 'Microsoft.Bcl.AsyncInterfaces, Culture=neutral, PublicKeyToken=null'. The system cannot find the file specified.
File name: 'Microsoft.Bcl.AsyncInterfaces, Culture=neutral, PublicKeyToken=null'
   at System.Reflection.RuntimeAssembly.InternalLoad(AssemblyName assemblyName, StackCrawlMark& stackMark, AssemblyLoadContext assemblyLoadContext, RuntimeAssembly requestingAssembly, Boolean throwOnFileNotFound)
   at System.Reflection.Assembly.Load(AssemblyName assemblyRef)
   at Microsoft.VisualStudio.TestPlatform.Common.ExtensionFramework.TestPluginCache.CurrentDomainAssemblyResolve(Object sender, AssemblyResolveEventArgs args) in /_/src/Microsoft.TestPlatform.Common/ExtensionFramework/TestPluginCache.cs:line 513
   at System.Runtime.Loader.AssemblyLoadContext.GetFirstResolvedAssemblyFromResolvingEvent(AssemblyName assemblyName)
   at System.Runtime.Loader.AssemblyLoadContext.ResolveUsingEvent(AssemblyName assemblyName)
   at System.Runtime.Loader.AssemblyLoadContext.ResolveUsingResolvingEvent(IntPtr gchManagedAssemblyLoadContext, AssemblyName assemblyName)
TpTrace Warning: 0 : 24612, 1, 2024/04/10, 17:40:13.583, 5950766156959, vstest.console.dll, LoaderExceptions: System.IO.FileNotFoundException: Could not load file or assembly 'Microsoft.Bcl.AsyncInterfaces, Version=6.0.0.0, Culture=neutral, PublicKeyToken=cc7b13ffcd2ddd51'. The system cannot find the file specified.
File name: 'Microsoft.Bcl.AsyncInterfaces, Version=6.0.0.0, Culture=neutral, PublicKeyToken=cc7b13ffcd2ddd51'
 ---> System.IO.FileNotFoundException: Could not load file or assembly 'Microsoft.Bcl.AsyncInterfaces, Culture=neutral, PublicKeyToken=null'. The system cannot find the file specified.
File name: 'Microsoft.Bcl.AsyncInterfaces, Culture=neutral, PublicKeyToken=null'
   at System.Reflection.RuntimeAssembly.InternalLoad(AssemblyName assemblyName, StackCrawlMark& stackMark, AssemblyLoadContext assemblyLoadContext, RuntimeAssembly requestingAssembly, Boolean throwOnFileNotFound)
   at System.Reflection.Assembly.Load(AssemblyName assemblyRef)
   at Microsoft.VisualStudio.TestPlatform.Common.ExtensionFramework.TestPluginCache.CurrentDomainAssemblyResolve(Object sender, AssemblyResolveEventArgs args) in /_/src/Microsoft.TestPlatform.Common/ExtensionFramework/TestPluginCache.cs:line 513
   at System.Runtime.Loader.AssemblyLoadContext.GetFirstResolvedAssemblyFromResolvingEvent(AssemblyName assemblyName)
   at System.Runtime.Loader.AssemblyLoadContext.ResolveUsingEvent(AssemblyName assemblyName)
   at System.Runtime.Loader.AssemblyLoadContext.ResolveUsingResolvingEvent(IntPtr gchManagedAssemblyLoadContext, AssemblyName assemblyName)
TpTrace Information: 0 : 24612, 1, 2024/04/10, 17:40:13.583, 5950766158754, vstest.console.dll, AssemblyResolver.OnResolve: Microsoft.TestPlatform.Extensions.BlameDataCollector: Resolving assembly.
TpTrace Information: 0 : 24612, 1, 2024/04/10, 17:40:13.583, 5950766159346, vstest.console.dll, AssemblyResolver.OnResolve: Microsoft.TestPlatform.Extensions.BlameDataCollector: Searching in: 'C:\Program Files\dotnet\sdk\8.0.204\Extensions'.
TpTrace Information: 0 : 24612, 1, 2024/04/10, 17:40:13.583, 5950766163709, vstest.console.dll, AssemblyResolver.OnResolve: Microsoft.TestPlatform.Extensions.BlameDataCollector: Loading assembly 'C:\Program Files\dotnet\sdk\8.0.204\Extensions\Microsoft.TestPlatform.Extensions.BlameDataCollector.dll'.
TpTrace Information: 0 : 24612, 1, 2024/04/10, 17:40:13.584, 5950766170545, vstest.console.dll, AssemblyResolver.OnResolve: Resolved assembly: Microsoft.TestPlatform.Extensions.BlameDataCollector, from path: C:\Program Files\dotnet\sdk\8.0.204\Extensions\Microsoft.TestPlatform.Extensions.BlameDataCollector.dll
TpTrace Verbose: 0 : 24612, 1, 2024/04/10, 17:40:13.584, 5950766171550, vstest.console.dll, MetadataReaderExtensionsHelper: Discovering extensions inside assembly 'Microsoft.TestPlatform.Extensions.BlameDataCollector, Version=15.0.0.0, Culture=neutral, PublicKeyToken=b03f5f7f11d50a3a' file path 'C:\Program Files\dotnet\sdk\8.0.204\Extensions\Microsoft.TestPlatform.Extensions.BlameDataCollector.dll'
TpTrace Information: 0 : 24612, 1, 2024/04/10, 17:40:13.586, 5950766187482, vstest.console.dll, AssemblyResolver.OnResolve: Microsoft.TestPlatform.Extensions.EventLogCollector: Resolving assembly.
TpTrace Information: 0 : 24612, 1, 2024/04/10, 17:40:13.586, 5950766188336, vstest.console.dll, AssemblyResolver.OnResolve: Microsoft.TestPlatform.Extensions.EventLogCollector: Searching in: 'C:\Program Files\dotnet\sdk\8.0.204\Extensions'.
TpTrace Information: 0 : 24612, 1, 2024/04/10, 17:40:13.586, 5950766192878, vstest.console.dll, AssemblyResolver.OnResolve: Microsoft.TestPlatform.Extensions.EventLogCollector: Loading assembly 'C:\Program Files\dotnet\sdk\8.0.204\Extensions\Microsoft.TestPlatform.Extensions.EventLogCollector.dll'.
TpTrace Information: 0 : 24612, 1, 2024/04/10, 17:40:13.587, 5950766198098, vstest.console.dll, AssemblyResolver.OnResolve: Resolved assembly: Microsoft.TestPlatform.Extensions.EventLogCollector, from path: C:\Program Files\dotnet\sdk\8.0.204\Extensions\Microsoft.TestPlatform.Extensions.EventLogCollector.dll
TpTrace Verbose: 0 : 24612, 1, 2024/04/10, 17:40:13.587, 5950766199004, vstest.console.dll, MetadataReaderExtensionsHelper: Discovering extensions inside assembly 'Microsoft.TestPlatform.Extensions.EventLogCollector, Version=15.0.0.0, Culture=neutral, PublicKeyToken=b03f5f7f11d50a3a' file path 'C:\Program Files\dotnet\sdk\8.0.204\Extensions\Microsoft.TestPlatform.Extensions.EventLogCollector.dll'
TpTrace Information: 0 : 24612, 1, 2024/04/10, 17:40:13.589, 5950766223603, vstest.console.dll, AssemblyResolver.OnResolve: Microsoft.TestPlatform.TestHostRuntimeProvider: Resolving assembly.
TpTrace Information: 0 : 24612, 1, 2024/04/10, 17:40:13.590, 5950766224457, vstest.console.dll, AssemblyResolver.OnResolve: Microsoft.TestPlatform.TestHostRuntimeProvider: Searching in: 'C:\Program Files\dotnet\sdk\8.0.204\Extensions'.
TpTrace Information: 0 : 24612, 1, 2024/04/10, 17:40:13.590, 5950766228357, vstest.console.dll, AssemblyResolver.OnResolve: Microsoft.TestPlatform.TestHostRuntimeProvider: Loading assembly 'C:\Program Files\dotnet\sdk\8.0.204\Extensions\Microsoft.TestPlatform.TestHostRuntimeProvider.dll'.
TpTrace Information: 0 : 24612, 1, 2024/04/10, 17:40:13.591, 5950766234179, vstest.console.dll, AssemblyResolver.OnResolve: Resolved assembly: Microsoft.TestPlatform.TestHostRuntimeProvider, from path: C:\Program Files\dotnet\sdk\8.0.204\Extensions\Microsoft.TestPlatform.TestHostRuntimeProvider.dll
TpTrace Verbose: 0 : 24612, 1, 2024/04/10, 17:40:13.591, 5950766234978, vstest.console.dll, MetadataReaderExtensionsHelper: Discovering extensions inside assembly 'Microsoft.TestPlatform.TestHostRuntimeProvider, Version=15.0.0.0, Culture=neutral, PublicKeyToken=b03f5f7f11d50a3a' file path 'C:\Program Files\dotnet\sdk\8.0.204\Extensions\Microsoft.TestPlatform.TestHostRuntimeProvider.dll'
TpTrace Information: 0 : 24612, 1, 2024/04/10, 17:40:13.592, 5950766252815, vstest.console.dll, GetTestExtensionFromType: Register extension with identifier data 'HostProvider://DefaultTestHost' and type 'Microsoft.VisualStudio.TestPlatform.CrossPlatEngine.Hosting.DefaultTestHostManager, Microsoft.TestPlatform.TestHostRuntimeProvider, Version=15.0.0.0, Culture=neutral, PublicKeyToken=b03f5f7f11d50a3a' inside file 'C:\Program Files\dotnet\sdk\8.0.204\Extensions\Microsoft.TestPlatform.TestHostRuntimeProvider.dll'
TpTrace Information: 0 : 24612, 1, 2024/04/10, 17:40:13.593, 5950766255846, vstest.console.dll, GetTestExtensionFromType: Register extension with identifier data 'HostProvider://DotnetTestHost' and type 'Microsoft.VisualStudio.TestPlatform.CrossPlatEngine.Hosting.DotnetTestHostManager, Microsoft.TestPlatform.TestHostRuntimeProvider, Version=15.0.0.0, Culture=neutral, PublicKeyToken=b03f5f7f11d50a3a' inside file 'C:\Program Files\dotnet\sdk\8.0.204\Extensions\Microsoft.TestPlatform.TestHostRuntimeProvider.dll'
TpTrace Information: 0 : 24612, 1, 2024/04/10, 17:40:13.593, 5950766256946, vstest.console.dll, AssemblyResolver.OnResolve: Microsoft.VisualStudio.TestPlatform.Extensions.Html.TestLogger: Resolving assembly.
TpTrace Information: 0 : 24612, 1, 2024/04/10, 17:40:13.593, 5950766257507, vstest.console.dll, AssemblyResolver.OnResolve: Microsoft.VisualStudio.TestPlatform.Extensions.Html.TestLogger: Searching in: 'C:\Program Files\dotnet\sdk\8.0.204\Extensions'.
TpTrace Information: 0 : 24612, 1, 2024/04/10, 17:40:13.593, 5950766261576, vstest.console.dll, AssemblyResolver.OnResolve: Microsoft.VisualStudio.TestPlatform.Extensions.Html.TestLogger: Loading assembly 'C:\Program Files\dotnet\sdk\8.0.204\Extensions\Microsoft.VisualStudio.TestPlatform.Extensions.Html.TestLogger.dll'.
TpTrace Information: 0 : 24612, 1, 2024/04/10, 17:40:13.594, 5950766267734, vstest.console.dll, AssemblyResolver.OnResolve: Resolved assembly: Microsoft.VisualStudio.TestPlatform.Extensions.Html.TestLogger, from path: C:\Program Files\dotnet\sdk\8.0.204\Extensions\Microsoft.VisualStudio.TestPlatform.Extensions.Html.TestLogger.dll
TpTrace Verbose: 0 : 24612, 1, 2024/04/10, 17:40:13.594, 5950766268561, vstest.console.dll, MetadataReaderExtensionsHelper: Discovering extensions inside assembly 'Microsoft.VisualStudio.TestPlatform.Extensions.Html.TestLogger, Version=15.0.0.0, Culture=neutral, PublicKeyToken=b03f5f7f11d50a3a' file path 'C:\Program Files\dotnet\sdk\8.0.204\Extensions\Microsoft.VisualStudio.TestPlatform.Extensions.Html.TestLogger.dll'
TpTrace Information: 0 : 24612, 1, 2024/04/10, 17:40:13.595, 5950766277527, vstest.console.dll, AssemblyResolver.OnResolve: Microsoft.VisualStudio.TestPlatform.Extensions.Trx.TestLogger: Resolving assembly.
TpTrace Information: 0 : 24612, 1, 2024/04/10, 17:40:13.595, 5950766278233, vstest.console.dll, AssemblyResolver.OnResolve: Microsoft.VisualStudio.TestPlatform.Extensions.Trx.TestLogger: Searching in: 'C:\Program Files\dotnet\sdk\8.0.204\Extensions'.
TpTrace Information: 0 : 24612, 1, 2024/04/10, 17:40:13.595, 5950766282029, vstest.console.dll, AssemblyResolver.OnResolve: Microsoft.VisualStudio.TestPlatform.Extensions.Trx.TestLogger: Loading assembly 'C:\Program Files\dotnet\sdk\8.0.204\Extensions\Microsoft.VisualStudio.TestPlatform.Extensions.Trx.TestLogger.dll'.
TpTrace Information: 0 : 24612, 1, 2024/04/10, 17:40:13.596, 5950766288424, vstest.console.dll, AssemblyResolver.OnResolve: Resolved assembly: Microsoft.VisualStudio.TestPlatform.Extensions.Trx.TestLogger, from path: C:\Program Files\dotnet\sdk\8.0.204\Extensions\Microsoft.VisualStudio.TestPlatform.Extensions.Trx.TestLogger.dll
TpTrace Verbose: 0 : 24612, 1, 2024/04/10, 17:40:13.596, 5950766289276, vstest.console.dll, MetadataReaderExtensionsHelper: Discovering extensions inside assembly 'Microsoft.VisualStudio.TestPlatform.Extensions.Trx.TestLogger, Version=15.0.0.0, Culture=neutral, PublicKeyToken=b03f5f7f11d50a3a' file path 'C:\Program Files\dotnet\sdk\8.0.204\Extensions\Microsoft.VisualStudio.TestPlatform.Extensions.Trx.TestLogger.dll'
TpTrace Verbose: 0 : 24612, 1, 2024/04/10, 17:40:13.597, 5950766301205, vstest.console.dll, TestPluginCache: Discovered the extensions using extension path ''.
TpTrace Verbose: 0 : 24612, 1, 2024/04/10, 17:40:13.597, 5950766302070, vstest.console.dll, TestPluginCache: Discoverers are ''.
TpTrace Verbose: 0 : 24612, 1, 2024/04/10, 17:40:13.597, 5950766302529, vstest.console.dll, TestPluginCache: Executors are ''.
TpTrace Verbose: 0 : 24612, 1, 2024/04/10, 17:40:13.597, 5950766302934, vstest.console.dll, TestPluginCache: Executors2 are ''.
TpTrace Verbose: 0 : 24612, 1, 2024/04/10, 17:40:13.597, 5950766303325, vstest.console.dll, TestPluginCache: Setting providers are ''.
TpTrace Verbose: 0 : 24612, 1, 2024/04/10, 17:40:13.597, 5950766303709, vstest.console.dll, TestPluginCache: Loggers are ''.
TpTrace Verbose: 0 : 24612, 1, 2024/04/10, 17:40:13.598, 5950766306225, vstest.console.dll, TestPluginCache: TestHosts are 'HostProvider://DefaultTestHost,HostProvider://DotnetTestHost'.
TpTrace Verbose: 0 : 24612, 1, 2024/04/10, 17:40:13.598, 5950766306786, vstest.console.dll, TestPluginCache: DataCollectors are ''.
TpTrace Information: 0 : 24612, 1, 2024/04/10, 17:40:13.614, 5950766470682, vstest.console.dll, RunTestsArgumentProcessor:Execute: Test run is starting.
TpTrace Verbose: 0 : 24612, 1, 2024/04/10, 17:40:13.614, 5950766471698, vstest.console.dll, RunTestsArgumentProcessor:Execute: Queuing Test run.
TpTrace Information: 0 : 24612, 1, 2024/04/10, 17:40:13.615, 5950766474568, vstest.console.dll, TestRequestManager.RunTests: run tests started.
TpTrace Information: 0 : 24612, 1, 2024/04/10, 17:40:13.616, 5950766490319, vstest.console.dll, AssemblyMetadataProvider.GetFrameworkName: Determined framework:'.NETCoreApp,Version=v8.0' for source: 'D:\CODING\Softuni\All Courses\WEB\CookTheWeek\CookTheWeek.Services.Tests\bin\Debug\net8.0\fine-code-coverage\build-output\CookTheWeek.Services.Tests.dll'
TpTrace Information: 0 : 24612, 1, 2024/04/10, 17:40:13.616, 5950766492417, vstest.console.dll, Determined framework for all sources: .NETCoreApp,Version=v8.0
TpTrace Verbose: 0 : 24612, 1, 2024/04/10, 17:40:13.617, 5950766496337, vstest.console.dll, TestRequestManager.UpdateRunSettingsIfRequired: Default architecture: X64 IsDefaultTargetArchitecture: True, Current process architecture: X64 OperatingSystem: Windows.
TpTrace Information: 0 : 24612, 1, 2024/04/10, 17:40:13.619, 5950766516717, vstest.console.dll, AssemblyMetadataProvider.GetArchitecture: Determined architecture:AnyCPU info for assembly: D:\CODING\Softuni\All Courses\WEB\CookTheWeek\CookTheWeek.Services.Tests\bin\Debug\net8.0\fine-code-coverage\build-output\CookTheWeek.Services.Tests.dll
TpTrace Information: 0 : 24612, 1, 2024/04/10, 17:40:13.619, 5950766517522, vstest.console.dll, Determined platform for source 'D:\CODING\Softuni\All Courses\WEB\CookTheWeek\CookTheWeek.Services.Tests\bin\Debug\net8.0\fine-code-coverage\build-output\CookTheWeek.Services.Tests.dll' was AnyCPU and it will use the default plaform X64.
TpTrace Information: 0 : 24612, 1, 2024/04/10, 17:40:13.619, 5950766518020, vstest.console.dll, None of the sources provided any runnable platform, using the default platform: X64
TpTrace Information: 0 : 24612, 1, 2024/04/10, 17:40:13.619, 5950766519236, vstest.console.dll, Platform was updated to 'X64'.
TpTrace Information: 0 : 24612, 1, 2024/04/10, 17:40:13.623, 5950766560534, vstest.console.dll, InferRunSettingsHelper.IsTestSettingsEnabled: Unable to navigate to RunSettings/MSTest. Current node: RunSettings
TpTrace Information: 0 : 24612, 1, 2024/04/10, 17:40:13.624, 5950766568655, vstest.console.dll, AssemblyResolver.OnResolve: Microsoft.VisualStudio.TestPlatform.Fakes: Resolving assembly.
TpTrace Information: 0 : 24612, 1, 2024/04/10, 17:40:13.624, 5950766569506, vstest.console.dll, AssemblyResolver.OnResolve: Microsoft.VisualStudio.TestPlatform.Fakes: Searching in: 'C:\Program Files\dotnet\sdk\8.0.204\Extensions'.
TpTrace Information: 0 : 24612, 1, 2024/04/10, 17:40:13.624, 5950766571081, vstest.console.dll, AssemblyResolver.OnResolve: Microsoft.VisualStudio.TestPlatform.Fakes: Assembly path does not exist: 'C:\Program Files\dotnet\sdk\8.0.204\Extensions\Microsoft.VisualStudio.TestPlatform.Fakes.dll', returning.
TpTrace Information: 0 : 24612, 1, 2024/04/10, 17:40:13.624, 5950766572521, vstest.console.dll, AssemblyResolver.OnResolve: Microsoft.VisualStudio.TestPlatform.Fakes: Assembly path does not exist: 'C:\Program Files\dotnet\sdk\8.0.204\Extensions\Microsoft.VisualStudio.TestPlatform.Fakes.exe', returning.
TpTrace Information: 0 : 24612, 1, 2024/04/10, 17:40:13.624, 5950766573053, vstest.console.dll, AssemblyResolver.OnResolve: Microsoft.VisualStudio.TestPlatform.Fakes: Searching in: 'C:\Program Files\dotnet\sdk\8.0.204'.
TpTrace Information: 0 : 24612, 1, 2024/04/10, 17:40:13.625, 5950766574295, vstest.console.dll, AssemblyResolver.OnResolve: Microsoft.VisualStudio.TestPlatform.Fakes: Assembly path does not exist: 'C:\Program Files\dotnet\sdk\8.0.204\Microsoft.VisualStudio.TestPlatform.Fakes.dll', returning.
TpTrace Information: 0 : 24612, 1, 2024/04/10, 17:40:13.625, 5950766575525, vstest.console.dll, AssemblyResolver.OnResolve: Microsoft.VisualStudio.TestPlatform.Fakes: Assembly path does not exist: 'C:\Program Files\dotnet\sdk\8.0.204\Microsoft.VisualStudio.TestPlatform.Fakes.exe', returning.
TpTrace Information: 0 : 24612, 1, 2024/04/10, 17:40:13.625, 5950766576012, vstest.console.dll, AssemblyResolver.OnResolve: Microsoft.VisualStudio.TestPlatform.Fakes: Failed to load assembly.
TpTrace Information: 0 : 24612, 1, 2024/04/10, 17:40:13.625, 5950766579349, vstest.console.dll, Failed to load assembly Microsoft.VisualStudio.TestPlatform.Fakes, Version=17.0.0.0, Culture=neutral. Reason:System.IO.FileNotFoundException: Could not load file or assembly 'Microsoft.VisualStudio.TestPlatform.Fakes, Version=17.0.0.0, Culture=neutral, PublicKeyToken=null'. The system cannot find the file specified.
File name: 'Microsoft.VisualStudio.TestPlatform.Fakes, Version=17.0.0.0, Culture=neutral, PublicKeyToken=null'
   at System.Reflection.RuntimeAssembly.InternalLoad(AssemblyName assemblyName, StackCrawlMark& stackMark, AssemblyLoadContext assemblyLoadContext, RuntimeAssembly requestingAssembly, Boolean throwOnFileNotFound)
   at System.Reflection.Assembly.Load(AssemblyName assemblyRef)
   at Microsoft.VisualStudio.TestPlatform.Common.Utilities.FakesUtilities.LoadTestPlatformAssembly() in /_/src/Microsoft.TestPlatform.Common/Utilities/FakesUtilities.cs:line 272
TpTrace Verbose: 0 : 24612, 1, 2024/04/10, 17:40:13.629, 5950766616406, vstest.console.dll, TestPluginCache.DiscoverTestExtensions: finding test extensions in assemblies ends with: TestLogger.dll TPluginInfo: Microsoft.VisualStudio.TestPlatform.Common.ExtensionFramework.Utilities.TestLoggerPluginInformation TExtension: Microsoft.VisualStudio.TestPlatform.ObjectModel.Client.ITestLogger
TpTrace Verbose: 0 : 24612, 1, 2024/04/10, 17:40:13.629, 5950766617667, vstest.console.dll, TestPluginCache.GetExtensionPaths: Filtered extension paths: 
TpTrace Verbose: 0 : 24612, 1, 2024/04/10, 17:40:13.629, 5950766618216, vstest.console.dll, TestPluginCache.GetExtensionPaths: Added default extension paths: C:\Program Files\dotnet\sdk\8.0.204\Extensions\Microsoft.Diagnostics.NETCore.Client.dll
C:\Program Files\dotnet\sdk\8.0.204\Extensions\Microsoft.TestPlatform.Extensions.BlameDataCollector.dll
C:\Program Files\dotnet\sdk\8.0.204\Extensions\Microsoft.TestPlatform.Extensions.EventLogCollector.dll
C:\Program Files\dotnet\sdk\8.0.204\Extensions\Microsoft.TestPlatform.TestHostRuntimeProvider.dll
C:\Program Files\dotnet\sdk\8.0.204\Extensions\Microsoft.VisualStudio.TestPlatform.Extensions.Html.TestLogger.dll
C:\Program Files\dotnet\sdk\8.0.204\Extensions\Microsoft.VisualStudio.TestPlatform.Extensions.Trx.TestLogger.dll
TpTrace Verbose: 0 : 24612, 1, 2024/04/10, 17:40:13.629, 5950766618742, vstest.console.dll, TestPluginCache.GetExtensionPaths: Added unfilterableExtensionPaths: 
TpTrace Information: 0 : 24612, 1, 2024/04/10, 17:40:13.629, 5950766620563, vstest.console.dll, AssemblyResolver.AddSearchDirectories: Adding more searchDirectories C:\Program Files\dotnet\sdk\8.0.204\Extensions,C:\Program Files\dotnet\sdk\8.0.204
TpTrace Verbose: 0 : 24612, 1, 2024/04/10, 17:40:13.629, 5950766621195, vstest.console.dll, TestPluginCache.DiscoverTestExtensions: Discovering the extensions using extension path.
TpTrace Verbose: 0 : 24612, 1, 2024/04/10, 17:40:13.629, 5950766621767, vstest.console.dll, TestPluginCache.GetExtensionPaths: Filtered extension paths: 
TpTrace Verbose: 0 : 24612, 1, 2024/04/10, 17:40:13.629, 5950766622212, vstest.console.dll, TestPluginCache.GetExtensionPaths: Added default extension paths: C:\Program Files\dotnet\sdk\8.0.204\Extensions\Microsoft.Diagnostics.NETCore.Client.dll
C:\Program Files\dotnet\sdk\8.0.204\Extensions\Microsoft.TestPlatform.Extensions.BlameDataCollector.dll
C:\Program Files\dotnet\sdk\8.0.204\Extensions\Microsoft.TestPlatform.Extensions.EventLogCollector.dll
C:\Program Files\dotnet\sdk\8.0.204\Extensions\Microsoft.TestPlatform.TestHostRuntimeProvider.dll
C:\Program Files\dotnet\sdk\8.0.204\Extensions\Microsoft.VisualStudio.TestPlatform.Extensions.Html.TestLogger.dll
C:\Program Files\dotnet\sdk\8.0.204\Extensions\Microsoft.VisualStudio.TestPlatform.Extensions.Trx.TestLogger.dll
TpTrace Verbose: 0 : 24612, 1, 2024/04/10, 17:40:13.629, 5950766622651, vstest.console.dll, TestPluginCache.GetExtensionPaths: Added unfilterableExtensionPaths: 
TpTrace Verbose: 0 : 24612, 1, 2024/04/10, 17:40:13.629, 5950766623145, vstest.console.dll, TestPluginCache.DiscoverTestExtensions: Discovering the extensions using allExtensionPaths: C:\Program Files\dotnet\sdk\8.0.204\Extensions\Microsoft.Diagnostics.NETCore.Client.dll
C:\Program Files\dotnet\sdk\8.0.204\Extensions\Microsoft.TestPlatform.Extensions.BlameDataCollector.dll
C:\Program Files\dotnet\sdk\8.0.204\Extensions\Microsoft.TestPlatform.Extensions.EventLogCollector.dll
C:\Program Files\dotnet\sdk\8.0.204\Extensions\Microsoft.TestPlatform.TestHostRuntimeProvider.dll
C:\Program Files\dotnet\sdk\8.0.204\Extensions\Microsoft.VisualStudio.TestPlatform.Extensions.Html.TestLogger.dll
C:\Program Files\dotnet\sdk\8.0.204\Extensions\Microsoft.VisualStudio.TestPlatform.Extensions.Trx.TestLogger.dll
TpTrace Information: 0 : 24612, 1, 2024/04/10, 17:40:13.630, 5950766624642, vstest.console.dll, AssemblyResolver.AddSearchDirectories: Adding more searchDirectories C:\Program Files\dotnet\sdk\8.0.204\Extensions,C:\Program Files\dotnet\sdk\8.0.204
TpTrace Information: 0 : 24612, 1, 2024/04/10, 17:40:13.630, 5950766625298, vstest.console.dll, AssemblyResolver.AddSearchDirectories: Adding more searchDirectories C:\Program Files\dotnet\sdk\8.0.204\Extensions,C:\Program Files\dotnet\sdk\8.0.204
TpTrace Information: 0 : 24612, 1, 2024/04/10, 17:40:13.630, 5950766625800, vstest.console.dll, AssemblyResolver.AddSearchDirectories: Adding more searchDirectories C:\Program Files\dotnet\sdk\8.0.204\Extensions,C:\Program Files\dotnet\sdk\8.0.204
TpTrace Information: 0 : 24612, 1, 2024/04/10, 17:40:13.630, 5950766626278, vstest.console.dll, AssemblyResolver.AddSearchDirectories: Adding more searchDirectories C:\Program Files\dotnet\sdk\8.0.204\Extensions,C:\Program Files\dotnet\sdk\8.0.204
TpTrace Information: 0 : 24612, 1, 2024/04/10, 17:40:13.630, 5950766626827, vstest.console.dll, AssemblyResolver.AddSearchDirectories: Adding more searchDirectories C:\Program Files\dotnet\sdk\8.0.204\Extensions,C:\Program Files\dotnet\sdk\8.0.204
TpTrace Information: 0 : 24612, 1, 2024/04/10, 17:40:13.630, 5950766627299, vstest.console.dll, AssemblyResolver.AddSearchDirectories: Adding more searchDirectories C:\Program Files\dotnet\sdk\8.0.204\Extensions,C:\Program Files\dotnet\sdk\8.0.204
TpTrace Verbose: 0 : 24612, 1, 2024/04/10, 17:40:13.630, 5950766628809, vstest.console.dll, MetadataReaderExtensionsHelper: Discovering extensions inside assembly 'Microsoft.Diagnostics.NETCore.Client, Version=0.2.9.2401, Culture=neutral, PublicKeyToken=31bf3856ad364e35' file path 'C:\Program Files\dotnet\sdk\8.0.204\Extensions\Microsoft.Diagnostics.NETCore.Client.dll'
TpTrace Information: 0 : 24612, 1, 2024/04/10, 17:40:13.631, 5950766638221, vstest.console.dll, AssemblyResolver.OnResolve: Microsoft.Bcl.AsyncInterfaces: Resolving assembly.
TpTrace Information: 0 : 24612, 1, 2024/04/10, 17:40:13.631, 5950766638983, vstest.console.dll, AssemblyResolver.OnResolve: Microsoft.Bcl.AsyncInterfaces: Resolved from cache.
TpTrace Verbose: 0 : 24612, 1, 2024/04/10, 17:40:13.631, 5950766639463, vstest.console.dll, CurrentDomainAssemblyResolve: Resolving assembly 'Microsoft.Bcl.AsyncInterfaces'.
TpTrace Information: 0 : 24612, 1, 2024/04/10, 17:40:13.631, 5950766640122, vstest.console.dll, AssemblyResolver.OnResolve: Microsoft.Bcl.AsyncInterfaces: Resolving assembly.
TpTrace Information: 0 : 24612, 1, 2024/04/10, 17:40:13.631, 5950766640586, vstest.console.dll, AssemblyResolver.OnResolve: Microsoft.Bcl.AsyncInterfaces: Resolved from cache.
TpTrace Verbose: 0 : 24612, 1, 2024/04/10, 17:40:13.631, 5950766641005, vstest.console.dll, CurrentDomainAssemblyResolve: Resolving assembly 'Microsoft.Bcl.AsyncInterfaces'.
TpTrace Verbose: 0 : 24612, 1, 2024/04/10, 17:40:13.631, 5950766641409, vstest.console.dll, CurrentDomainAssemblyResolve: Failed to resolve assembly 'Microsoft.Bcl.AsyncInterfaces'.
TpTrace Verbose: 0 : 24612, 1, 2024/04/10, 17:40:13.631, 5950766643201, vstest.console.dll, CurrentDomainAssemblyResolve: Failed to resolve assembly 'Microsoft.Bcl.AsyncInterfaces'.
TpTrace Warning: 0 : 24612, 1, 2024/04/10, 17:40:13.632, 5950766647494, vstest.console.dll, TestPluginDiscoverer: Failed to get types from assembly 'Microsoft.Diagnostics.NETCore.Client, Version=0.2.9.2401, Culture=neutral, PublicKeyToken=31bf3856ad364e35'. Error: System.Reflection.ReflectionTypeLoadException: Unable to load one or more of the requested types.
Could not load file or assembly 'Microsoft.Bcl.AsyncInterfaces, Version=6.0.0.0, Culture=neutral, PublicKeyToken=cc7b13ffcd2ddd51'. The system cannot find the file specified.
   at System.Reflection.RuntimeModule.GetTypes(RuntimeModule module)
   at System.Reflection.RuntimeModule.GetTypes()
   at Microsoft.VisualStudio.TestPlatform.Common.ExtensionFramework.TestPluginDiscoverer.GetTestExtensionsFromAssembly[TPluginInfo,TExtension](Assembly assembly, Dictionary`2 pluginInfos, String filePath) in /_/src/Microsoft.TestPlatform.Common/ExtensionFramework/TestPluginDiscoverer.cs:line 158
System.IO.FileNotFoundException: Could not load file or assembly 'Microsoft.Bcl.AsyncInterfaces, Version=6.0.0.0, Culture=neutral, PublicKeyToken=cc7b13ffcd2ddd51'. The system cannot find the file specified.
File name: 'Microsoft.Bcl.AsyncInterfaces, Version=6.0.0.0, Culture=neutral, PublicKeyToken=cc7b13ffcd2ddd51'
 ---> System.IO.FileNotFoundException: Could not load file or assembly 'Microsoft.Bcl.AsyncInterfaces, Culture=neutral, PublicKeyToken=null'. The system cannot find the file specified.
File name: 'Microsoft.Bcl.AsyncInterfaces, Culture=neutral, PublicKeyToken=null'
   at System.Reflection.RuntimeAssembly.InternalLoad(AssemblyName assemblyName, StackCrawlMark& stackMark, AssemblyLoadContext assemblyLoadContext, RuntimeAssembly requestingAssembly, Boolean throwOnFileNotFound)
   at System.Reflection.Assembly.Load(AssemblyName assemblyRef)
   at Microsoft.VisualStudio.TestPlatform.Common.ExtensionFramework.TestPluginCache.CurrentDomainAssemblyResolve(Object sender, AssemblyResolveEventArgs args) in /_/src/Microsoft.TestPlatform.Common/ExtensionFramework/TestPluginCache.cs:line 513
   at System.Runtime.Loader.AssemblyLoadContext.GetFirstResolvedAssemblyFromResolvingEvent(AssemblyName assemblyName)
   at System.Runtime.Loader.AssemblyLoadContext.ResolveUsingEvent(AssemblyName assemblyName)
   at System.Runtime.Loader.AssemblyLoadContext.ResolveUsingResolvingEvent(IntPtr gchManagedAssemblyLoadContext, AssemblyName assemblyName)
TpTrace Warning: 0 : 24612, 1, 2024/04/10, 17:40:13.632, 5950766650509, vstest.console.dll, LoaderExceptions: System.IO.FileNotFoundException: Could not load file or assembly 'Microsoft.Bcl.AsyncInterfaces, Version=6.0.0.0, Culture=neutral, PublicKeyToken=cc7b13ffcd2ddd51'. The system cannot find the file specified.
File name: 'Microsoft.Bcl.AsyncInterfaces, Version=6.0.0.0, Culture=neutral, PublicKeyToken=cc7b13ffcd2ddd51'
 ---> System.IO.FileNotFoundException: Could not load file or assembly 'Microsoft.Bcl.AsyncInterfaces, Culture=neutral, PublicKeyToken=null'. The system cannot find the file specified.
File name: 'Microsoft.Bcl.AsyncInterfaces, Culture=neutral, PublicKeyToken=null'
   at System.Reflection.RuntimeAssembly.InternalLoad(AssemblyName assemblyName, StackCrawlMark& stackMark, AssemblyLoadContext assemblyLoadContext, RuntimeAssembly requestingAssembly, Boolean throwOnFileNotFound)
   at System.Reflection.Assembly.Load(AssemblyName assemblyRef)
   at Microsoft.VisualStudio.TestPlatform.Common.ExtensionFramework.TestPluginCache.CurrentDomainAssemblyResolve(Object sender, AssemblyResolveEventArgs args) in /_/src/Microsoft.TestPlatform.Common/ExtensionFramework/TestPluginCache.cs:line 513
   at System.Runtime.Loader.AssemblyLoadContext.GetFirstResolvedAssemblyFromResolvingEvent(AssemblyName assemblyName)
   at System.Runtime.Loader.AssemblyLoadContext.ResolveUsingEvent(AssemblyName assemblyName)
   at System.Runtime.Loader.AssemblyLoadContext.ResolveUsingResolvingEvent(IntPtr gchManagedAssemblyLoadContext, AssemblyName assemblyName)
TpTrace Verbose: 0 : 24612, 1, 2024/04/10, 17:40:13.632, 5950766651603, vstest.console.dll, MetadataReaderExtensionsHelper: Discovering extensions inside assembly 'Microsoft.TestPlatform.Extensions.BlameDataCollector, Version=15.0.0.0, Culture=neutral, PublicKeyToken=b03f5f7f11d50a3a' file path 'C:\Program Files\dotnet\sdk\8.0.204\Extensions\Microsoft.TestPlatform.Extensions.BlameDataCollector.dll'
TpTrace Information: 0 : 24612, 1, 2024/04/10, 17:40:13.633, 5950766656933, vstest.console.dll, GetTestExtensionFromType: Register extension with identifier data 'logger://Microsoft/TestPlatform/Extensions/Blame/v1' and type 'Microsoft.TestPlatform.Extensions.BlameDataCollector.BlameLogger, Microsoft.TestPlatform.Extensions.BlameDataCollector, Version=15.0.0.0, Culture=neutral, PublicKeyToken=b03f5f7f11d50a3a' inside file 'C:\Program Files\dotnet\sdk\8.0.204\Extensions\Microsoft.TestPlatform.Extensions.BlameDataCollector.dll'
TpTrace Verbose: 0 : 24612, 1, 2024/04/10, 17:40:13.633, 5950766657797, vstest.console.dll, MetadataReaderExtensionsHelper: Discovering extensions inside assembly 'Microsoft.TestPlatform.Extensions.EventLogCollector, Version=15.0.0.0, Culture=neutral, PublicKeyToken=b03f5f7f11d50a3a' file path 'C:\Program Files\dotnet\sdk\8.0.204\Extensions\Microsoft.TestPlatform.Extensions.EventLogCollector.dll'
TpTrace Verbose: 0 : 24612, 1, 2024/04/10, 17:40:13.633, 5950766661398, vstest.console.dll, MetadataReaderExtensionsHelper: Discovering extensions inside assembly 'Microsoft.TestPlatform.TestHostRuntimeProvider, Version=15.0.0.0, Culture=neutral, PublicKeyToken=b03f5f7f11d50a3a' file path 'C:\Program Files\dotnet\sdk\8.0.204\Extensions\Microsoft.TestPlatform.TestHostRuntimeProvider.dll'
TpTrace Verbose: 0 : 24612, 1, 2024/04/10, 17:40:13.634, 5950766665168, vstest.console.dll, MetadataReaderExtensionsHelper: Discovering extensions inside assembly 'Microsoft.VisualStudio.TestPlatform.Extensions.Html.TestLogger, Version=15.0.0.0, Culture=neutral, PublicKeyToken=b03f5f7f11d50a3a' file path 'C:\Program Files\dotnet\sdk\8.0.204\Extensions\Microsoft.VisualStudio.TestPlatform.Extensions.Html.TestLogger.dll'
TpTrace Information: 0 : 24612, 1, 2024/04/10, 17:40:13.634, 5950766671476, vstest.console.dll, GetTestExtensionFromType: Register extension with identifier data 'logger://Microsoft/TestPlatform/HtmlLogger/v1' and type 'Microsoft.VisualStudio.TestPlatform.Extensions.HtmlLogger.HtmlLogger, Microsoft.VisualStudio.TestPlatform.Extensions.Html.TestLogger, Version=15.0.0.0, Culture=neutral, PublicKeyToken=b03f5f7f11d50a3a' inside file 'C:\Program Files\dotnet\sdk\8.0.204\Extensions\Microsoft.VisualStudio.TestPlatform.Extensions.Html.TestLogger.dll'
TpTrace Verbose: 0 : 24612, 1, 2024/04/10, 17:40:13.634, 5950766672326, vstest.console.dll, MetadataReaderExtensionsHelper: Discovering extensions inside assembly 'Microsoft.VisualStudio.TestPlatform.Extensions.Trx.TestLogger, Version=15.0.0.0, Culture=neutral, PublicKeyToken=b03f5f7f11d50a3a' file path 'C:\Program Files\dotnet\sdk\8.0.204\Extensions\Microsoft.VisualStudio.TestPlatform.Extensions.Trx.TestLogger.dll'
TpTrace Information: 0 : 24612, 1, 2024/04/10, 17:40:13.635, 5950766676927, vstest.console.dll, GetTestExtensionFromType: Register extension with identifier data 'logger://Microsoft/TestPlatform/TrxLogger/v1' and type 'Microsoft.VisualStudio.TestPlatform.Extensions.TrxLogger.TrxLogger, Microsoft.VisualStudio.TestPlatform.Extensions.Trx.TestLogger, Version=15.0.0.0, Culture=neutral, PublicKeyToken=b03f5f7f11d50a3a' inside file 'C:\Program Files\dotnet\sdk\8.0.204\Extensions\Microsoft.VisualStudio.TestPlatform.Extensions.Trx.TestLogger.dll'
TpTrace Verbose: 0 : 24612, 1, 2024/04/10, 17:40:13.635, 5950766677778, vstest.console.dll, TestPluginCache: Discovered the extensions using extension path ''.
TpTrace Verbose: 0 : 24612, 1, 2024/04/10, 17:40:13.635, 5950766678245, vstest.console.dll, TestPluginCache: Discoverers are ''.
TpTrace Verbose: 0 : 24612, 1, 2024/04/10, 17:40:13.635, 5950766678646, vstest.console.dll, TestPluginCache: Executors are ''.
TpTrace Verbose: 0 : 24612, 1, 2024/04/10, 17:40:13.635, 5950766679033, vstest.console.dll, TestPluginCache: Executors2 are ''.
TpTrace Verbose: 0 : 24612, 1, 2024/04/10, 17:40:13.635, 5950766679416, vstest.console.dll, TestPluginCache: Setting providers are ''.
TpTrace Verbose: 0 : 24612, 1, 2024/04/10, 17:40:13.635, 5950766680488, vstest.console.dll, TestPluginCache: Loggers are 'logger://Microsoft/TestPlatform/Extensions/Blame/v1,logger://Microsoft/TestPlatform/HtmlLogger/v1,logger://Microsoft/TestPlatform/TrxLogger/v1'.
TpTrace Verbose: 0 : 24612, 1, 2024/04/10, 17:40:13.635, 5950766681202, vstest.console.dll, TestPluginCache: TestHosts are 'HostProvider://DefaultTestHost,HostProvider://DotnetTestHost'.
TpTrace Verbose: 0 : 24612, 1, 2024/04/10, 17:40:13.635, 5950766681647, vstest.console.dll, TestPluginCache: DataCollectors are ''.
TpTrace Information: 0 : 24612, 1, 2024/04/10, 17:40:13.636, 5950766692703, vstest.console.dll, TestPluginManager.CreateTestExtension: Attempting to load test extension: Microsoft.TestPlatform.Extensions.BlameDataCollector.BlameLogger
TpTrace Verbose: 0 : 24612, 1, 2024/04/10, 17:40:13.645, 5950766778044, vstest.console.dll, TestEngine: Initializing Parallel Execution as MaxCpuCount is set to: 1
TpTrace Information: 0 : 24612, 1, 2024/04/10, 17:40:13.647, 5950766795251, vstest.console.dll, TestPluginManager.CreateTestExtension: Attempting to load test extension: Microsoft.VisualStudio.TestPlatform.CrossPlatEngine.Hosting.DefaultTestHostManager
TpTrace Information: 0 : 24612, 1, 2024/04/10, 17:40:13.648, 5950766805339, vstest.console.dll, TestPluginManager.CreateTestExtension: Attempting to load test extension: Microsoft.VisualStudio.TestPlatform.CrossPlatEngine.Hosting.DotnetTestHostManager
TpTrace Information: 0 : 24612, 1, 2024/04/10, 17:40:13.648, 5950766812302, vstest.console.dll, InferRunSettingsHelper.IsTestSettingsEnabled: Unable to navigate to RunSettings/MSTest. Current node: RunSettings
TpTrace Verbose: 0 : 24612, 1, 2024/04/10, 17:40:13.649, 5950766819742, vstest.console.dll, ParallelOperationManager.ClearSlots: Clearing all slots. Slots should accept more work: True
TpTrace Verbose: 0 : 24612, 1, 2024/04/10, 17:40:13.650, 5950766827713, vstest.console.dll, ParallelOperationManager.SetOccupiedSlotCount: Setting slot counts AvailableSlotCount = 1, OccupiedSlotCount = 0.
TpTrace Verbose: 0 : 24612, 1, 2024/04/10, 17:40:13.650, 5950766831909, vstest.console.dll, Occupied slots:

TpTrace Verbose: 0 : 24612, 1, 2024/04/10, 17:40:13.655, 5950766874713, vstest.console.dll, TestEngine.GetExecutionManager: Chosen execution manager 'Microsoft.VisualStudio.TestPlatform.CrossPlatEngine.Client.Parallel.ParallelProxyExecutionManager, Microsoft.TestPlatform.CrossPlatEngine, Version=15.0.0.0, Culture=neutral, PublicKeyToken=b03f5f7f11d50a3a' ParallelLevel '1'.
TpTrace Verbose: 0 : 24612, 1, 2024/04/10, 17:40:13.655, 5950766876370, vstest.console.dll, TestRunRequest.ExecuteAsync: Creating test run request.
TpTrace Verbose: 0 : 24612, 1, 2024/04/10, 17:40:13.655, 5950766879276, vstest.console.dll, TestRunRequest.ExecuteAsync: Starting.
TpTrace Information: 0 : 24612, 1, 2024/04/10, 17:40:13.657, 5950766894840, vstest.console.dll, TestRunRequest.ExecuteAsync: Starting run with settings:TestRunCriteria:
   KeepAlive=False,FrequencyOfRunStatsChangeEvent=10,RunStatsChangeEventTimeout=00:00:01.5000000,TestCaseFilter=,TestExecutorLauncher=
   Settingsxml=<RunSettings>
  <RunConfiguration>
    <ResultsDirectory>D:\CODING\Softuni\All Courses\WEB\CookTheWeek\CookTheWeek.Services.Tests\bin\Debug\net8.0\fine-code-coverage\coverage-tool-output</ResultsDirectory>
    <TargetPlatform>X64</TargetPlatform>
    <TargetFrameworkVersion>.NETCoreApp,Version=v8.0</TargetFrameworkVersion>
    <DesignMode>False</DesignMode>
    <CollectSourceInformation>False</CollectSourceInformation>
  </RunConfiguration>
  <LoggerRunSettings>
    <Loggers>
      <Logger friendlyName="blame" enabled="True" />
      <Logger friendlyName="Console" uri="logger://microsoft/TestPlatform/ConsoleLogger/v1" assemblyQualifiedName="Microsoft.VisualStudio.TestPlatform.CommandLine.Internal.ConsoleLogger, vstest.console, Version=15.0.0.0, Culture=neutral, PublicKeyToken=b03f5f7f11d50a3a" codeBase="C:\Program Files\dotnet\sdk\8.0.204\vstest.console.dll" enabled="True" />
    </Loggers>
  </LoggerRunSettings>
  <DataCollectionRunSettings>
    <DataCollectors>
      <DataCollector friendlyName="blame" enabled="True">
        <Configuration>
          <ResultsDirectory>D:\CODING\Softuni\All Courses\WEB\CookTheWeek\CookTheWeek.Services.Tests\bin\Debug\net8.0\fine-code-coverage\coverage-tool-output</ResultsDirectory>
        </Configuration>
      </DataCollector>
    </DataCollectors>
  </DataCollectionRunSettings>
</RunSettings>

TpTrace Verbose: 0 : 24612, 1, 2024/04/10, 17:40:13.657, 5950766895727, vstest.console.dll, TestRunRequest.ExecuteAsync: Wait for the first run request is over.
TpTrace Verbose: 0 : 24612, 1, 2024/04/10, 17:40:13.657, 5950766899936, vstest.console.dll, MulticastDelegateUtilities.SafeInvoke: TestRun.TestRunStart: Invoking callbacks was skipped because there are no subscribers.
TpTrace Verbose: 0 : 24612, 4, 2024/04/10, 17:40:13.657, 5950766902132, vstest.console.dll, MulticastDelegateUtilities.SafeInvoke: InternalTestLoggerEvents.SendTestRunStart: Invoking callback 1/1 for Microsoft.VisualStudio.TestPlatform.CommandLine.Internal.ConsoleLogger., took 0 ms.
TpTrace Verbose: 0 : 24612, 1, 2024/04/10, 17:40:13.658, 5950766912994, vstest.console.dll, ParallelProxyExecutionManager: Start execution. Total sources: 1
TpTrace Verbose: 0 : 24612, 1, 2024/04/10, 17:40:13.659, 5950766917224, vstest.console.dll, ParallelOperationManager.StartWork: Starting adding 1 workloads.
TpTrace Verbose: 0 : 24612, 1, 2024/04/10, 17:40:13.659, 5950766918221, vstest.console.dll, ParallelOperationManager.ClearSlots: Clearing all slots. Slots should accept more work: True
TpTrace Verbose: 0 : 24612, 1, 2024/04/10, 17:40:13.659, 5950766919180, vstest.console.dll, ParallelOperationManager.SetOccupiedSlotCount: Setting slot counts AvailableSlotCount = 1, OccupiedSlotCount = 0.
TpTrace Verbose: 0 : 24612, 1, 2024/04/10, 17:40:13.659, 5950766919752, vstest.console.dll, Occupied slots:

TpTrace Verbose: 0 : 24612, 1, 2024/04/10, 17:40:13.661, 5950766936685, vstest.console.dll, TestRequestSender is acting as server.
TpTrace Verbose: 0 : 24612, 1, 2024/04/10, 17:40:13.662, 5950766949760, vstest.console.dll, ParallelOperationManager.RunWorkInParallel: Adding 1 workload to slot, remaining workloads 0.
TpTrace Verbose: 0 : 24612, 1, 2024/04/10, 17:40:13.662, 5950766950489, vstest.console.dll, ParallelOperationManager.SetOccupiedSlotCount: Setting slot counts AvailableSlotCount = 0, OccupiedSlotCount = 1.
TpTrace Verbose: 0 : 24612, 1, 2024/04/10, 17:40:13.662, 5950766951852, vstest.console.dll, Occupied slots:
0: D:\CODING\Softuni\All Courses\WEB\CookTheWeek\CookTheWeek.Services.Tests\bin\Debug\net8.0\fine-code-coverage\build-output\CookTheWeek.Services.Tests.dll
TpTrace Verbose: 0 : 24612, 1, 2024/04/10, 17:40:13.664, 5950766966800, vstest.console.dll, ParallelOperationManager.RunWorkInParallel: Started host in slot number 0 for work (source): D:\CODING\Softuni\All Courses\WEB\CookTheWeek\CookTheWeek.Services.Tests\bin\Debug\net8.0\fine-code-coverage\build-output\CookTheWeek.Services.Tests.dll.
TpTrace Verbose: 0 : 24612, 1, 2024/04/10, 17:40:13.665, 5950766976471, vstest.console.dll, ParallelOperationManager.RunWorkInParallel: We started 1 work items, which is the max parallel level. Won't start more work.
TpTrace Verbose: 0 : 24612, 1, 2024/04/10, 17:40:13.665, 5950766977279, vstest.console.dll, ParallelOperationManager.RunWorkInParallel: We started 1 work items in here, returning True.
TpTrace Information: 0 : 24612, 1, 2024/04/10, 17:40:13.665, 5950766977821, vstest.console.dll, TestRunRequest.ExecuteAsync: Started.
TpTrace Verbose: 0 : 24612, 5, 2024/04/10, 17:40:13.665, 5950766978577, vstest.console.dll, ParallelProxyExecutionManager.StartTestRunOnConcurrentManager: Initializing uninitialized client. Started clients: 0
TpTrace Verbose: 0 : 24612, 5, 2024/04/10, 17:40:13.665, 5950766980366, vstest.console.dll, DataCollectionRequestSender.InitializeCommunication : Initialize communication. 
TpTrace Verbose: 0 : 24612, 1, 2024/04/10, 17:40:13.666, 5950766986313, vstest.console.dll, TestRunRequest.WaitForCompletion: Waiting with timeout -1.
TpTrace Information: 0 : 24612, 5, 2024/04/10, 17:40:13.674, 5950767071610, vstest.console.dll, Listening on Endpoint : 127.0.0.1:62568
TpTrace Verbose: 0 : 24612, 5, 2024/04/10, 17:40:13.681, 5950767143986, vstest.console.dll, DotnetDataCollectionLauncher: Adding  --runtimeconfig "C:\Program Files\dotnet\sdk\8.0.204\datacollector.runtimeconfig.json" in args
TpTrace Verbose: 0 : 24612, 5, 2024/04/10, 17:40:13.682, 5950767146270, vstest.console.dll, DotnetDataCollectionLauncher: Adding  --depsfile "C:\Program Files\dotnet\sdk\8.0.204\datacollector.deps.json" in args
TpTrace Verbose: 0 : 24612, 5, 2024/04/10, 17:40:13.682, 5950767149285, vstest.console.dll, DotnetDataCollectionLauncher: Full path of dotnet.exe is C:\Program Files\dotnet\dotnet.exe
TpTrace Information: 0 : 24612, 5, 2024/04/10, 17:40:13.701, 5950767343832, vstest.console.dll, ProxyDataCollectionManager.Initialize: Launched datacollector processId: 19820 port: 62568
TpTrace Information: 0 : 24612, 5, 2024/04/10, 17:40:13.702, 5950767346536, vstest.console.dll, ProxyDataCollectionManager.Initialize: waiting for connection with timeout: 90 seconds
TpTrace Verbose: 0 : 24612, 5, 2024/04/10, 17:40:13.702, 5950767347781, vstest.console.dll, DataCollectionRequestSender.WaitForRequestHandlerConnection : Waiting for connection with timeout: 90000
TpTrace Information: 0 : 24612, 7, 2024/04/10, 17:40:13.893, 5950769262375, vstest.console.dll, Using the buffer size of 16384 bytes
TpTrace Verbose: 0 : 24612, 5, 2024/04/10, 17:40:13.893, 5950769262673, vstest.console.dll, SocketCommunicationManager.WaitForClientConnection took: 191 ms, with 90000 ms timeout, and finished with True.
TpTrace Information: 0 : 24612, 7, 2024/04/10, 17:40:13.893, 5950769263879, vstest.console.dll, Accepted Client request and set the flag
TpTrace Verbose: 0 : 24612, 5, 2024/04/10, 17:40:13.894, 5950769265171, vstest.console.dll, ProxyDataCollectionManager.InvokeDataCollectionServiceAction: Starting.
TpTrace Information: 0 : 24612, 5, 2024/04/10, 17:40:13.894, 5950769266158, vstest.console.dll, ProxyDataCollectionManager.BeforeTestRunStart: Get environment variable and port for datacollector processId: 19820 port: 62568
TpTrace Verbose: 0 : 24612, 5, 2024/04/10, 17:40:13.894, 5950769267452, vstest.console.dll, DataCollectionRequestSender.SendBeforeTestRunStartAndGetResult: Send BeforeTestRunStart message with settingsXml <RunSettings><RunConfiguration><ResultsDirectory>D:\CODING\Softuni\All Courses\WEB\CookTheWeek\CookTheWeek.Services.Tests\bin\Debug\net8.0\fine-code-coverage\coverage-tool-output</ResultsDirectory><TargetPlatform>X64</TargetPlatform><TargetFrameworkVersion>.NETCoreApp,Version=v8.0</TargetFrameworkVersion><DesignMode>False</DesignMode><CollectSourceInformation>False</CollectSourceInformation><TestAdaptersPaths>C:\Program Files\dotnet\sdk\8.0.204\Extensions</TestAdaptersPaths></RunConfiguration><LoggerRunSettings><Loggers><Logger friendlyName="blame" enabled="True" /><Logger friendlyName="Console" uri="logger://microsoft/TestPlatform/ConsoleLogger/v1" assemblyQualifiedName="Microsoft.VisualStudio.TestPlatform.CommandLine.Internal.ConsoleLogger, vstest.console, Version=15.0.0.0, Culture=neutral, PublicKeyToken=b03f5f7f11d50a3a" codeBase="C:\Program Files\dotnet\sdk\8.0.204\vstest.console.dll" enabled="True" /></Loggers></LoggerRunSettings><DataCollectionRunSettings><DataCollectors><DataCollector friendlyName="blame" enabled="True"><Configuration><ResultsDirectory>D:\CODING\Softuni\All Courses\WEB\CookTheWeek\CookTheWeek.Services.Tests\bin\Debug\net8.0\fine-code-coverage\coverage-tool-output</ResultsDirectory></Configuration></DataCollector></DataCollectors></DataCollectionRunSettings></RunSettings> and sources System.Collections.Generic.List`1[System.String]: 
TpTrace Verbose: 0 : 24612, 5, 2024/04/10, 17:40:13.961, 5950769943109, vstest.console.dll, DataCollectionRequestSender.SendBeforeTestRunStartAndGetResult: Received message: (DataCollection.SendMessage) -> {"MessageType":"DataCollection.SendMessage","Payload":{"FriendlyName":null,"Uri":null,"TestCaseId":"00000000-0000-0000-0000-000000000000","Message":"Logging DataCollector Diagnostics in file: D:\\CODING\\Softuni\\All Courses\\WEB\\CookTheWeek\\CookTheWeek.Services.Tests\\bin\\Debug\\net8.0\\fine-code-coverage\\coverage-tool-output\\diagnostics.datacollector.24-04-10_17-40-13_68162_5.log","Level":0}}
TpTrace Verbose: 0 : 24612, 5, 2024/04/10, 17:40:14.072, 5950771046416, vstest.console.dll, DataCollectionRequestSender.SendBeforeTestRunStartAndGetResult: Received message: (DataCollection.BeforeTestRunStartResult) -> {"MessageType":"DataCollection.BeforeTestRunStartResult","Payload":{"EnvironmentVariables":{},"DataCollectionEventsPort":62570}}
TpTrace Information: 0 : 24612, 5, 2024/04/10, 17:40:14.077, 5950771099990, vstest.console.dll, ProxyDataCollectionManager.BeforeTestRunStart: SendBeforeTestRunStartAndGetResult successful, env variable from datacollector:   and testhost port: 62570
TpTrace Information: 0 : 24612, 5, 2024/04/10, 17:40:14.077, 5950771101174, vstest.console.dll, ProxyDataCollectionManager.InvokeDataCollectionServiceAction: Completed.
TpTrace Verbose: 0 : 24612, 5, 2024/04/10, 17:40:14.077, 5950771101784, vstest.console.dll, ParallelProxyExecutionManager.StartTestRunOnConcurrentManager: Initializing test run. Started clients: 0
TpTrace Verbose: 0 : 24612, 5, 2024/04/10, 17:40:14.077, 5950771102952, vstest.console.dll, ProxyExecutionManager: Test host is always Lazy initialize.
TpTrace Verbose: 0 : 24612, 5, 2024/04/10, 17:40:14.078, 5950771105396, vstest.console.dll, TestRequestSender.InitializeCommunication: initialize communication. 
TpTrace Information: 0 : 24612, 5, 2024/04/10, 17:40:14.078, 5950771110873, vstest.console.dll, SocketServer.Start: Listening on endpoint : 127.0.0.1:62571
TpTrace Verbose: 0 : 24612, 5, 2024/04/10, 17:40:14.079, 5950771119155, vstest.console.dll, DotnetTestHostmanager.GetTestHostProcessStartInfo: Platform environment 'X64' target architecture 'X64' framework '.NETCoreApp,Version=v8.0' OS 'Windows'
TpTrace Verbose: 0 : 24612, 5, 2024/04/10, 17:40:14.079, 5950771121087, vstest.console.dll, DotnetTestHostmanager: Adding  --runtimeconfig "D:\CODING\Softuni\All Courses\WEB\CookTheWeek\CookTheWeek.Services.Tests\bin\Debug\net8.0\fine-code-coverage\build-output\CookTheWeek.Services.Tests.runtimeconfig.json" in args
TpTrace Verbose: 0 : 24612, 5, 2024/04/10, 17:40:14.079, 5950771121919, vstest.console.dll, DotnetTestHostmanager: Adding  --depsfile "D:\CODING\Softuni\All Courses\WEB\CookTheWeek\CookTheWeek.Services.Tests\bin\Debug\net8.0\fine-code-coverage\build-output\CookTheWeek.Services.Tests.deps.json" in args
TpTrace Verbose: 0 : 24612, 5, 2024/04/10, 17:40:14.079, 5950771124066, vstest.console.dll, DotnetTestHostmanager.IsWinOnArm: Current PROCESSOR_ARCHITECTURE from environment variable 'AMD64'
TpTrace Verbose: 0 : 24612, 5, 2024/04/10, 17:40:14.080, 5950771124843, vstest.console.dll, DotnetTestHostmanager.IsWinOnArm: Is Windows on ARM 'False'
TpTrace Verbose: 0 : 24612, 5, 2024/04/10, 17:40:14.080, 5950771125635, vstest.console.dll, DotnetTestHostManager: testhost.exe found at path: D:\CODING\Softuni\All Courses\WEB\CookTheWeek\CookTheWeek.Services.Tests\bin\Debug\net8.0\fine-code-coverage\build-output\testhost.exe
TpTrace Verbose: 0 : 24612, 5, 2024/04/10, 17:40:14.080, 5950771126205, vstest.console.dll, DotnetTestHostmanager: Full path of host exe is D:\CODING\Softuni\All Courses\WEB\CookTheWeek\CookTheWeek.Services.Tests\bin\Debug\net8.0\fine-code-coverage\build-output\testhost.exe
TpTrace Verbose: 0 : 24612, 5, 2024/04/10, 17:40:14.080, 5950771127866, vstest.console.dll, DotnetTestHostmanager.LaunchTestHostAsync: Found 'VSTEST_WINAPPHOST_DOTNET_ROOT' in env variables, value 'C:\Program Files\dotnet', forwarding to 'DOTNET_ROOT'
TpTrace Verbose: 0 : 24612, 5, 2024/04/10, 17:40:14.080, 5950771129541, vstest.console.dll, DotnetTestHostManager: Starting process 'D:\CODING\Softuni\All Courses\WEB\CookTheWeek\CookTheWeek.Services.Tests\bin\Debug\net8.0\fine-code-coverage\build-output\testhost.exe' with command line ' --runtimeconfig "D:\CODING\Softuni\All Courses\WEB\CookTheWeek\CookTheWeek.Services.Tests\bin\Debug\net8.0\fine-code-coverage\build-output\CookTheWeek.Services.Tests.runtimeconfig.json" --depsfile "D:\CODING\Softuni\All Courses\WEB\CookTheWeek\CookTheWeek.Services.Tests\bin\Debug\net8.0\fine-code-coverage\build-output\CookTheWeek.Services.Tests.deps.json" --port 62571 --endpoint 127.0.0.1:062571 --role client --parentprocessid 24612 --diag "D:\CODING\Softuni\All Courses\WEB\CookTheWeek\CookTheWeek.Services.Tests\bin\Debug\net8.0\fine-code-coverage\coverage-tool-output\diagnostics.host.24-04-10_17-40-14_07909_5.log" --tracelevel 4 --datacollectionport 62570 --telemetryoptedin false'
TpTrace Verbose: 0 : 24612, 5, 2024/04/10, 17:40:14.088, 5950771214041, vstest.console.dll, MulticastDelegateUtilities.SafeInvoke: HostProviderEvents.OnHostLaunched: Invoking callback 1/2 for Microsoft.VisualStudio.TestPlatform.CrossPlatEngine.Client.ProxyExecutionManagerWithDataCollection., took 1 ms.
TpTrace Verbose: 0 : 24612, 5, 2024/04/10, 17:40:14.089, 5950771218869, vstest.console.dll, Test Runtime launched
TpTrace Verbose: 0 : 24612, 5, 2024/04/10, 17:40:14.089, 5950771220126, vstest.console.dll, MulticastDelegateUtilities.SafeInvoke: HostProviderEvents.OnHostLaunched: Invoking callback 2/2 for Microsoft.VisualStudio.TestPlatform.CrossPlatEngine.Client.ProxyOperationManager., took 0 ms.
TpTrace Verbose: 0 : 24612, 5, 2024/04/10, 17:40:14.089, 5950771222478, vstest.console.dll, TestRequestSender.WaitForRequestHandlerConnection: waiting for connection with timeout: 90000.
TpTrace Verbose: 0 : 24612, 5, 2024/04/10, 17:40:14.313, 5950773459063, vstest.console.dll, TestRequestSender.WaitForRequestHandlerConnection: waiting took 223 ms, with timeout 90000 ms, and result 0, which is success.
TpTrace Verbose: 0 : 24612, 11, 2024/04/10, 17:40:14.313, 5950773459061, vstest.console.dll, MulticastDelegateUtilities.SafeInvoke: SocketServer: ClientConnected: Invoking callback 1/1 for Microsoft.VisualStudio.TestPlatform.CommunicationUtilities.TestRequestSender., took 0 ms.
TpTrace Verbose: 0 : 24612, 11, 2024/04/10, 17:40:14.313, 5950773461518, vstest.console.dll, SocketServer.OnClientConnected: Client connected for endPoint: 127.0.0.1:62571, starting MessageLoopAsync:
TpTrace Verbose: 0 : 24612, 13, 2024/04/10, 17:40:14.314, 5950773469967, vstest.console.dll, TcpClientExtensions.MessageLoopAsync: Polling on remoteEndPoint: 127.0.0.1:62572 localEndPoint: 127.0.0.1:62571 after 0 ms
TpTrace Verbose: 0 : 24612, 5, 2024/04/10, 17:40:14.315, 5950773474210, vstest.console.dll, TestRequestSender.CheckVersionWithTestHost: Sending check version message: {"MessageType":"ProtocolVersion","Payload":7}
TpTrace Verbose: 0 : 24612, 13, 2024/04/10, 17:40:14.449, 5950774815107, vstest.console.dll, TcpClientExtensions.MessageLoopAsync: NotifyDataAvailable remoteEndPoint: 127.0.0.1:62572 localEndPoint: 127.0.0.1:62571
TpTrace Verbose: 0 : 24612, 13, 2024/04/10, 17:40:14.449, 5950774818174, vstest.console.dll, TestRequestSender.CheckVersionWithTestHost: onMessageReceived received message: (ProtocolVersion) -> {"MessageType":"ProtocolVersion","Payload":7}
TpTrace Verbose: 0 : 24612, 13, 2024/04/10, 17:40:14.450, 5950774827061, vstest.console.dll, MulticastDelegateUtilities.SafeInvoke: LengthPrefixCommunicationChannel: MessageReceived: Invoking callback 1/1 for Microsoft.VisualStudio.TestPlatform.CommunicationUtilities.TestRequestSender+<>c__DisplayClass29_0., took 0 ms.
TpTrace Verbose: 0 : 24612, 5, 2024/04/10, 17:40:14.450, 5950774828355, vstest.console.dll, TestPluginCache.GetExtensionPaths: Filtered extension paths: 
TpTrace Verbose: 0 : 24612, 13, 2024/04/10, 17:40:14.450, 5950774828431, vstest.console.dll, TcpClientExtensions.MessageLoopAsync: Polling on remoteEndPoint: 127.0.0.1:62572 localEndPoint: 127.0.0.1:62571 after 135 ms
TpTrace Verbose: 0 : 24612, 5, 2024/04/10, 17:40:14.450, 5950774829176, vstest.console.dll, TestPluginCache.GetExtensionPaths: Added default extension paths: C:\Program Files\dotnet\sdk\8.0.204\Extensions\Microsoft.Diagnostics.NETCore.Client.dll
C:\Program Files\dotnet\sdk\8.0.204\Extensions\Microsoft.TestPlatform.Extensions.BlameDataCollector.dll
C:\Program Files\dotnet\sdk\8.0.204\Extensions\Microsoft.TestPlatform.Extensions.EventLogCollector.dll
C:\Program Files\dotnet\sdk\8.0.204\Extensions\Microsoft.TestPlatform.TestHostRuntimeProvider.dll
C:\Program Files\dotnet\sdk\8.0.204\Extensions\Microsoft.VisualStudio.TestPlatform.Extensions.Html.TestLogger.dll
C:\Program Files\dotnet\sdk\8.0.204\Extensions\Microsoft.VisualStudio.TestPlatform.Extensions.Trx.TestLogger.dll
TpTrace Verbose: 0 : 24612, 5, 2024/04/10, 17:40:14.450, 5950774830561, vstest.console.dll, TestPluginCache.GetExtensionPaths: Added unfilterableExtensionPaths: 
TpTrace Verbose: 0 : 24612, 5, 2024/04/10, 17:40:14.453, 5950774863666, vstest.console.dll, TestRequestSender.InitializeExecution: Sending initialize execution with message: {"Version":7,"MessageType":"TestExecution.Initialize","Payload":["D:\\CODING\\Softuni\\All Courses\\WEB\\CookTheWeek\\CookTheWeek.Services.Tests\\bin\\Debug\\net8.0\\fine-code-coverage\\build-output\\NUnit3.TestAdapter.dll"]}
TpTrace Verbose: 0 : 24612, 5, 2024/04/10, 17:40:14.454, 5950774867824, vstest.console.dll, ParallelProxyExecutionManager.StartTestRunOnConcurrentManager: Execution starting. Started clients: 1
TpTrace Verbose: 0 : 24612, 5, 2024/04/10, 17:40:14.454, 5950774871052, vstest.console.dll, TestRunRequest:SendTestRunMessage: Starting.
TpTrace Verbose: 0 : 24612, 5, 2024/04/10, 17:40:14.454, 5950774872791, vstest.console.dll, MulticastDelegateUtilities.SafeInvoke: TestRun.LogMessages: Invoking callback 1/1 for Microsoft.VisualStudio.TestPlatform.CommandLine.TestRunResultAggregator., took 0 ms.
TpTrace Information: 0 : 24612, 5, 2024/04/10, 17:40:14.454, 5950774873362, vstest.console.dll, TestRunRequest:SendTestRunMessage: Completed.
TpTrace Verbose: 0 : 24612, 4, 2024/04/10, 17:40:14.455, 5950774875033, vstest.console.dll, MulticastDelegateUtilities.SafeInvoke: InternalTestLoggerEvents.SendTestRunMessage: Invoking callback 1/1 for Microsoft.VisualStudio.TestPlatform.CommandLine.Internal.ConsoleLogger., took 0 ms.
TpTrace Warning: 0 : 24612, 5, 2024/04/10, 17:40:14.455, 5950774877236, vstest.console.dll, InferRunSettingsHelper.MakeRunsettingsCompatible: Removing the following settings: TargetPlatform from RunSettings file. To use those settings please move to latest version of Microsoft.NET.Test.Sdk
TpTrace Verbose: 0 : 24612, 13, 2024/04/10, 17:40:14.457, 5950774895980, vstest.console.dll, TcpClientExtensions.MessageLoopAsync: NotifyDataAvailable remoteEndPoint: 127.0.0.1:62572 localEndPoint: 127.0.0.1:62571
TpTrace Verbose: 0 : 24612, 13, 2024/04/10, 17:40:14.457, 5950774899125, vstest.console.dll, TestRequestSender.OnExecutionMessageReceived: Received message: {"Version":7,"MessageType":"TestSession.Message","Payload":{"MessageLevel":0,"Message":"Logging TestHost Diagnostics in file: D:\\CODING\\Softuni\\All Courses\\WEB\\CookTheWeek\\CookTheWeek.Services.Tests\\bin\\Debug\\net8.0\\fine-code-coverage\\coverage-tool-output\\diagnostics.host.24-04-10_17-40-14_07909_5.log"}}
TpTrace Verbose: 0 : 24612, 13, 2024/04/10, 17:40:14.460, 5950774925442, vstest.console.dll, TestRunRequest:SendTestRunMessage: Starting.
TpTrace Verbose: 0 : 24612, 13, 2024/04/10, 17:40:14.460, 5950774926604, vstest.console.dll, MulticastDelegateUtilities.SafeInvoke: TestRun.LogMessages: Invoking callback 1/1 for Microsoft.VisualStudio.TestPlatform.CommandLine.TestRunResultAggregator., took 0 ms.
TpTrace Verbose: 0 : 24612, 4, 2024/04/10, 17:40:14.460, 5950774926970, vstest.console.dll, MulticastDelegateUtilities.SafeInvoke: InternalTestLoggerEvents.SendTestRunMessage: Invoking callback 1/1 for Microsoft.VisualStudio.TestPlatform.CommandLine.Internal.ConsoleLogger., took 0 ms.
TpTrace Information: 0 : 24612, 13, 2024/04/10, 17:40:14.460, 5950774927136, vstest.console.dll, TestRunRequest:SendTestRunMessage: Completed.
TpTrace Verbose: 0 : 24612, 13, 2024/04/10, 17:40:14.460, 5950774928537, vstest.console.dll, MulticastDelegateUtilities.SafeInvoke: LengthPrefixCommunicationChannel: MessageReceived: Invoking callback 1/1 for Microsoft.VisualStudio.TestPlatform.CommunicationUtilities.TestRequestSender+<>c__DisplayClass34_0., took 3 ms.
TpTrace Verbose: 0 : 24612, 13, 2024/04/10, 17:40:14.460, 5950774929104, vstest.console.dll, TcpClientExtensions.MessageLoopAsync: Polling on remoteEndPoint: 127.0.0.1:62572 localEndPoint: 127.0.0.1:62571 after 9 ms
TpTrace Verbose: 0 : 24612, 5, 2024/04/10, 17:40:14.461, 5950774940790, vstest.console.dll, TestRequestSender.StartTestRun: Sending test run with message: {"Version":7,"MessageType":"TestExecution.StartWithSources","Payload":{"AdapterSourceMap":{"_none_":["D:\\CODING\\Softuni\\All Courses\\WEB\\CookTheWeek\\CookTheWeek.Services.Tests\\bin\\Debug\\net8.0\\fine-code-coverage\\build-output\\CookTheWeek.Services.Tests.dll"]},"RunSettings":"<RunSettings>\r\n  <RunConfiguration>\r\n    <ResultsDirectory>D:\\CODING\\Softuni\\All Courses\\WEB\\CookTheWeek\\CookTheWeek.Services.Tests\\bin\\Debug\\net8.0\\fine-code-coverage\\coverage-tool-output</ResultsDirectory>\r\n    <TargetFrameworkVersion>.NETCoreApp,Version=v8.0</TargetFrameworkVersion>\r\n    <DesignMode>False</DesignMode>\r\n    <CollectSourceInformation>False</CollectSourceInformation>\r\n  </RunConfiguration>\r\n  <LoggerRunSettings>\r\n    <Loggers>\r\n      <Logger friendlyName=\"blame\" enabled=\"True\" />\r\n      <Logger friendlyName=\"Console\" uri=\"logger://microsoft/TestPlatform/ConsoleLogger/v1\" assemblyQualifiedName=\"Microsoft.VisualStudio.TestPlatform.CommandLine.Internal.ConsoleLogger, vstest.console, Version=15.0.0.0, Culture=neutral, PublicKeyToken=b03f5f7f11d50a3a\" codeBase=\"C:\\Program Files\\dotnet\\sdk\\8.0.204\\vstest.console.dll\" enabled=\"True\" />\r\n    </Loggers>\r\n  </LoggerRunSettings>\r\n  <DataCollectionRunSettings>\r\n    <DataCollectors>\r\n      <DataCollector friendlyName=\"blame\" enabled=\"True\">\r\n        <Configuration>\r\n          <ResultsDirectory>D:\\CODING\\Softuni\\All Courses\\WEB\\CookTheWeek\\CookTheWeek.Services.Tests\\bin\\Debug\\net8.0\\fine-code-coverage\\coverage-tool-output</ResultsDirectory>\r\n        </Configuration>\r\n      </DataCollector>\r\n    </DataCollectors>\r\n  </DataCollectionRunSettings>\r\n</RunSettings>","TestExecutionContext":{"FrequencyOfRunStatsChangeEvent":10,"RunStatsChangeEventTimeout":"00:00:01.5000000","InIsolation":false,"KeepAlive":false,"AreTestCaseLevelEventsRequired":false,"IsDebug":false,"TestCaseFilter":null,"FilterOptions":null},"Package":null}}
TpTrace Verbose: 0 : 24612, 5, 2024/04/10, 17:40:14.461, 5950774943589, vstest.console.dll, ParallelProxyExecutionManager.StartTestRunOnConcurrentManager: Execution started. Started clients: 1
TpTrace Verbose: 0 : 24612, 13, 2024/04/10, 17:40:14.649, 5950776816457, vstest.console.dll, TcpClientExtensions.MessageLoopAsync: NotifyDataAvailable remoteEndPoint: 127.0.0.1:62572 localEndPoint: 127.0.0.1:62571
TpTrace Verbose: 0 : 24612, 13, 2024/04/10, 17:40:14.649, 5950776818833, vstest.console.dll, TestRequestSender.OnExecutionMessageReceived: Received message: {"Version":7,"MessageType":"TestSession.Message","Payload":{"MessageLevel":0,"Message":"NUnit Adapter 4.2.0.0: Test execution started"}}
TpTrace Verbose: 0 : 24612, 13, 2024/04/10, 17:40:14.649, 5950776822269, vstest.console.dll, TestRunRequest:SendTestRunMessage: Starting.
TpTrace Verbose: 0 : 24612, 13, 2024/04/10, 17:40:14.649, 5950776823637, vstest.console.dll, MulticastDelegateUtilities.SafeInvoke: TestRun.LogMessages: Invoking callback 1/1 for Microsoft.VisualStudio.TestPlatform.CommandLine.TestRunResultAggregator., took 0 ms.
TpTrace Verbose: 0 : 24612, 4, 2024/04/10, 17:40:14.649, 5950776823974, vstest.console.dll, MulticastDelegateUtilities.SafeInvoke: InternalTestLoggerEvents.SendTestRunMessage: Invoking callback 1/1 for Microsoft.VisualStudio.TestPlatform.CommandLine.Internal.ConsoleLogger., took 0 ms.
TpTrace Information: 0 : 24612, 13, 2024/04/10, 17:40:14.650, 5950776824488, vstest.console.dll, TestRunRequest:SendTestRunMessage: Completed.
TpTrace Verbose: 0 : 24612, 13, 2024/04/10, 17:40:14.650, 5950776826875, vstest.console.dll, MulticastDelegateUtilities.SafeInvoke: LengthPrefixCommunicationChannel: MessageReceived: Invoking callback 1/1 for Microsoft.VisualStudio.TestPlatform.CommunicationUtilities.TestRequestSender+<>c__DisplayClass34_0., took 0 ms.
TpTrace Verbose: 0 : 24612, 13, 2024/04/10, 17:40:14.650, 5950776828038, vstest.console.dll, TcpClientExtensions.MessageLoopAsync: Polling on remoteEndPoint: 127.0.0.1:62572 localEndPoint: 127.0.0.1:62571 after 189 ms
TpTrace Verbose: 0 : 24612, 13, 2024/04/10, 17:40:14.684, 5950777167195, vstest.console.dll, TcpClientExtensions.MessageLoopAsync: NotifyDataAvailable remoteEndPoint: 127.0.0.1:62572 localEndPoint: 127.0.0.1:62571
TpTrace Verbose: 0 : 24612, 13, 2024/04/10, 17:40:14.684, 5950777169418, vstest.console.dll, TestRequestSender.OnExecutionMessageReceived: Received message: {"Version":7,"MessageType":"TestSession.Message","Payload":{"MessageLevel":0,"Message":"Running all tests in D:\\CODING\\Softuni\\All Courses\\WEB\\CookTheWeek\\CookTheWeek.Services.Tests\\bin\\Debug\\net8.0\\fine-code-coverage\\build-output\\CookTheWeek.Services.Tests.dll"}}
TpTrace Verbose: 0 : 24612, 13, 2024/04/10, 17:40:14.684, 5950777171323, vstest.console.dll, TestRunRequest:SendTestRunMessage: Starting.
TpTrace Verbose: 0 : 24612, 13, 2024/04/10, 17:40:14.684, 5950777172449, vstest.console.dll, MulticastDelegateUtilities.SafeInvoke: TestRun.LogMessages: Invoking callback 1/1 for Microsoft.VisualStudio.TestPlatform.CommandLine.TestRunResultAggregator., took 0 ms.
TpTrace Verbose: 0 : 24612, 4, 2024/04/10, 17:40:14.684, 5950777172574, vstest.console.dll, MulticastDelegateUtilities.SafeInvoke: InternalTestLoggerEvents.SendTestRunMessage: Invoking callback 1/1 for Microsoft.VisualStudio.TestPlatform.CommandLine.Internal.ConsoleLogger., took 0 ms.
TpTrace Information: 0 : 24612, 13, 2024/04/10, 17:40:14.685, 5950777174665, vstest.console.dll, TestRunRequest:SendTestRunMessage: Completed.
TpTrace Verbose: 0 : 24612, 13, 2024/04/10, 17:40:14.685, 5950777175656, vstest.console.dll, MulticastDelegateUtilities.SafeInvoke: LengthPrefixCommunicationChannel: MessageReceived: Invoking callback 1/1 for Microsoft.VisualStudio.TestPlatform.CommunicationUtilities.TestRequestSender+<>c__DisplayClass34_0., took 0 ms.
TpTrace Verbose: 0 : 24612, 13, 2024/04/10, 17:40:14.685, 5950777176476, vstest.console.dll, TcpClientExtensions.MessageLoopAsync: Polling on remoteEndPoint: 127.0.0.1:62572 localEndPoint: 127.0.0.1:62571 after 34 ms
TpTrace Verbose: 0 : 24612, 13, 2024/04/10, 17:40:14.817, 5950778496364, vstest.console.dll, TcpClientExtensions.MessageLoopAsync: NotifyDataAvailable remoteEndPoint: 127.0.0.1:62572 localEndPoint: 127.0.0.1:62571
TpTrace Verbose: 0 : 24612, 13, 2024/04/10, 17:40:14.817, 5950778498734, vstest.console.dll, TestRequestSender.OnExecutionMessageReceived: Received message: {"Version":7,"MessageType":"TestSession.Message","Payload":{"MessageLevel":0,"Message":"   NUnit3TestExecutor discovered 15 of 15 NUnit test cases using Current Discovery mode, Non-Explicit run"}}
TpTrace Verbose: 0 : 24612, 13, 2024/04/10, 17:40:14.817, 5950778500269, vstest.console.dll, TestRunRequest:SendTestRunMessage: Starting.
TpTrace Verbose: 0 : 24612, 13, 2024/04/10, 17:40:14.817, 5950778501203, vstest.console.dll, MulticastDelegateUtilities.SafeInvoke: TestRun.LogMessages: Invoking callback 1/1 for Microsoft.VisualStudio.TestPlatform.CommandLine.TestRunResultAggregator., took 0 ms.
TpTrace Verbose: 0 : 24612, 4, 2024/04/10, 17:40:14.817, 5950778501445, vstest.console.dll, MulticastDelegateUtilities.SafeInvoke: InternalTestLoggerEvents.SendTestRunMessage: Invoking callback 1/1 for Microsoft.VisualStudio.TestPlatform.CommandLine.Internal.ConsoleLogger., took 0 ms.
TpTrace Information: 0 : 24612, 13, 2024/04/10, 17:40:14.817, 5950778501756, vstest.console.dll, TestRunRequest:SendTestRunMessage: Completed.
TpTrace Verbose: 0 : 24612, 13, 2024/04/10, 17:40:14.817, 5950778503228, vstest.console.dll, MulticastDelegateUtilities.SafeInvoke: LengthPrefixCommunicationChannel: MessageReceived: Invoking callback 1/1 for Microsoft.VisualStudio.TestPlatform.CommunicationUtilities.TestRequestSender+<>c__DisplayClass34_0., took 0 ms.
TpTrace Verbose: 0 : 24612, 13, 2024/04/10, 17:40:14.817, 5950778503897, vstest.console.dll, TcpClientExtensions.MessageLoopAsync: Polling on remoteEndPoint: 127.0.0.1:62572 localEndPoint: 127.0.0.1:62571 after 132 ms
TpTrace Verbose: 0 : 24612, 13, 2024/04/10, 17:40:15.820, 5950788527289, vstest.console.dll, TcpClientExtensions.MessageLoopAsync: Polling on remoteEndPoint: 127.0.0.1:62572 localEndPoint: 127.0.0.1:62571 after 1002 ms
TpTrace Verbose: 0 : 24612, 13, 2024/04/10, 17:40:16.094, 5950791271046, vstest.console.dll, TcpClientExtensions.MessageLoopAsync: NotifyDataAvailable remoteEndPoint: 127.0.0.1:62572 localEndPoint: 127.0.0.1:62571
TpTrace Verbose: 0 : 24612, 13, 2024/04/10, 17:40:16.094, 5950791272719, vstest.console.dll, TestRequestSender.OnExecutionMessageReceived: Received message: {"Version":7,"MessageType":"TestExecution.StatsChange","Payload":{"NewTestResults":[],"TestRunStatistics":{"ExecutedTests":0,"Stats":{}},"ActiveTests":[{"Id":"1e5f4869-e637-3f4e-cb0e-96a53cf10828","FullyQualifiedName":"CookTheWeek.Services.Tests.UnitTests.RecipeServiceTests.AddAsyncShouldAddRecipe","DisplayName":"AddAsyncShouldAddRecipe","ExecutorUri":"executor://NUnit3TestExecutor","Source":"D:\\CODING\\Softuni\\All Courses\\WEB\\CookTheWeek\\CookTheWeek.Services.Tests\\bin\\Debug\\net8.0\\fine-code-coverage\\build-output\\CookTheWeek.Services.Tests.dll","CodeFilePath":null,"LineNumber":0,"Properties":[{"Key":{"Id":"NUnit.Seed","Label":"Seed","Category":"","Description":"","Attributes":0,"ValueType":"System.String"},"Value":"225222711"}]}]}}
TpTrace Verbose: 0 : 24612, 13, 2024/04/10, 17:40:16.114, 5950791466770, vstest.console.dll, TestRunRequest:SendTestRunStatsChange: Starting.
TpTrace Verbose: 0 : 24612, 13, 2024/04/10, 17:40:16.114, 5950791468445, vstest.console.dll, InProgress is AddAsyncShouldAddRecipe
TpTrace Verbose: 0 : 24612, 13, 2024/04/10, 17:40:16.114, 5950791469610, vstest.console.dll, MulticastDelegateUtilities.SafeInvoke: TestRun.RunStatsChanged: Invoking callbacks was skipped because there are no subscribers.
TpTrace Information: 0 : 24612, 13, 2024/04/10, 17:40:16.114, 5950791470345, vstest.console.dll, TestRunRequest:SendTestRunStatsChange: Completed.
TpTrace Verbose: 0 : 24612, 13, 2024/04/10, 17:40:16.114, 5950791471021, vstest.console.dll, MulticastDelegateUtilities.SafeInvoke: LengthPrefixCommunicationChannel: MessageReceived: Invoking callback 1/1 for Microsoft.VisualStudio.TestPlatform.CommunicationUtilities.TestRequestSender+<>c__DisplayClass34_0., took 19 ms.
TpTrace Verbose: 0 : 24612, 13, 2024/04/10, 17:40:16.114, 5950791471525, vstest.console.dll, TcpClientExtensions.MessageLoopAsync: Polling on remoteEndPoint: 127.0.0.1:62572 localEndPoint: 127.0.0.1:62571 after 294 ms
TpTrace Verbose: 0 : 24612, 13, 2024/04/10, 17:40:17.127, 5950801599665, vstest.console.dll, TcpClientExtensions.MessageLoopAsync: Polling on remoteEndPoint: 127.0.0.1:62572 localEndPoint: 127.0.0.1:62571 after 1012 ms
TpTrace Verbose: 0 : 24612, 13, 2024/04/10, 17:40:17.612, 5950806451193, vstest.console.dll, TcpClientExtensions.MessageLoopAsync: NotifyDataAvailable remoteEndPoint: 127.0.0.1:62572 localEndPoint: 127.0.0.1:62571
TpTrace Verbose: 0 : 24612, 13, 2024/04/10, 17:40:17.613, 5950806454436, vstest.console.dll, TestRequestSender.OnExecutionMessageReceived: Received message: {"Version":7,"MessageType":"TestExecution.StatsChange","Payload":{"NewTestResults":[{"TestCase":{"Id":"1e5f4869-e637-3f4e-cb0e-96a53cf10828","FullyQualifiedName":"CookTheWeek.Services.Tests.UnitTests.RecipeServiceTests.AddAsyncShouldAddRecipe","DisplayName":"AddAsyncShouldAddRecipe","ExecutorUri":"executor://NUnit3TestExecutor","Source":"D:\\CODING\\Softuni\\All Courses\\WEB\\CookTheWeek\\CookTheWeek.Services.Tests\\bin\\Debug\\net8.0\\fine-code-coverage\\build-output\\CookTheWeek.Services.Tests.dll","CodeFilePath":null,"LineNumber":0,"Properties":[{"Key":{"Id":"NUnit.Seed","Label":"Seed","Category":"","Description":"","Attributes":0,"ValueType":"System.String"},"Value":"225222711"}]},"Attachments":[],"Outcome":1,"ErrorMessage":null,"ErrorStackTrace":null,"DisplayName":"AddAsyncShouldAddRecipe","Messages":[],"ComputerName":"YANA-LAPTOP","Duration":"00:00:01.7302680","StartTime":"2024-04-10T14:40:14.8566151+00:00","EndTime":"2024-04-10T14:40:16.5867622+00:00","Properties":[{"Key":{"Id":"NUnit.Seed","Label":"Seed","Category":"","Description":"","Attributes":0,"ValueType":"System.String"},"Value":"225222711"}]},{"TestCase":{"Id":"a65c1236-5e09-fe98-6e37-4eee27bd1a41","FullyQualifiedName":"CookTheWeek.Services.Tests.UnitTests.RecipeServiceTests.AllAddedByUserAsyncShouldReturnCorrectData","DisplayName":"AllAddedByUserAsyncShouldReturnCorrectData","ExecutorUri":"executor://NUnit3TestExecutor","Source":"D:\\CODING\\Softuni\\All Courses\\WEB\\CookTheWeek\\CookTheWeek.Services.Tests\\bin\\Debug\\net8.0\\fine-code-coverage\\build-output\\CookTheWeek.Services.Tests.dll","CodeFilePath":null,"LineNumber":0,"Properties":[{"Key":{"Id":"NUnit.Seed","Label":"Seed","Category":"","Description":"","Attributes":0,"ValueType":"System.String"},"Value":"555899224"}]},"Attachments":[],"Outcome":1,"ErrorMessage":null,"ErrorStackTrace":null,"DisplayName":"AllAddedByUserAsyncShouldReturnCorrectData","Messages":[],"ComputerName":"YANA-LAPTOP","Duration":"00:00:00.3501590","StartTime":"2024-04-10T14:40:16.5890541+00:00","EndTime":"2024-04-10T14:40:16.9392129+00:00","Properties":[{"Key":{"Id":"NUnit.Seed","Label":"Seed","Category":"","Description":"","Attributes":0,"ValueType":"System.String"},"Value":"555899224"}]},{"TestCase":{"Id":"74cb0491-8720-e25d-b795-a47a1ed76cd9","FullyQualifiedName":"CookTheWeek.Services.Tests.UnitTests.RecipeServiceTests.AllAsyncShouldReturnCorrectModel","DisplayName":"AllAsyncShouldReturnCorrectModel","ExecutorUri":"executor://NUnit3TestExecutor","Source":"D:\\CODING\\Softuni\\All Courses\\WEB\\CookTheWeek\\CookTheWeek.Services.Tests\\bin\\Debug\\net8.0\\fine-code-coverage\\build-output\\CookTheWeek.Services.Tests.dll","CodeFilePath":null,"LineNumber":0,"Properties":[{"Key":{"Id":"NUnit.Seed","Label":"Seed","Category":"","Description":"","Attributes":0,"ValueType":"System.String"},"Value":"924750736"}]},"Attachments":[],"Outcome":1,"ErrorMessage":null,"ErrorStackTrace":null,"DisplayName":"AllAsyncShouldReturnCorrectModel","Messages":[],"ComputerName":"YANA-LAPTOP","Duration":"00:00:00.3920470","StartTime":"2024-04-10T14:40:16.9392698+00:00","EndTime":"2024-04-10T14:40:17.3313163+00:00","Properties":[{"Key":{"Id":"NUnit.Seed","Label":"Seed","Category":"","Description":"","Attributes":0,"ValueType":"System.String"},"Value":"924750736"}]}],"TestRunStatistics":{"ExecutedTests":3,"Stats":{"Passed":3}},"ActiveTests":[{"Id":"457aa353-9f81-ad83-efde-2aa1aea4467c","FullyQualifiedName":"CookTheWeek.Services.Tests.UnitTests.RecipeServiceTests.DeleteByIdShouldWorkCorrectly","DisplayName":"DeleteByIdShouldWorkCorrectly","ExecutorUri":"executor://NUnit3TestExecutor","Source":"D:\\CODING\\Softuni\\All Courses\\WEB\\CookTheWeek\\CookTheWeek.Services.Tests\\bin\\Debug\\net8.0\\fine-code-coverage\\build-output\\CookTheWeek.Services.Tests.dll","CodeFilePath":null,"LineNumber":0,"Properties":[{"Key":{"Id":"NUnit.Seed","Label":"Seed","Category":"","Description":"","Attributes":0,"ValueType":"System.String"},"Value":"1894865347"}]}]}}
TpTrace Verbose: 0 : 24612, 13, 2024/04/10, 17:40:17.623, 5950806563665, vstest.console.dll, TestRunRequest:SendTestRunStatsChange: Starting.
TpTrace Verbose: 0 : 24612, 13, 2024/04/10, 17:40:17.624, 5950806564826, vstest.console.dll, InProgress is DeleteByIdShouldWorkCorrectly
TpTrace Verbose: 0 : 24612, 13, 2024/04/10, 17:40:17.624, 5950806567136, vstest.console.dll, MulticastDelegateUtilities.SafeInvoke: TestRun.RunStatsChanged: Invoking callbacks was skipped because there are no subscribers.
TpTrace Information: 0 : 24612, 13, 2024/04/10, 17:40:17.624, 5950806567818, vstest.console.dll, TestRunRequest:SendTestRunStatsChange: Completed.
TpTrace Verbose: 0 : 24612, 13, 2024/04/10, 17:40:17.624, 5950806568361, vstest.console.dll, MulticastDelegateUtilities.SafeInvoke: LengthPrefixCommunicationChannel: MessageReceived: Invoking callback 1/1 for Microsoft.VisualStudio.TestPlatform.CommunicationUtilities.TestRequestSender+<>c__DisplayClass34_0., took 11 ms.
TpTrace Verbose: 0 : 24612, 13, 2024/04/10, 17:40:17.624, 5950806568906, vstest.console.dll, TcpClientExtensions.MessageLoopAsync: Polling on remoteEndPoint: 127.0.0.1:62572 localEndPoint: 127.0.0.1:62571 after 496 ms
TpTrace Verbose: 0 : 24612, 4, 2024/04/10, 17:40:17.626, 5950806590227, vstest.console.dll, MulticastDelegateUtilities.SafeInvoke: InternalTestLoggerEvents.SendTestResult: Invoking callback 1/1 for Microsoft.VisualStudio.TestPlatform.CommandLine.Internal.ConsoleLogger., took 2 ms.
TpTrace Verbose: 0 : 24612, 4, 2024/04/10, 17:40:17.627, 5950806594683, vstest.console.dll, MulticastDelegateUtilities.SafeInvoke: InternalTestLoggerEvents.SendTestResult: Invoking callback 1/1 for Microsoft.VisualStudio.TestPlatform.CommandLine.Internal.ConsoleLogger., took 0 ms.
TpTrace Verbose: 0 : 24612, 4, 2024/04/10, 17:40:17.627, 5950806595805, vstest.console.dll, MulticastDelegateUtilities.SafeInvoke: InternalTestLoggerEvents.SendTestResult: Invoking callback 1/1 for Microsoft.VisualStudio.TestPlatform.CommandLine.Internal.ConsoleLogger., took 0 ms.
TpTrace Verbose: 0 : 24612, 13, 2024/04/10, 17:40:18.633, 5950816660845, vstest.console.dll, TcpClientExtensions.MessageLoopAsync: Polling on remoteEndPoint: 127.0.0.1:62572 localEndPoint: 127.0.0.1:62571 after 1009 ms
TpTrace Verbose: 0 : 24612, 13, 2024/04/10, 17:40:19.123, 5950821561633, vstest.console.dll, TcpClientExtensions.MessageLoopAsync: NotifyDataAvailable remoteEndPoint: 127.0.0.1:62572 localEndPoint: 127.0.0.1:62571
TpTrace Verbose: 0 : 24612, 13, 2024/04/10, 17:40:19.124, 5950821564720, vstest.console.dll, TestRequestSender.OnExecutionMessageReceived: Received message: {"Version":7,"MessageType":"TestExecution.StatsChange","Payload":{"NewTestResults":[{"TestCase":{"Id":"457aa353-9f81-ad83-efde-2aa1aea4467c","FullyQualifiedName":"CookTheWeek.Services.Tests.UnitTests.RecipeServiceTests.DeleteByIdShouldWorkCorrectly","DisplayName":"DeleteByIdShouldWorkCorrectly","ExecutorUri":"executor://NUnit3TestExecutor","Source":"D:\\CODING\\Softuni\\All Courses\\WEB\\CookTheWeek\\CookTheWeek.Services.Tests\\bin\\Debug\\net8.0\\fine-code-coverage\\build-output\\CookTheWeek.Services.Tests.dll","CodeFilePath":null,"LineNumber":0,"Properties":[{"Key":{"Id":"NUnit.Seed","Label":"Seed","Category":"","Description":"","Attributes":0,"ValueType":"System.String"},"Value":"1894865347"}]},"Attachments":[],"Outcome":1,"ErrorMessage":null,"ErrorStackTrace":null,"DisplayName":"DeleteByIdShouldWorkCorrectly","Messages":[],"ComputerName":"YANA-LAPTOP","Duration":"00:00:00.3387880","StartTime":"2024-04-10T14:40:17.3313619+00:00","EndTime":"2024-04-10T14:40:17.6701464+00:00","Properties":[{"Key":{"Id":"NUnit.Seed","Label":"Seed","Category":"","Description":"","Attributes":0,"ValueType":"System.String"},"Value":"1894865347"}]},{"TestCase":{"Id":"875b97de-6a2d-34dc-f711-4442397c966b","FullyQualifiedName":"CookTheWeek.Services.Tests.UnitTests.RecipeServiceTests.DetailsByIdAsyncShouldReturnCorrectModelAndData","DisplayName":"DetailsByIdAsyncShouldReturnCorrectModelAndData","ExecutorUri":"executor://NUnit3TestExecutor","Source":"D:\\CODING\\Softuni\\All Courses\\WEB\\CookTheWeek\\CookTheWeek.Services.Tests\\bin\\Debug\\net8.0\\fine-code-coverage\\build-output\\CookTheWeek.Services.Tests.dll","CodeFilePath":null,"LineNumber":0,"Properties":[{"Key":{"Id":"NUnit.Seed","Label":"Seed","Category":"","Description":"","Attributes":0,"ValueType":"System.String"},"Value":"994991790"}]},"Attachments":[],"Outcome":1,"ErrorMessage":null,"ErrorStackTrace":null,"DisplayName":"DetailsByIdAsyncShouldReturnCorrectModelAndData","Messages":[],"ComputerName":"YANA-LAPTOP","Duration":"00:00:00.4052330","StartTime":"2024-04-10T14:40:17.6701844+00:00","EndTime":"2024-04-10T14:40:18.075417+00:00","Properties":[{"Key":{"Id":"NUnit.Seed","Label":"Seed","Category":"","Description":"","Attributes":0,"ValueType":"System.String"},"Value":"994991790"}]},{"TestCase":{"Id":"2cb3f5d2-ab1c-125d-07ea-73ea0d2421e2","FullyQualifiedName":"CookTheWeek.Services.Tests.UnitTests.RecipeServiceTests.EditAsyncShouldEditRecipeCorrectly","DisplayName":"EditAsyncShouldEditRecipeCorrectly","ExecutorUri":"executor://NUnit3TestExecutor","Source":"D:\\CODING\\Softuni\\All Courses\\WEB\\CookTheWeek\\CookTheWeek.Services.Tests\\bin\\Debug\\net8.0\\fine-code-coverage\\build-output\\CookTheWeek.Services.Tests.dll","CodeFilePath":null,"LineNumber":0,"Properties":[{"Key":{"Id":"NUnit.Seed","Label":"Seed","Category":"","Description":"","Attributes":0,"ValueType":"System.String"},"Value":"1389164989"}]},"Attachments":[],"Outcome":1,"ErrorMessage":null,"ErrorStackTrace":null,"DisplayName":"EditAsyncShouldEditRecipeCorrectly","Messages":[],"ComputerName":"YANA-LAPTOP","Duration":"00:00:00.2893110","StartTime":"2024-04-10T14:40:18.0754503+00:00","EndTime":"2024-04-10T14:40:18.3647609+00:00","Properties":[{"Key":{"Id":"NUnit.Seed","Label":"Seed","Category":"","Description":"","Attributes":0,"ValueType":"System.String"},"Value":"1389164989"}]},{"TestCase":{"Id":"36e93133-4534-2a2e-5ef2-005a8fc56f00","FullyQualifiedName":"CookTheWeek.Services.Tests.UnitTests.RecipeServiceTests.ExistsByIdAsyncShouldReturnFalseIfDoesntExists","DisplayName":"ExistsByIdAsyncShouldReturnFalseIfDoesntExists","ExecutorUri":"executor://NUnit3TestExecutor","Source":"D:\\CODING\\Softuni\\All Courses\\WEB\\CookTheWeek\\CookTheWeek.Services.Tests\\bin\\Debug\\net8.0\\fine-code-coverage\\build-output\\CookTheWeek.Services.Tests.dll","CodeFilePath":null,"LineNumber":0,"Properties":[{"Key":{"Id":"NUnit.Seed","Label":"Seed","Category":"","Description":"","Attributes":0,"ValueType":"System.String"},"Value":"683897967"}]},"Attachments":[],"Outcome":1,"ErrorMessage":null,"ErrorStackTrace":null,"DisplayName":"ExistsByIdAsyncShouldReturnFalseIfDoesntExists","Messages":[],"ComputerName":"YANA-LAPTOP","Duration":"00:00:00.2510930","StartTime":"2024-04-10T14:40:18.3647945+00:00","EndTime":"2024-04-10T14:40:18.6158871+00:00","Properties":[{"Key":{"Id":"NUnit.Seed","Label":"Seed","Category":"","Description":"","Attributes":0,"ValueType":"System.String"},"Value":"683897967"}]},{"TestCase":{"Id":"00ee215f-77cc-a3c8-af98-3d78916de0bb","FullyQualifiedName":"CookTheWeek.Services.Tests.UnitTests.RecipeServiceTests.ExistsByIdAsyncShouldReturnTrueIfExists","DisplayName":"ExistsByIdAsyncShouldReturnTrueIfExists","ExecutorUri":"executor://NUnit3TestExecutor","Source":"D:\\CODING\\Softuni\\All Courses\\WEB\\CookTheWeek\\CookTheWeek.Services.Tests\\bin\\Debug\\net8.0\\fine-code-coverage\\build-output\\CookTheWeek.Services.Tests.dll","CodeFilePath":null,"LineNumber":0,"Properties":[{"Key":{"Id":"NUnit.Seed","Label":"Seed","Category":"","Description":"","Attributes":0,"ValueType":"System.String"},"Value":"2112466667"}]},"Attachments":[],"Outcome":1,"ErrorMessage":null,"ErrorStackTrace":null,"DisplayName":"ExistsByIdAsyncShouldReturnTrueIfExists","Messages":[],"ComputerName":"YANA-LAPTOP","Duration":"00:00:00.2437400","StartTime":"2024-04-10T14:40:18.6159172+00:00","EndTime":"2024-04-10T14:40:18.8596567+00:00","Properties":[{"Key":{"Id":"NUnit.Seed","Label":"Seed","Category":"","Description":"","Attributes":0,"ValueType":"System.String"},"Value":"2112466667"}]}],"TestRunStatistics":{"ExecutedTests":8,"Stats":{"Passed":8}},"ActiveTests":[{"Id":"5645a361-62ea-1e59-1852-27c70e7268ff","FullyQualifiedName":"CookTheWeek.Services.Tests.UnitTests.RecipeServiceTests.GetForDeleteByIdAsyncShouldReturnCorrectData","DisplayName":"GetForDeleteByIdAsyncShouldReturnCorrectData","ExecutorUri":"executor://NUnit3TestExecutor","Source":"D:\\CODING\\Softuni\\All Courses\\WEB\\CookTheWeek\\CookTheWeek.Services.Tests\\bin\\Debug\\net8.0\\fine-code-coverage\\build-output\\CookTheWeek.Services.Tests.dll","CodeFilePath":null,"LineNumber":0,"Properties":[{"Key":{"Id":"NUnit.Seed","Label":"Seed","Category":"","Description":"","Attributes":0,"ValueType":"System.String"},"Value":"1274343580"}]}]}}
TpTrace Verbose: 0 : 24612, 13, 2024/04/10, 17:40:19.126, 5950821584540, vstest.console.dll, TestRunRequest:SendTestRunStatsChange: Starting.
TpTrace Verbose: 0 : 24612, 13, 2024/04/10, 17:40:19.126, 5950821585397, vstest.console.dll, InProgress is GetForDeleteByIdAsyncShouldReturnCorrectData
TpTrace Verbose: 0 : 24612, 13, 2024/04/10, 17:40:19.126, 5950821586112, vstest.console.dll, MulticastDelegateUtilities.SafeInvoke: TestRun.RunStatsChanged: Invoking callbacks was skipped because there are no subscribers.
TpTrace Information: 0 : 24612, 13, 2024/04/10, 17:40:19.126, 5950821586551, vstest.console.dll, TestRunRequest:SendTestRunStatsChange: Completed.
TpTrace Verbose: 0 : 24612, 13, 2024/04/10, 17:40:19.126, 5950821587003, vstest.console.dll, MulticastDelegateUtilities.SafeInvoke: LengthPrefixCommunicationChannel: MessageReceived: Invoking callback 1/1 for Microsoft.VisualStudio.TestPlatform.CommunicationUtilities.TestRequestSender+<>c__DisplayClass34_0., took 2 ms.
TpTrace Verbose: 0 : 24612, 4, 2024/04/10, 17:40:19.126, 5950821586992, vstest.console.dll, MulticastDelegateUtilities.SafeInvoke: InternalTestLoggerEvents.SendTestResult: Invoking callback 1/1 for Microsoft.VisualStudio.TestPlatform.CommandLine.Internal.ConsoleLogger., took 0 ms.
TpTrace Verbose: 0 : 24612, 13, 2024/04/10, 17:40:19.126, 5950821587556, vstest.console.dll, TcpClientExtensions.MessageLoopAsync: Polling on remoteEndPoint: 127.0.0.1:62572 localEndPoint: 127.0.0.1:62571 after 492 ms
TpTrace Verbose: 0 : 24612, 4, 2024/04/10, 17:40:19.126, 5950821588532, vstest.console.dll, MulticastDelegateUtilities.SafeInvoke: InternalTestLoggerEvents.SendTestResult: Invoking callback 1/1 for Microsoft.VisualStudio.TestPlatform.CommandLine.Internal.ConsoleLogger., took 0 ms.
TpTrace Verbose: 0 : 24612, 4, 2024/04/10, 17:40:19.126, 5950821589615, vstest.console.dll, MulticastDelegateUtilities.SafeInvoke: InternalTestLoggerEvents.SendTestResult: Invoking callback 1/1 for Microsoft.VisualStudio.TestPlatform.CommandLine.Internal.ConsoleLogger., took 0 ms.
TpTrace Verbose: 0 : 24612, 4, 2024/04/10, 17:40:19.126, 5950821590330, vstest.console.dll, MulticastDelegateUtilities.SafeInvoke: InternalTestLoggerEvents.SendTestResult: Invoking callback 1/1 for Microsoft.VisualStudio.TestPlatform.CommandLine.Internal.ConsoleLogger., took 0 ms.
TpTrace Verbose: 0 : 24612, 4, 2024/04/10, 17:40:19.126, 5950821591010, vstest.console.dll, MulticastDelegateUtilities.SafeInvoke: InternalTestLoggerEvents.SendTestResult: Invoking callback 1/1 for Microsoft.VisualStudio.TestPlatform.CommandLine.Internal.ConsoleLogger., took 0 ms.
TpTrace Verbose: 0 : 24612, 13, 2024/04/10, 17:40:20.140, 5950831732154, vstest.console.dll, TcpClientExtensions.MessageLoopAsync: Polling on remoteEndPoint: 127.0.0.1:62572 localEndPoint: 127.0.0.1:62571 after 1014 ms
TpTrace Verbose: 0 : 24612, 13, 2024/04/10, 17:40:20.631, 5950836640255, vstest.console.dll, TcpClientExtensions.MessageLoopAsync: NotifyDataAvailable remoteEndPoint: 127.0.0.1:62572 localEndPoint: 127.0.0.1:62571
TpTrace Verbose: 0 : 24612, 13, 2024/04/10, 17:40:20.631, 5950836643174, vstest.console.dll, TestRequestSender.OnExecutionMessageReceived: Received message: {"Version":7,"MessageType":"TestExecution.StatsChange","Payload":{"NewTestResults":[{"TestCase":{"Id":"5645a361-62ea-1e59-1852-27c70e7268ff","FullyQualifiedName":"CookTheWeek.Services.Tests.UnitTests.RecipeServiceTests.GetForDeleteByIdAsyncShouldReturnCorrectData","DisplayName":"GetForDeleteByIdAsyncShouldReturnCorrectData","ExecutorUri":"executor://NUnit3TestExecutor","Source":"D:\\CODING\\Softuni\\All Courses\\WEB\\CookTheWeek\\CookTheWeek.Services.Tests\\bin\\Debug\\net8.0\\fine-code-coverage\\build-output\\CookTheWeek.Services.Tests.dll","CodeFilePath":null,"LineNumber":0,"Properties":[{"Key":{"Id":"NUnit.Seed","Label":"Seed","Category":"","Description":"","Attributes":0,"ValueType":"System.String"},"Value":"1274343580"}]},"Attachments":[],"Outcome":1,"ErrorMessage":null,"ErrorStackTrace":null,"DisplayName":"GetForDeleteByIdAsyncShouldReturnCorrectData","Messages":[],"ComputerName":"YANA-LAPTOP","Duration":"00:00:00.2793350","StartTime":"2024-04-10T14:40:18.8596897+00:00","EndTime":"2024-04-10T14:40:19.1390243+00:00","Properties":[{"Key":{"Id":"NUnit.Seed","Label":"Seed","Category":"","Description":"","Attributes":0,"ValueType":"System.String"},"Value":"1274343580"}]},{"TestCase":{"Id":"6f7f5a28-51c6-1901-5d58-963ee6bddf11","FullyQualifiedName":"CookTheWeek.Services.Tests.UnitTests.RecipeServiceTests.GetForEditByIdAsyncShouldReturnCorrectData","DisplayName":"GetForEditByIdAsyncShouldReturnCorrectData","ExecutorUri":"executor://NUnit3TestExecutor","Source":"D:\\CODING\\Softuni\\All Courses\\WEB\\CookTheWeek\\CookTheWeek.Services.Tests\\bin\\Debug\\net8.0\\fine-code-coverage\\build-output\\CookTheWeek.Services.Tests.dll","CodeFilePath":null,"LineNumber":0,"Properties":[{"Key":{"Id":"NUnit.Seed","Label":"Seed","Category":"","Description":"","Attributes":0,"ValueType":"System.String"},"Value":"1202076453"}]},"Attachments":[],"Outcome":1,"ErrorMessage":null,"ErrorStackTrace":null,"DisplayName":"GetForEditByIdAsyncShouldReturnCorrectData","Messages":[],"ComputerName":"YANA-LAPTOP","Duration":"00:00:00.2891430","StartTime":"2024-04-10T14:40:19.1390588+00:00","EndTime":"2024-04-10T14:40:19.4282015+00:00","Properties":[{"Key":{"Id":"NUnit.Seed","Label":"Seed","Category":"","Description":"","Attributes":0,"ValueType":"System.String"},"Value":"1202076453"}]},{"TestCase":{"Id":"d32413df-c47a-fa2c-473a-6d955669677a","FullyQualifiedName":"CookTheWeek.Services.Tests.UnitTests.RecipeServiceTests.MineCountAsyncShouldReturnCorrectCount","DisplayName":"MineCountAsyncShouldReturnCorrectCount","ExecutorUri":"executor://NUnit3TestExecutor","Source":"D:\\CODING\\Softuni\\All Courses\\WEB\\CookTheWeek\\CookTheWeek.Services.Tests\\bin\\Debug\\net8.0\\fine-code-coverage\\build-output\\CookTheWeek.Services.Tests.dll","CodeFilePath":null,"LineNumber":0,"Properties":[{"Key":{"Id":"NUnit.Seed","Label":"Seed","Category":"","Description":"","Attributes":0,"ValueType":"System.String"},"Value":"839872977"}]},"Attachments":[],"Outcome":1,"ErrorMessage":null,"ErrorStackTrace":null,"DisplayName":"MineCountAsyncShouldReturnCorrectCount","Messages":[],"ComputerName":"YANA-LAPTOP","Duration":"00:00:00.2500480","StartTime":"2024-04-10T14:40:19.4282377+00:00","EndTime":"2024-04-10T14:40:19.6782856+00:00","Properties":[{"Key":{"Id":"NUnit.Seed","Label":"Seed","Category":"","Description":"","Attributes":0,"ValueType":"System.String"},"Value":"839872977"}]},{"TestCase":{"Id":"88f47337-daa7-f2dd-7dfb-f0ad223c1eeb","FullyQualifiedName":"CookTheWeek.Services.Tests.UnitTests.UserTests.AllAsyncShouldReturnCorrectInfoAboutTheTwoSeededUsers","DisplayName":"AllAsyncShouldReturnCorrectInfoAboutTheTwoSeededUsers","ExecutorUri":"executor://NUnit3TestExecutor","Source":"D:\\CODING\\Softuni\\All Courses\\WEB\\CookTheWeek\\CookTheWeek.Services.Tests\\bin\\Debug\\net8.0\\fine-code-coverage\\build-output\\CookTheWeek.Services.Tests.dll","CodeFilePath":null,"LineNumber":0,"Properties":[{"Key":{"Id":"NUnit.Seed","Label":"Seed","Category":"","Description":"","Attributes":0,"ValueType":"System.String"},"Value":"2019141805"}]},"Attachments":[],"Outcome":1,"ErrorMessage":null,"ErrorStackTrace":null,"DisplayName":"AllAsyncShouldReturnCorrectInfoAboutTheTwoSeededUsers","Messages":[],"ComputerName":"YANA-LAPTOP","Duration":"00:00:00.2517690","StartTime":"2024-04-10T14:40:19.6846739+00:00","EndTime":"2024-04-10T14:40:19.9364429+00:00","Properties":[{"Key":{"Id":"NUnit.Seed","Label":"Seed","Category":"","Description":"","Attributes":0,"ValueType":"System.String"},"Value":"2019141805"}]},{"TestCase":{"Id":"beebba96-bf02-4430-8114-5e55b0fa5cbb","FullyQualifiedName":"CookTheWeek.Services.Tests.UnitTests.UserTests.AllUsersCountAsyncShouldReturnTwoIfUsersCountIsCorrect","DisplayName":"AllUsersCountAsyncShouldReturnTwoIfUsersCountIsCorrect","ExecutorUri":"executor://NUnit3TestExecutor","Source":"D:\\CODING\\Softuni\\All Courses\\WEB\\CookTheWeek\\CookTheWeek.Services.Tests\\bin\\Debug\\net8.0\\fine-code-coverage\\build-output\\CookTheWeek.Services.Tests.dll","CodeFilePath":null,"LineNumber":0,"Properties":[{"Key":{"Id":"NUnit.Seed","Label":"Seed","Category":"","Description":"","Attributes":0,"ValueType":"System.String"},"Value":"30909301"}]},"Attachments":[],"Outcome":1,"ErrorMessage":null,"ErrorStackTrace":null,"DisplayName":"AllUsersCountAsyncShouldReturnTwoIfUsersCountIsCorrect","Messages":[],"ComputerName":"YANA-LAPTOP","Duration":"00:00:00.2562490","StartTime":"2024-04-10T14:40:19.9364726+00:00","EndTime":"2024-04-10T14:40:20.1927208+00:00","Properties":[{"Key":{"Id":"NUnit.Seed","Label":"Seed","Category":"","Description":"","Attributes":0,"ValueType":"System.String"},"Value":"30909301"}]},{"TestCase":{"Id":"796d67c6-8416-2c4c-69c0-d2b58258611b","FullyQualifiedName":"CookTheWeek.Services.Tests.UnitTests.UserTests.UserExistsByIdAsyncShouldReturnFalseWhenUserDoesNotExists","DisplayName":"UserExistsByIdAsyncShouldReturnFalseWhenUserDoesNotExists","ExecutorUri":"executor://NUnit3TestExecutor","Source":"D:\\CODING\\Softuni\\All Courses\\WEB\\CookTheWeek\\CookTheWeek.Services.Tests\\bin\\Debug\\net8.0\\fine-code-coverage\\build-output\\CookTheWeek.Services.Tests.dll","CodeFilePath":null,"LineNumber":0,"Properties":[{"Key":{"Id":"NUnit.Seed","Label":"Seed","Category":"","Description":"","Attributes":0,"ValueType":"System.String"},"Value":"2060327870"}]},"Attachments":[],"Outcome":1,"ErrorMessage":null,"ErrorStackTrace":null,"DisplayName":"UserExistsByIdAsyncShouldReturnFalseWhenUserDoesNotExists","Messages":[],"ComputerName":"YANA-LAPTOP","Duration":"00:00:00.2433240","StartTime":"2024-04-10T14:40:20.1927503+00:00","EndTime":"2024-04-10T14:40:20.4360736+00:00","Properties":[{"Key":{"Id":"NUnit.Seed","Label":"Seed","Category":"","Description":"","Attributes":0,"ValueType":"System.String"},"Value":"2060327870"}]}],"TestRunStatistics":{"ExecutedTests":14,"Stats":{"Passed":14}},"ActiveTests":[{"Id":"adb04c3c-ee9d-8a3f-7b18-9211e47cb6e1","FullyQualifiedName":"CookTheWeek.Services.Tests.UnitTests.UserTests.UserExistsByIdAsyncShouldReturnTrueWhenUserExists","DisplayName":"UserExistsByIdAsyncShouldReturnTrueWhenUserExists","ExecutorUri":"executor://NUnit3TestExecutor","Source":"D:\\CODING\\Softuni\\All Courses\\WEB\\CookTheWeek\\CookTheWeek.Services.Tests\\bin\\Debug\\net8.0\\fine-code-coverage\\build-output\\CookTheWeek.Services.Tests.dll","CodeFilePath":null,"LineNumber":0,"Properties":[{"Key":{"Id":"NUnit.Seed","Label":"Seed","Category":"","Description":"","Attributes":0,"ValueType":"System.String"},"Value":"1777908736"}]}]}}
TpTrace Verbose: 0 : 24612, 13, 2024/04/10, 17:40:20.632, 5950836653433, vstest.console.dll, TestRunRequest:SendTestRunStatsChange: Starting.
TpTrace Verbose: 0 : 24612, 13, 2024/04/10, 17:40:20.633, 5950836654257, vstest.console.dll, InProgress is UserExistsByIdAsyncShouldReturnTrueWhenUserExists
TpTrace Verbose: 0 : 24612, 13, 2024/04/10, 17:40:20.633, 5950836654869, vstest.console.dll, MulticastDelegateUtilities.SafeInvoke: TestRun.RunStatsChanged: Invoking callbacks was skipped because there are no subscribers.
TpTrace Information: 0 : 24612, 13, 2024/04/10, 17:40:20.633, 5950836655277, vstest.console.dll, TestRunRequest:SendTestRunStatsChange: Completed.
TpTrace Verbose: 0 : 24612, 13, 2024/04/10, 17:40:20.633, 5950836655693, vstest.console.dll, MulticastDelegateUtilities.SafeInvoke: LengthPrefixCommunicationChannel: MessageReceived: Invoking callback 1/1 for Microsoft.VisualStudio.TestPlatform.CommunicationUtilities.TestRequestSender+<>c__DisplayClass34_0., took 1 ms.
TpTrace Verbose: 0 : 24612, 4, 2024/04/10, 17:40:20.633, 5950836655698, vstest.console.dll, MulticastDelegateUtilities.SafeInvoke: InternalTestLoggerEvents.SendTestResult: Invoking callback 1/1 for Microsoft.VisualStudio.TestPlatform.CommandLine.Internal.ConsoleLogger., took 0 ms.
TpTrace Verbose: 0 : 24612, 13, 2024/04/10, 17:40:20.633, 5950836656152, vstest.console.dll, TcpClientExtensions.MessageLoopAsync: Polling on remoteEndPoint: 127.0.0.1:62572 localEndPoint: 127.0.0.1:62571 after 492 ms
TpTrace Verbose: 0 : 24612, 4, 2024/04/10, 17:40:20.633, 5950836657046, vstest.console.dll, MulticastDelegateUtilities.SafeInvoke: InternalTestLoggerEvents.SendTestResult: Invoking callback 1/1 for Microsoft.VisualStudio.TestPlatform.CommandLine.Internal.ConsoleLogger., took 0 ms.
TpTrace Verbose: 0 : 24612, 4, 2024/04/10, 17:40:20.633, 5950836658075, vstest.console.dll, MulticastDelegateUtilities.SafeInvoke: InternalTestLoggerEvents.SendTestResult: Invoking callback 1/1 for Microsoft.VisualStudio.TestPlatform.CommandLine.Internal.ConsoleLogger., took 0 ms.
TpTrace Verbose: 0 : 24612, 4, 2024/04/10, 17:40:20.633, 5950836658769, vstest.console.dll, MulticastDelegateUtilities.SafeInvoke: InternalTestLoggerEvents.SendTestResult: Invoking callback 1/1 for Microsoft.VisualStudio.TestPlatform.CommandLine.Internal.ConsoleLogger., took 0 ms.
TpTrace Verbose: 0 : 24612, 4, 2024/04/10, 17:40:20.634, 5950836672612, vstest.console.dll, MulticastDelegateUtilities.SafeInvoke: InternalTestLoggerEvents.SendTestResult: Invoking callback 1/1 for Microsoft.VisualStudio.TestPlatform.CommandLine.Internal.ConsoleLogger., took 1 ms.
TpTrace Verbose: 0 : 24612, 4, 2024/04/10, 17:40:20.634, 5950836673518, vstest.console.dll, MulticastDelegateUtilities.SafeInvoke: InternalTestLoggerEvents.SendTestResult: Invoking callback 1/1 for Microsoft.VisualStudio.TestPlatform.CommandLine.Internal.ConsoleLogger., took 0 ms.
TpTrace Verbose: 0 : 24612, 13, 2024/04/10, 17:40:20.687, 5950837198734, vstest.console.dll, TcpClientExtensions.MessageLoopAsync: NotifyDataAvailable remoteEndPoint: 127.0.0.1:62572 localEndPoint: 127.0.0.1:62571
TpTrace Verbose: 0 : 24612, 13, 2024/04/10, 17:40:20.687, 5950837200044, vstest.console.dll, TestRequestSender.OnExecutionMessageReceived: Received message: {"Version":7,"MessageType":"TestSession.Message","Payload":{"MessageLevel":0,"Message":"NUnit Adapter 4.2.0.0: Test execution complete"}}
TpTrace Verbose: 0 : 24612, 13, 2024/04/10, 17:40:20.687, 5950837201117, vstest.console.dll, TestRunRequest:SendTestRunMessage: Starting.
TpTrace Verbose: 0 : 24612, 13, 2024/04/10, 17:40:20.687, 5950837201783, vstest.console.dll, MulticastDelegateUtilities.SafeInvoke: TestRun.LogMessages: Invoking callback 1/1 for Microsoft.VisualStudio.TestPlatform.CommandLine.TestRunResultAggregator., took 0 ms.
TpTrace Information: 0 : 24612, 13, 2024/04/10, 17:40:20.687, 5950837202198, vstest.console.dll, TestRunRequest:SendTestRunMessage: Completed.
TpTrace Verbose: 0 : 24612, 4, 2024/04/10, 17:40:20.687, 5950837202260, vstest.console.dll, MulticastDelegateUtilities.SafeInvoke: InternalTestLoggerEvents.SendTestRunMessage: Invoking callback 1/1 for Microsoft.VisualStudio.TestPlatform.CommandLine.Internal.ConsoleLogger., took 0 ms.
TpTrace Verbose: 0 : 24612, 13, 2024/04/10, 17:40:20.687, 5950837202662, vstest.console.dll, MulticastDelegateUtilities.SafeInvoke: LengthPrefixCommunicationChannel: MessageReceived: Invoking callback 1/1 for Microsoft.VisualStudio.TestPlatform.CommunicationUtilities.TestRequestSender+<>c__DisplayClass34_0., took 0 ms.
TpTrace Verbose: 0 : 24612, 13, 2024/04/10, 17:40:20.687, 5950837203838, vstest.console.dll, TcpClientExtensions.MessageLoopAsync: Polling on remoteEndPoint: 127.0.0.1:62572 localEndPoint: 127.0.0.1:62571 after 54 ms
TpTrace Verbose: 0 : 24612, 13, 2024/04/10, 17:40:20.707, 5950837402360, vstest.console.dll, TcpClientExtensions.MessageLoopAsync: NotifyDataAvailable remoteEndPoint: 127.0.0.1:62572 localEndPoint: 127.0.0.1:62571
TpTrace Verbose: 0 : 24612, 13, 2024/04/10, 17:40:20.707, 5950837403906, vstest.console.dll, TestRequestSender.OnExecutionMessageReceived: Received message: {"Version":7,"MessageType":"TestExecution.Completed","Payload":{"TestRunCompleteArgs":{"TestRunStatistics":{"ExecutedTests":15,"Stats":{"Passed":15}},"IsCanceled":false,"IsAborted":false,"Error":null,"AttachmentSets":[],"InvokedDataCollectors":[],"ElapsedTimeInRunningTests":"00:00:06.0663136","Metrics":{},"DiscoveredExtensions":{"TestDiscoverers":["NUnit.VisualStudio.TestAdapter.NUnit3TestDiscoverer, NUnit3.TestAdapter, Version=4.2.0.0, Culture=neutral, PublicKeyToken=4cb40d35494691ac"],"TestExecutors":["executor://NUnit3TestExecutor"],"TestExecutors2":[],"TestSettingsProviders":[]}},"LastRunTests":{"NewTestResults":[{"TestCase":{"Id":"adb04c3c-ee9d-8a3f-7b18-9211e47cb6e1","FullyQualifiedName":"CookTheWeek.Services.Tests.UnitTests.UserTests.UserExistsByIdAsyncShouldReturnTrueWhenUserExists","DisplayName":"UserExistsByIdAsyncShouldReturnTrueWhenUserExists","ExecutorUri":"executor://NUnit3TestExecutor","Source":"D:\\CODING\\Softuni\\All Courses\\WEB\\CookTheWeek\\CookTheWeek.Services.Tests\\bin\\Debug\\net8.0\\fine-code-coverage\\build-output\\CookTheWeek.Services.Tests.dll","CodeFilePath":null,"LineNumber":0,"Properties":[{"Key":{"Id":"NUnit.Seed","Label":"Seed","Category":"","Description":"","Attributes":0,"ValueType":"System.String"},"Value":"1777908736"}]},"Attachments":[],"Outcome":1,"ErrorMessage":null,"ErrorStackTrace":null,"DisplayName":"UserExistsByIdAsyncShouldReturnTrueWhenUserExists","Messages":[],"ComputerName":"YANA-LAPTOP","Duration":"00:00:00.2397040","StartTime":"2024-04-10T14:40:20.4361035+00:00","EndTime":"2024-04-10T14:40:20.6758075+00:00","Properties":[{"Key":{"Id":"NUnit.Seed","Label":"Seed","Category":"","Description":"","Attributes":0,"ValueType":"System.String"},"Value":"1777908736"}]}],"TestRunStatistics":{"ExecutedTests":15,"Stats":{"Passed":15}},"ActiveTests":[]},"RunAttachments":[],"ExecutorUris":["executor://nunit3testexecutor/"]}}
TpTrace Verbose: 0 : 24612, 13, 2024/04/10, 17:40:20.708, 5950837404919, vstest.console.dll, TestRequestSender.EndSession: Sending end session.
TpTrace Verbose: 0 : 24612, 13, 2024/04/10, 17:40:20.708, 5950837407523, vstest.console.dll, ProxyOperationManager.Close: waiting for test host to exit for 100 ms
TpTrace Verbose: 0 : 24612, 12, 2024/04/10, 17:40:20.734, 5950837671668, vstest.console.dll, TestHostManagerCallbacks.ctor: Experimental forwarding output is disabled.
TpTrace Warning: 0 : 24612, 12, 2024/04/10, 17:40:20.734, 5950837673566, vstest.console.dll, TestHostManagerCallbacks.ErrorReceivedCallback Test host standard error line: 
TpTrace Verbose: 0 : 24612, 12, 2024/04/10, 17:40:20.774, 5950838065818, vstest.console.dll, TestHostProvider.ExitCallBack: Host exited starting callback.
TpTrace Information: 0 : 24612, 12, 2024/04/10, 17:40:20.774, 5950838067309, vstest.console.dll, TestHostManagerCallbacks.ExitCallBack: Testhost processId: 12272 exited with exitcode: 0 error: ''
TpTrace Verbose: 0 : 24612, 12, 2024/04/10, 17:40:20.774, 5950838067822, vstest.console.dll, DotnetTestHostManager.OnHostExited: invoking OnHostExited callback
TpTrace Verbose: 0 : 24612, 12, 2024/04/10, 17:40:20.774, 5950838068659, vstest.console.dll, CrossPlatEngine.TestHostManagerHostExited: calling on client process exit callback.
TpTrace Information: 0 : 24612, 12, 2024/04/10, 17:40:20.774, 5950838069324, vstest.console.dll, TestRequestSender.OnClientProcessExit: Test host process exited. Standard error: 
TpTrace Information: 0 : 24612, 13, 2024/04/10, 17:40:20.774, 5950838069790, vstest.console.dll, SocketServer.Stop: Stop server endPoint: 127.0.0.1:62571
TpTrace Information: 0 : 24612, 12, 2024/04/10, 17:40:20.774, 5950838069887, vstest.console.dll, SocketServer.Stop: Stop server endPoint: 127.0.0.1:62571
TpTrace Information: 0 : 24612, 12, 2024/04/10, 17:40:20.774, 5950838070947, vstest.console.dll, SocketServer.Stop: Cancellation requested. Stopping message loop.
TpTrace Information: 0 : 24612, 13, 2024/04/10, 17:40:20.774, 5950838070458, vstest.console.dll, SocketServer.Stop: Cancellation requested. Stopping message loop.
TpTrace Information: 0 : 24612, 13, 2024/04/10, 17:40:20.774, 5950838072064, vstest.console.dll, Closing the connection
TpTrace Verbose: 0 : 24612, 12, 2024/04/10, 17:40:20.774, 5950838072082, vstest.console.dll, MulticastDelegateUtilities.SafeInvoke: HostProviderEvents.OnHostExited: Invoking callback 1/1 for Microsoft.VisualStudio.TestPlatform.CrossPlatEngine.Client.ProxyOperationManager., took 0 ms.
TpTrace Verbose: 0 : 24612, 13, 2024/04/10, 17:40:20.775, 5950838074626, vstest.console.dll, ProxyDataCollectionManager.InvokeDataCollectionServiceAction: Starting.
TpTrace Information: 0 : 24612, 13, 2024/04/10, 17:40:20.775, 5950838075232, vstest.console.dll, ProxyDataCollectionManager.AfterTestRunEnd: Get attachment set and invoked data collectors processId: 19820 port: 62568
TpTrace Verbose: 0 : 24612, 13, 2024/04/10, 17:40:20.775, 5950838075824, vstest.console.dll, DataCollectionRequestSender.SendAfterTestRunStartAndGetResult: Send AfterTestRunEnd message with isCancelled: False
TpTrace Verbose: 0 : 24612, 13, 2024/04/10, 17:40:20.781, 5950838143854, vstest.console.dll, DataCollectionRequestSender.SendAfterTestRunStartAndGetResult: Received message: (DataCollection.AfterTestRunEndResult) -> {"MessageType":"DataCollection.AfterTestRunEndResult","Payload":{"AttachmentSets":[],"InvokedDataCollectors":[{"Uri":"datacollector://Microsoft/TestPlatform/Extensions/Blame/v1","FriendlyName":"Blame","AssemblyQualifiedName":"Microsoft.TestPlatform.Extensions.BlameDataCollector.BlameCollector, Microsoft.TestPlatform.Extensions.BlameDataCollector, Version=15.0.0.0, Culture=neutral, PublicKeyToken=b03f5f7f11d50a3a","FilePath":"C:\\Program Files\\dotnet\\sdk\\8.0.204\\Extensions\\Microsoft.TestPlatform.Extensions.BlameDataCollector.dll","HasAttachmentProcessor":false}],"Metrics":{}}}
TpTrace Warning: 0 : 24612, 10, 2024/04/10, 17:40:20.796, 5950838288108, vstest.console.dll, DataCollectionLauncher.ErrorReceivedCallback datacollector standard error line: 
TpTrace Information: 0 : 24612, 13, 2024/04/10, 17:40:20.796, 5950838292492, vstest.console.dll, ProxyDataCollectionManager.InvokeDataCollectionServiceAction: Completed.
TpTrace Information: 0 : 24612, 10, 2024/04/10, 17:40:20.809, 5950838420060, vstest.console.dll, DataCollectionLauncher.ExitCallBack: Data collector exited with exitcode: 0 error: ''
TpTrace Verbose: 0 : 24612, 13, 2024/04/10, 17:40:20.836, 5950838693065, vstest.console.dll, TestRunRequest:SendTestRunStatsChange: Starting.
TpTrace Verbose: 0 : 24612, 13, 2024/04/10, 17:40:20.837, 5950838694143, vstest.console.dll, MulticastDelegateUtilities.SafeInvoke: TestRun.RunStatsChanged: Invoking callbacks was skipped because there are no subscribers.
TpTrace Information: 0 : 24612, 13, 2024/04/10, 17:40:20.837, 5950838694577, vstest.console.dll, TestRunRequest:SendTestRunStatsChange: Completed.
TpTrace Verbose: 0 : 24612, 4, 2024/04/10, 17:40:20.837, 5950838695040, vstest.console.dll, MulticastDelegateUtilities.SafeInvoke: InternalTestLoggerEvents.SendTestResult: Invoking callback 1/1 for Microsoft.VisualStudio.TestPlatform.CommandLine.Internal.ConsoleLogger., took 0 ms.
TpTrace Verbose: 0 : 24612, 13, 2024/04/10, 17:40:20.837, 5950838697910, vstest.console.dll, ParallelProxyExecutionManager: HandlePartialRunComplete: Total workloads = 1, Total started clients = 1 Total completed clients = 1, Run complete = True, Run canceled: False.
TpTrace Verbose: 0 : 24612, 13, 2024/04/10, 17:40:20.837, 5950838698412, vstest.console.dll, ParallelProxyExecutionManager: HandlePartialRunComplete: All runs completed stopping all managers.
TpTrace Verbose: 0 : 24612, 13, 2024/04/10, 17:40:20.837, 5950838698873, vstest.console.dll, ParallelOperationManager.StopAllManagers: Stopping all managers.
TpTrace Verbose: 0 : 24612, 13, 2024/04/10, 17:40:20.837, 5950838699292, vstest.console.dll, ParallelOperationManager.ClearSlots: Clearing all slots. Slots should accept more work: False
TpTrace Verbose: 0 : 24612, 13, 2024/04/10, 17:40:20.837, 5950838699851, vstest.console.dll, ParallelOperationManager.SetOccupiedSlotCount: Setting slot counts AvailableSlotCount = 1, OccupiedSlotCount = 0.
TpTrace Verbose: 0 : 24612, 13, 2024/04/10, 17:40:20.837, 5950838700509, vstest.console.dll, Occupied slots:

TpTrace Verbose: 0 : 24612, 4, 2024/04/10, 17:40:20.846, 5950838785878, vstest.console.dll, MulticastDelegateUtilities.SafeInvoke: InternalTestLoggerEvents.SendTestRunComplete: Invoking callback 1/2 for Microsoft.TestPlatform.Extensions.BlameDataCollector.BlameLogger., took 0 ms.
TpTrace Verbose: 0 : 24612, 4, 2024/04/10, 17:40:20.852, 5950838852274, vstest.console.dll, MulticastDelegateUtilities.SafeInvoke: InternalTestLoggerEvents.SendTestRunComplete: Invoking callback 2/2 for Microsoft.VisualStudio.TestPlatform.CommandLine.Internal.ConsoleLogger., took 6 ms.
TpTrace Verbose: 0 : 24612, 13, 2024/04/10, 17:40:20.853, 5950838855757, vstest.console.dll, TestRunRequest:TestRunComplete: Starting. IsAborted:False IsCanceled:False.
TpTrace Verbose: 0 : 24612, 13, 2024/04/10, 17:40:20.853, 5950838858297, vstest.console.dll, ParallelOperationManager.DoActionOnAllManagers: Calling an action on all managers.
TpTrace Verbose: 0 : 24612, 13, 2024/04/10, 17:40:20.854, 5950838869034, vstest.console.dll, TestLoggerManager.HandleTestRunComplete: Ignoring as the object is disposed.
TpTrace Verbose: 0 : 24612, 13, 2024/04/10, 17:40:20.854, 5950838871458, vstest.console.dll, MulticastDelegateUtilities.SafeInvoke: TestRun.TestRunComplete: Invoking callback 1/2 for Microsoft.VisualStudio.TestPlatform.CommandLine.TestRunResultAggregator., took 0 ms.
TpTrace Verbose: 0 : 24612, 13, 2024/04/10, 17:40:20.854, 5950838872812, vstest.console.dll, MulticastDelegateUtilities.SafeInvoke: TestRun.TestRunComplete: Invoking callback 2/2 for Microsoft.VisualStudio.TestPlatform.CommandLine.Processors.RunTestsArgumentExecutor+TestRunRequestEventsRegistrar., took 0 ms.
TpTrace Information: 0 : 24612, 13, 2024/04/10, 17:40:20.854, 5950838873970, vstest.console.dll, TestRunRequest:TestRunComplete: Completed.
TpTrace Verbose: 0 : 24612, 1, 2024/04/10, 17:40:20.855, 5950838874434, vstest.console.dll, TestRunRequest.Dispose: Starting.
TpTrace Verbose: 0 : 24612, 13, 2024/04/10, 17:40:20.855, 5950838874492, vstest.console.dll, TestRequestSender.SetOperationComplete: Setting operation complete.
TpTrace Information: 0 : 24612, 1, 2024/04/10, 17:40:20.855, 5950838875225, vstest.console.dll, TestRunRequest.Dispose: Completed.
TpTrace Information: 0 : 24612, 13, 2024/04/10, 17:40:20.855, 5950838875705, vstest.console.dll, SocketServer.Stop: Stop server endPoint: 127.0.0.1:62571
TpTrace Information: 0 : 24612, 1, 2024/04/10, 17:40:20.855, 5950838876317, vstest.console.dll, TestRequestManager.RunTests: run tests completed.
TpTrace Information: 0 : 24612, 13, 2024/04/10, 17:40:20.855, 5950838877023, vstest.console.dll, SocketServer.Stop: Cancellation requested. Stopping message loop.
TpTrace Information: 0 : 24612, 1, 2024/04/10, 17:40:20.855, 5950838877365, vstest.console.dll, RunTestsArgumentProcessor:Execute: Test run is completed.
TpTrace Verbose: 0 : 24612, 13, 2024/04/10, 17:40:20.855, 5950838878176, vstest.console.dll, MulticastDelegateUtilities.SafeInvoke: LengthPrefixCommunicationChannel: MessageReceived: Invoking callback 1/1 for Microsoft.VisualStudio.TestPlatform.CommunicationUtilities.TestRequestSender+<>c__DisplayClass34_0., took 147 ms.
TpTrace Information: 0 : 24612, 13, 2024/04/10, 17:40:20.855, 5950838878910, vstest.console.dll, SocketServer.PrivateStop: Stopping server endPoint: 127.0.0.1:62571 error: 
TpTrace Verbose: 0 : 24612, 1, 2024/04/10, 17:40:20.855, 5950838880038, vstest.console.dll, Executor.Execute: Exiting with exit code of 0
TpTrace Verbose: 0 : 24612, 13, 2024/04/10, 17:40:20.855, 5950838883885, vstest.console.dll, LengthPrefixCommunicationChannel.Dispose: Dispose reader and writer.
TpTrace Information: 0 : 24612, 13, 2024/04/10, 17:40:20.856, 5950838884756, vstest.console.dll, SocketServer.Stop: Raise disconnected event endPoint: 127.0.0.1:62571 error: 
